2021-10-24-10-33 [RMI TCP Connection(3)-127.0.0.1] [org.mybatis.spring.mapper.ClassPathMapperScanner] [DEBUG] - Ignored because not a concrete top-level class: file [D:\myFile\javaEE\nchkkjxy\out\artifacts\nchkkjxy_war_exploded\WEB-INF\classes\com\nhky\loginAndRegister\controller\LoginAndRegister.class]
2021-10-24-10-33 [RMI TCP Connection(3)-127.0.0.1] [org.mybatis.spring.mapper.ClassPathMapperScanner] [DEBUG] - Identified candidate component class: file [D:\myFile\javaEE\nchkkjxy\out\artifacts\nchkkjxy_war_exploded\WEB-INF\classes\com\nhky\loginAndRegister\dao\LoginAndRegisterDao.class]
2021-10-24-10-33 [RMI TCP Connection(3)-127.0.0.1] [org.mybatis.spring.mapper.ClassPathMapperScanner] [DEBUG] - Identified candidate component class: file [D:\myFile\javaEE\nchkkjxy\out\artifacts\nchkkjxy_war_exploded\WEB-INF\classes\com\nhky\loginAndRegister\service\LoginAndRegisterService.class]
2021-10-24-10-33 [RMI TCP Connection(3)-127.0.0.1] [org.mybatis.spring.mapper.ClassPathMapperScanner] [DEBUG] - Ignored because not a concrete top-level class: file [D:\myFile\javaEE\nchkkjxy\out\artifacts\nchkkjxy_war_exploded\WEB-INF\classes\com\nhky\loginAndRegister\service\serviceImpl\LoginAndRegisterImpl.class]
2021-10-24-10-33 [RMI TCP Connection(3)-127.0.0.1] [org.mybatis.spring.mapper.ClassPathMapperScanner] [DEBUG] - Ignored because not a concrete top-level class: file [D:\myFile\javaEE\nchkkjxy\out\artifacts\nchkkjxy_war_exploded\WEB-INF\classes\com\nhky\pojo\EasyUser.class]
2021-10-24-10-33 [RMI TCP Connection(3)-127.0.0.1] [org.mybatis.spring.mapper.ClassPathMapperScanner] [DEBUG] - Ignored because not a concrete top-level class: file [D:\myFile\javaEE\nchkkjxy\out\artifacts\nchkkjxy_war_exploded\WEB-INF\classes\com\nhky\utils\DateUtil.class]
2021-10-24-10-33 [RMI TCP Connection(3)-127.0.0.1] [org.mybatis.spring.mapper.ClassPathMapperScanner] [DEBUG] - Ignored because not a concrete top-level class: file [D:\myFile\javaEE\nchkkjxy\out\artifacts\nchkkjxy_war_exploded\WEB-INF\classes\com\nhky\utils\LogUtil.class]
2021-10-24-10-33 [RMI TCP Connection(3)-127.0.0.1] [org.mybatis.spring.mapper.ClassPathMapperScanner] [DEBUG] - Ignored because not a concrete top-level class: file [D:\myFile\javaEE\nchkkjxy\out\artifacts\nchkkjxy_war_exploded\WEB-INF\classes\com\nhky\utils\MD5.class]
2021-10-24-10-33 [RMI TCP Connection(3)-127.0.0.1] [org.mybatis.spring.mapper.ClassPathMapperScanner] [DEBUG] - Ignored because not a concrete top-level class: file [D:\myFile\javaEE\nchkkjxy\out\artifacts\nchkkjxy_war_exploded\WEB-INF\classes\com\nhky\utils\StringUtil.class]
2021-10-24-10-33 [RMI TCP Connection(3)-127.0.0.1] [org.mybatis.spring.mapper.ClassPathMapperScanner] [DEBUG] - Creating MapperFactoryBean with name 'loginAndRegisterDao' and 'com.nhky.loginAndRegister.dao.LoginAndRegisterDao' mapperInterface
2021-10-24-10-33 [RMI TCP Connection(3)-127.0.0.1] [org.mybatis.spring.mapper.ClassPathMapperScanner] [DEBUG] - Creating MapperFactoryBean with name 'loginAndRegisterService' and 'com.nhky.loginAndRegister.service.LoginAndRegisterService' mapperInterface
2021-10-24-10-33 [RMI TCP Connection(3)-127.0.0.1] [org.apache.ibatis.logging.LogFactory] [DEBUG] - Logging initialized using 'org.apache.ibatis.logging.slf4j.Slf4jImpl' adapter.
2021-10-24-10-33 [RMI TCP Connection(3)-127.0.0.1] [com.alibaba.druid.pool.DruidDataSource] [INFO] - {dataSource-1} inited
2021-10-24-10-33 [RMI TCP Connection(3)-127.0.0.1] [org.mybatis.spring.SqlSessionFactoryBean] [DEBUG] - Parsed configuration file: 'class path resource [mybatis.xml]'
2021-10-24-10-33 [RMI TCP Connection(3)-127.0.0.1] [org.mybatis.spring.SqlSessionFactoryBean] [DEBUG] - Property 'mapperLocations' was not specified or no matching resources found
2021-10-24-10-36 [http-nio-8080-exec-7] [org.mybatis.spring.SqlSessionUtils] [DEBUG] - Creating a new SqlSession
2021-10-24-10-36 [http-nio-8080-exec-7] [org.mybatis.spring.SqlSessionUtils] [DEBUG] - SqlSession [org.apache.ibatis.session.defaults.DefaultSqlSession@60989fc4] was not registered for synchronization because synchronization is not active
2021-10-24-10-36 [http-nio-8080-exec-7] [org.mybatis.spring.transaction.SpringManagedTransaction] [DEBUG] - JDBC Connection [com.mysql.jdbc.JDBC4Connection@3f741369] will not be managed by Spring
2021-10-24-10-36 [http-nio-8080-exec-7] [com.nhky.loginAndRegister.dao.LoginAndRegisterDao.hasID] [DEBUG] - ooo Using Connection [com.mysql.jdbc.JDBC4Connection@3f741369]
2021-10-24-10-36 [http-nio-8080-exec-7] [com.nhky.loginAndRegister.dao.LoginAndRegisterDao.hasID] [DEBUG] - ==>  Preparing: select count(id) from ic_main_easy_user where easy_id = ? 
2021-10-24-10-36 [http-nio-8080-exec-7] [com.nhky.loginAndRegister.dao.LoginAndRegisterDao.hasID] [DEBUG] - ==> Parameters: xjh(String)
2021-10-24-10-36 [http-nio-8080-exec-7] [org.mybatis.spring.SqlSessionUtils] [DEBUG] - Closing non transactional SqlSession [org.apache.ibatis.session.defaults.DefaultSqlSession@60989fc4]
2021-10-24-10-36 [http-nio-8080-exec-7] [org.mybatis.spring.SqlSessionUtils] [DEBUG] - Creating a new SqlSession
2021-10-24-10-36 [http-nio-8080-exec-7] [org.mybatis.spring.SqlSessionUtils] [DEBUG] - SqlSession [org.apache.ibatis.session.defaults.DefaultSqlSession@64c792ff] was not registered for synchronization because synchronization is not active
2021-10-24-10-36 [http-nio-8080-exec-7] [org.mybatis.spring.transaction.SpringManagedTransaction] [DEBUG] - JDBC Connection [com.mysql.jdbc.JDBC4Connection@3f741369] will not be managed by Spring
2021-10-24-10-36 [http-nio-8080-exec-7] [com.nhky.loginAndRegister.dao.LoginAndRegisterDao.getLoginUserById] [DEBUG] - ooo Using Connection [com.mysql.jdbc.JDBC4Connection@3f741369]
2021-10-24-10-36 [http-nio-8080-exec-7] [com.nhky.loginAndRegister.dao.LoginAndRegisterDao.getLoginUserById] [DEBUG] - ==>  Preparing: select id,easy_id,`password`,`indentify` from ic_main_easy_user where easy_id = ? 
2021-10-24-10-36 [http-nio-8080-exec-7] [com.nhky.loginAndRegister.dao.LoginAndRegisterDao.getLoginUserById] [DEBUG] - ==> Parameters: xjh(String)
2021-10-24-10-36 [http-nio-8080-exec-7] [org.mybatis.spring.SqlSessionUtils] [DEBUG] - Closing non transactional SqlSession [org.apache.ibatis.session.defaults.DefaultSqlSession@64c792ff]
2021-10-24-10-38 [http-nio-8080-exec-10] [org.mybatis.spring.SqlSessionUtils] [DEBUG] - Creating a new SqlSession
2021-10-24-10-38 [http-nio-8080-exec-10] [org.mybatis.spring.SqlSessionUtils] [DEBUG] - SqlSession [org.apache.ibatis.session.defaults.DefaultSqlSession@5054946f] was not registered for synchronization because synchronization is not active
2021-10-24-10-38 [http-nio-8080-exec-10] [org.mybatis.spring.transaction.SpringManagedTransaction] [DEBUG] - JDBC Connection [com.mysql.jdbc.JDBC4Connection@3f741369] will not be managed by Spring
2021-10-24-10-38 [http-nio-8080-exec-10] [com.nhky.loginAndRegister.dao.LoginAndRegisterDao.hasID] [DEBUG] - ooo Using Connection [com.mysql.jdbc.JDBC4Connection@3f741369]
2021-10-24-10-38 [http-nio-8080-exec-10] [com.nhky.loginAndRegister.dao.LoginAndRegisterDao.hasID] [DEBUG] - ==>  Preparing: select count(id) from ic_main_easy_user where easy_id = ? 
2021-10-24-10-38 [http-nio-8080-exec-10] [com.nhky.loginAndRegister.dao.LoginAndRegisterDao.hasID] [DEBUG] - ==> Parameters: xjh(String)
2021-10-24-10-38 [http-nio-8080-exec-10] [org.mybatis.spring.SqlSessionUtils] [DEBUG] - Closing non transactional SqlSession [org.apache.ibatis.session.defaults.DefaultSqlSession@5054946f]
2021-10-24-10-38 [http-nio-8080-exec-10] [org.mybatis.spring.SqlSessionUtils] [DEBUG] - Creating a new SqlSession
2021-10-24-10-38 [http-nio-8080-exec-10] [org.mybatis.spring.SqlSessionUtils] [DEBUG] - SqlSession [org.apache.ibatis.session.defaults.DefaultSqlSession@32809335] was not registered for synchronization because synchronization is not active
2021-10-24-10-38 [http-nio-8080-exec-10] [org.mybatis.spring.transaction.SpringManagedTransaction] [DEBUG] - JDBC Connection [com.mysql.jdbc.JDBC4Connection@3f741369] will not be managed by Spring
2021-10-24-10-38 [http-nio-8080-exec-10] [com.nhky.loginAndRegister.dao.LoginAndRegisterDao.getLoginUserById] [DEBUG] - ooo Using Connection [com.mysql.jdbc.JDBC4Connection@3f741369]
2021-10-24-10-38 [http-nio-8080-exec-10] [com.nhky.loginAndRegister.dao.LoginAndRegisterDao.getLoginUserById] [DEBUG] - ==>  Preparing: select id,easy_id,`password`,`indentify` from ic_main_easy_user where easy_id = ? 
2021-10-24-10-38 [http-nio-8080-exec-10] [com.nhky.loginAndRegister.dao.LoginAndRegisterDao.getLoginUserById] [DEBUG] - ==> Parameters: xjh(String)
2021-10-24-10-38 [http-nio-8080-exec-10] [org.mybatis.spring.SqlSessionUtils] [DEBUG] - Closing non transactional SqlSession [org.apache.ibatis.session.defaults.DefaultSqlSession@32809335]
2021-10-24-10-39 [http-nio-8080-exec-5] [org.mybatis.spring.SqlSessionUtils] [DEBUG] - Creating a new SqlSession
2021-10-24-10-39 [http-nio-8080-exec-5] [org.mybatis.spring.SqlSessionUtils] [DEBUG] - SqlSession [org.apache.ibatis.session.defaults.DefaultSqlSession@5fbb407e] was not registered for synchronization because synchronization is not active
2021-10-24-10-39 [http-nio-8080-exec-5] [org.mybatis.spring.transaction.SpringManagedTransaction] [DEBUG] - JDBC Connection [com.mysql.jdbc.JDBC4Connection@3f741369] will not be managed by Spring
2021-10-24-10-39 [http-nio-8080-exec-5] [com.nhky.loginAndRegister.dao.LoginAndRegisterDao.hasID] [DEBUG] - ooo Using Connection [com.mysql.jdbc.JDBC4Connection@3f741369]
2021-10-24-10-39 [http-nio-8080-exec-5] [com.nhky.loginAndRegister.dao.LoginAndRegisterDao.hasID] [DEBUG] - ==>  Preparing: select count(id) from ic_main_easy_user where easy_id = ? 
2021-10-24-10-39 [http-nio-8080-exec-5] [com.nhky.loginAndRegister.dao.LoginAndRegisterDao.hasID] [DEBUG] - ==> Parameters: xjh(String)
2021-10-24-10-39 [http-nio-8080-exec-5] [org.mybatis.spring.SqlSessionUtils] [DEBUG] - Closing non transactional SqlSession [org.apache.ibatis.session.defaults.DefaultSqlSession@5fbb407e]
2021-10-24-10-39 [http-nio-8080-exec-5] [org.mybatis.spring.SqlSessionUtils] [DEBUG] - Creating a new SqlSession
2021-10-24-10-39 [http-nio-8080-exec-5] [org.mybatis.spring.SqlSessionUtils] [DEBUG] - SqlSession [org.apache.ibatis.session.defaults.DefaultSqlSession@4955d2d7] was not registered for synchronization because synchronization is not active
2021-10-24-10-39 [http-nio-8080-exec-5] [org.mybatis.spring.transaction.SpringManagedTransaction] [DEBUG] - JDBC Connection [com.mysql.jdbc.JDBC4Connection@3f741369] will not be managed by Spring
2021-10-24-10-39 [http-nio-8080-exec-5] [com.nhky.loginAndRegister.dao.LoginAndRegisterDao.getLoginUserById] [DEBUG] - ooo Using Connection [com.mysql.jdbc.JDBC4Connection@3f741369]
2021-10-24-10-39 [http-nio-8080-exec-5] [com.nhky.loginAndRegister.dao.LoginAndRegisterDao.getLoginUserById] [DEBUG] - ==>  Preparing: select id,easy_id,`password`,`indentify` from ic_main_easy_user where easy_id = ? 
2021-10-24-10-39 [http-nio-8080-exec-5] [com.nhky.loginAndRegister.dao.LoginAndRegisterDao.getLoginUserById] [DEBUG] - ==> Parameters: xjh(String)
2021-10-24-10-39 [http-nio-8080-exec-5] [org.mybatis.spring.SqlSessionUtils] [DEBUG] - Closing non transactional SqlSession [org.apache.ibatis.session.defaults.DefaultSqlSession@4955d2d7]
2021-10-24-10-40 [http-nio-8080-exec-10] [org.mybatis.spring.SqlSessionUtils] [DEBUG] - Creating a new SqlSession
2021-10-24-10-40 [http-nio-8080-exec-10] [org.mybatis.spring.SqlSessionUtils] [DEBUG] - SqlSession [org.apache.ibatis.session.defaults.DefaultSqlSession@3f1c0ff9] was not registered for synchronization because synchronization is not active
2021-10-24-10-40 [http-nio-8080-exec-10] [org.mybatis.spring.transaction.SpringManagedTransaction] [DEBUG] - JDBC Connection [com.mysql.jdbc.JDBC4Connection@3f741369] will not be managed by Spring
2021-10-24-10-40 [http-nio-8080-exec-10] [com.nhky.loginAndRegister.dao.LoginAndRegisterDao.hasID] [DEBUG] - ooo Using Connection [com.mysql.jdbc.JDBC4Connection@3f741369]
2021-10-24-10-40 [http-nio-8080-exec-10] [com.nhky.loginAndRegister.dao.LoginAndRegisterDao.hasID] [DEBUG] - ==>  Preparing: select count(id) from ic_main_easy_user where easy_id = ? 
2021-10-24-10-40 [http-nio-8080-exec-10] [com.nhky.loginAndRegister.dao.LoginAndRegisterDao.hasID] [DEBUG] - ==> Parameters: xjh(String)
2021-10-24-10-40 [http-nio-8080-exec-10] [org.mybatis.spring.SqlSessionUtils] [DEBUG] - Closing non transactional SqlSession [org.apache.ibatis.session.defaults.DefaultSqlSession@3f1c0ff9]
2021-10-24-10-40 [http-nio-8080-exec-10] [org.mybatis.spring.SqlSessionUtils] [DEBUG] - Creating a new SqlSession
2021-10-24-10-40 [http-nio-8080-exec-10] [org.mybatis.spring.SqlSessionUtils] [DEBUG] - SqlSession [org.apache.ibatis.session.defaults.DefaultSqlSession@4760d12a] was not registered for synchronization because synchronization is not active
2021-10-24-10-40 [http-nio-8080-exec-10] [org.mybatis.spring.transaction.SpringManagedTransaction] [DEBUG] - JDBC Connection [com.mysql.jdbc.JDBC4Connection@3f741369] will not be managed by Spring
2021-10-24-10-40 [http-nio-8080-exec-10] [com.nhky.loginAndRegister.dao.LoginAndRegisterDao.getLoginUserById] [DEBUG] - ooo Using Connection [com.mysql.jdbc.JDBC4Connection@3f741369]
2021-10-24-10-40 [http-nio-8080-exec-10] [com.nhky.loginAndRegister.dao.LoginAndRegisterDao.getLoginUserById] [DEBUG] - ==>  Preparing: select id,easy_id,`password`,`indentify` from ic_main_easy_user where easy_id = ? 
2021-10-24-10-40 [http-nio-8080-exec-10] [com.nhky.loginAndRegister.dao.LoginAndRegisterDao.getLoginUserById] [DEBUG] - ==> Parameters: xjh(String)
2021-10-24-10-40 [http-nio-8080-exec-10] [org.mybatis.spring.SqlSessionUtils] [DEBUG] - Closing non transactional SqlSession [org.apache.ibatis.session.defaults.DefaultSqlSession@4760d12a]
2021-10-24-10-54 [main] [com.alibaba.druid.pool.DruidDataSource] [INFO] - {dataSource-1} closed
2021-10-24-10-59 [RMI TCP Connection(3)-127.0.0.1] [org.mybatis.spring.mapper.ClassPathMapperScanner] [DEBUG] - Ignored because not a concrete top-level class: file [D:\myFile\javaEE\nchkkjxy\out\artifacts\nchkkjxy_war_exploded\WEB-INF\classes\com\nhky\loginAndRegister\controller\LoginAndRegister.class]
2021-10-24-10-59 [RMI TCP Connection(3)-127.0.0.1] [org.mybatis.spring.mapper.ClassPathMapperScanner] [DEBUG] - Identified candidate component class: file [D:\myFile\javaEE\nchkkjxy\out\artifacts\nchkkjxy_war_exploded\WEB-INF\classes\com\nhky\loginAndRegister\dao\LoginAndRegisterDao.class]
2021-10-24-10-59 [RMI TCP Connection(3)-127.0.0.1] [org.mybatis.spring.mapper.ClassPathMapperScanner] [DEBUG] - Identified candidate component class: file [D:\myFile\javaEE\nchkkjxy\out\artifacts\nchkkjxy_war_exploded\WEB-INF\classes\com\nhky\loginAndRegister\service\LoginAndRegisterService.class]
2021-10-24-10-59 [RMI TCP Connection(3)-127.0.0.1] [org.mybatis.spring.mapper.ClassPathMapperScanner] [DEBUG] - Ignored because not a concrete top-level class: file [D:\myFile\javaEE\nchkkjxy\out\artifacts\nchkkjxy_war_exploded\WEB-INF\classes\com\nhky\loginAndRegister\service\serviceImpl\LoginAndRegisterImpl.class]
2021-10-24-10-59 [RMI TCP Connection(3)-127.0.0.1] [org.mybatis.spring.mapper.ClassPathMapperScanner] [DEBUG] - Ignored because not a concrete top-level class: file [D:\myFile\javaEE\nchkkjxy\out\artifacts\nchkkjxy_war_exploded\WEB-INF\classes\com\nhky\pojo\EasyUser.class]
2021-10-24-10-59 [RMI TCP Connection(3)-127.0.0.1] [org.mybatis.spring.mapper.ClassPathMapperScanner] [DEBUG] - Ignored because not a concrete top-level class: file [D:\myFile\javaEE\nchkkjxy\out\artifacts\nchkkjxy_war_exploded\WEB-INF\classes\com\nhky\utils\DateUtil.class]
2021-10-24-10-59 [RMI TCP Connection(3)-127.0.0.1] [org.mybatis.spring.mapper.ClassPathMapperScanner] [DEBUG] - Ignored because not a concrete top-level class: file [D:\myFile\javaEE\nchkkjxy\out\artifacts\nchkkjxy_war_exploded\WEB-INF\classes\com\nhky\utils\LogUtil.class]
2021-10-24-10-59 [RMI TCP Connection(3)-127.0.0.1] [org.mybatis.spring.mapper.ClassPathMapperScanner] [DEBUG] - Ignored because not a concrete top-level class: file [D:\myFile\javaEE\nchkkjxy\out\artifacts\nchkkjxy_war_exploded\WEB-INF\classes\com\nhky\utils\MD5.class]
2021-10-24-10-59 [RMI TCP Connection(3)-127.0.0.1] [org.mybatis.spring.mapper.ClassPathMapperScanner] [DEBUG] - Ignored because not a concrete top-level class: file [D:\myFile\javaEE\nchkkjxy\out\artifacts\nchkkjxy_war_exploded\WEB-INF\classes\com\nhky\utils\StringUtil.class]
2021-10-24-10-59 [RMI TCP Connection(3)-127.0.0.1] [org.mybatis.spring.mapper.ClassPathMapperScanner] [DEBUG] - Creating MapperFactoryBean with name 'loginAndRegisterDao' and 'com.nhky.loginAndRegister.dao.LoginAndRegisterDao' mapperInterface
2021-10-24-10-59 [RMI TCP Connection(3)-127.0.0.1] [org.mybatis.spring.mapper.ClassPathMapperScanner] [DEBUG] - Creating MapperFactoryBean with name 'loginAndRegisterService' and 'com.nhky.loginAndRegister.service.LoginAndRegisterService' mapperInterface
2021-10-24-10-59 [RMI TCP Connection(3)-127.0.0.1] [org.apache.ibatis.logging.LogFactory] [DEBUG] - Logging initialized using 'org.apache.ibatis.logging.slf4j.Slf4jImpl' adapter.
2021-10-24-10-59 [RMI TCP Connection(3)-127.0.0.1] [com.alibaba.druid.pool.DruidDataSource] [INFO] - {dataSource-1} inited
2021-10-24-10-59 [RMI TCP Connection(3)-127.0.0.1] [org.mybatis.spring.SqlSessionFactoryBean] [DEBUG] - Parsed configuration file: 'class path resource [mybatis.xml]'
2021-10-24-10-59 [RMI TCP Connection(3)-127.0.0.1] [org.mybatis.spring.SqlSessionFactoryBean] [DEBUG] - Property 'mapperLocations' was not specified or no matching resources found
2021-10-24-11-25 [http-nio-8080-exec-8] [com.nhky.utils.LogUtil] [INFO] - -----INFO    去注册    [xjh-日志-2021年25月24日 11时10分45秒]
2021-10-24-12-02 [http-nio-8080-exec-5] [com.nhky.utils.LogUtil] [INFO] - -----INFO    去注册    [xjh-日志-2021年02月24日 12时10分32秒]
2021-10-24-12-08 [http-nio-8080-exec-9] [com.nhky.utils.LogUtil] [INFO] - -----INFO    去注册    [xjh-日志-2021年08月24日 12时10分19秒]
2021-10-24-12-08 [http-nio-8080-exec-4] [com.nhky.utils.LogUtil] [INFO] - -----INFO    去注册    [xjh-日志-2021年08月24日 12时10分45秒]
2021-10-24-12-15 [main] [com.alibaba.druid.pool.DruidDataSource] [INFO] - {dataSource-1} closed
2021-10-24-12-15 [RMI TCP Connection(3)-127.0.0.1] [org.mybatis.spring.mapper.ClassPathMapperScanner] [DEBUG] - Ignored because not a concrete top-level class: file [D:\myFile\javaEE\nchkkjxy\out\artifacts\nchkkjxy_war_exploded\WEB-INF\classes\com\nhky\loginAndRegister\controller\LoginAndRegister.class]
2021-10-24-12-15 [RMI TCP Connection(3)-127.0.0.1] [org.mybatis.spring.mapper.ClassPathMapperScanner] [DEBUG] - Identified candidate component class: file [D:\myFile\javaEE\nchkkjxy\out\artifacts\nchkkjxy_war_exploded\WEB-INF\classes\com\nhky\loginAndRegister\dao\LoginAndRegisterDao.class]
2021-10-24-12-15 [RMI TCP Connection(3)-127.0.0.1] [org.mybatis.spring.mapper.ClassPathMapperScanner] [DEBUG] - Identified candidate component class: file [D:\myFile\javaEE\nchkkjxy\out\artifacts\nchkkjxy_war_exploded\WEB-INF\classes\com\nhky\loginAndRegister\service\LoginAndRegisterService.class]
2021-10-24-12-15 [RMI TCP Connection(3)-127.0.0.1] [org.mybatis.spring.mapper.ClassPathMapperScanner] [DEBUG] - Ignored because not a concrete top-level class: file [D:\myFile\javaEE\nchkkjxy\out\artifacts\nchkkjxy_war_exploded\WEB-INF\classes\com\nhky\loginAndRegister\service\serviceImpl\LoginAndRegisterImpl.class]
2021-10-24-12-15 [RMI TCP Connection(3)-127.0.0.1] [org.mybatis.spring.mapper.ClassPathMapperScanner] [DEBUG] - Ignored because not a concrete top-level class: file [D:\myFile\javaEE\nchkkjxy\out\artifacts\nchkkjxy_war_exploded\WEB-INF\classes\com\nhky\pojo\EasyUser.class]
2021-10-24-12-15 [RMI TCP Connection(3)-127.0.0.1] [org.mybatis.spring.mapper.ClassPathMapperScanner] [DEBUG] - Ignored because not a concrete top-level class: file [D:\myFile\javaEE\nchkkjxy\out\artifacts\nchkkjxy_war_exploded\WEB-INF\classes\com\nhky\utils\DateUtil.class]
2021-10-24-12-15 [RMI TCP Connection(3)-127.0.0.1] [org.mybatis.spring.mapper.ClassPathMapperScanner] [DEBUG] - Ignored because not a concrete top-level class: file [D:\myFile\javaEE\nchkkjxy\out\artifacts\nchkkjxy_war_exploded\WEB-INF\classes\com\nhky\utils\LogUtil.class]
2021-10-24-12-15 [RMI TCP Connection(3)-127.0.0.1] [org.mybatis.spring.mapper.ClassPathMapperScanner] [DEBUG] - Ignored because not a concrete top-level class: file [D:\myFile\javaEE\nchkkjxy\out\artifacts\nchkkjxy_war_exploded\WEB-INF\classes\com\nhky\utils\MD5.class]
2021-10-24-12-15 [RMI TCP Connection(3)-127.0.0.1] [org.mybatis.spring.mapper.ClassPathMapperScanner] [DEBUG] - Ignored because not a concrete top-level class: file [D:\myFile\javaEE\nchkkjxy\out\artifacts\nchkkjxy_war_exploded\WEB-INF\classes\com\nhky\utils\StringUtil.class]
2021-10-24-12-15 [RMI TCP Connection(3)-127.0.0.1] [org.mybatis.spring.mapper.ClassPathMapperScanner] [DEBUG] - Creating MapperFactoryBean with name 'loginAndRegisterDao' and 'com.nhky.loginAndRegister.dao.LoginAndRegisterDao' mapperInterface
2021-10-24-12-15 [RMI TCP Connection(3)-127.0.0.1] [org.mybatis.spring.mapper.ClassPathMapperScanner] [DEBUG] - Creating MapperFactoryBean with name 'loginAndRegisterService' and 'com.nhky.loginAndRegister.service.LoginAndRegisterService' mapperInterface
2021-10-24-12-15 [RMI TCP Connection(3)-127.0.0.1] [org.apache.ibatis.logging.LogFactory] [DEBUG] - Logging initialized using 'org.apache.ibatis.logging.slf4j.Slf4jImpl' adapter.
2021-10-24-12-15 [RMI TCP Connection(3)-127.0.0.1] [com.alibaba.druid.pool.DruidDataSource] [INFO] - {dataSource-1} inited
2021-10-24-12-15 [RMI TCP Connection(3)-127.0.0.1] [org.mybatis.spring.SqlSessionFactoryBean] [DEBUG] - Parsed configuration file: 'class path resource [mybatis.xml]'
2021-10-24-12-15 [RMI TCP Connection(3)-127.0.0.1] [org.mybatis.spring.SqlSessionFactoryBean] [DEBUG] - Property 'mapperLocations' was not specified or no matching resources found
2021-10-24-12-16 [http-nio-8080-exec-9] [com.nhky.utils.LogUtil] [INFO] - -----INFO    去注册    [xjh-日志-2021年16月24日 12时10分14秒]
2021-10-24-12-17 [http-nio-8080-exec-3] [com.nhky.utils.LogUtil] [INFO] - -----INFO    去注册    [xjh-日志-2021年17月24日 12时10分46秒]
2021-10-24-12-18 [http-nio-8080-exec-6] [com.nhky.utils.LogUtil] [INFO] - -----INFO    去注册    [xjh-日志-2021年18月24日 12时10分48秒]
2021-10-24-12-21 [http-nio-8080-exec-9] [com.nhky.utils.LogUtil] [INFO] - -----INFO    去注册    [xjh-日志-2021年21月24日 12时10分14秒]
2021-10-24-12-21 [http-nio-8080-exec-10] [com.nhky.utils.LogUtil] [INFO] - -----INFO    去注册    [xjh-日志-2021年21月24日 12时10分16秒]
2021-10-24-12-21 [http-nio-8080-exec-3] [com.nhky.utils.LogUtil] [INFO] - -----INFO    去注册    [xjh-日志-2021年21月24日 12时10分47秒]
2021-10-24-12-22 [http-nio-8080-exec-6] [com.nhky.utils.LogUtil] [INFO] - -----INFO    去注册    [xjh-日志-2021年22月24日 12时10分12秒]
2021-10-24-12-22 [http-nio-8080-exec-9] [com.nhky.utils.LogUtil] [INFO] - -----INFO    去注册    [xjh-日志-2021年22月24日 12时10分32秒]
2021-10-24-12-23 [http-nio-8080-exec-1] [com.nhky.utils.LogUtil] [INFO] - -----INFO    去注册    [xjh-日志-2021年23月24日 12时10分03秒]
2021-10-24-12-23 [http-nio-8080-exec-3] [com.nhky.utils.LogUtil] [INFO] - -----INFO    去注册    [xjh-日志-2021年23月24日 12时10分19秒]
2021-10-24-12-24 [http-nio-8080-exec-6] [com.nhky.utils.LogUtil] [INFO] - -----INFO    去注册    [xjh-日志-2021年24月24日 12时10分09秒]
2021-10-24-12-24 [http-nio-8080-exec-8] [com.nhky.utils.LogUtil] [INFO] - -----INFO    去注册    [xjh-日志-2021年24月24日 12时10分27秒]
2021-10-24-12-24 [http-nio-8080-exec-9] [com.nhky.utils.LogUtil] [INFO] - -----INFO    去注册    [xjh-日志-2021年24月24日 12时10分39秒]
2021-10-24-12-26 [http-nio-8080-exec-1] [com.nhky.utils.LogUtil] [INFO] - -----INFO    去注册    [xjh-日志-2021年26月24日 12时10分15秒]
2021-10-24-12-26 [http-nio-8080-exec-3] [com.nhky.utils.LogUtil] [INFO] - -----INFO    去注册    [xjh-日志-2021年26月24日 12时10分31秒]
2021-10-24-12-26 [http-nio-8080-exec-5] [com.nhky.utils.LogUtil] [INFO] - -----INFO    去注册    [xjh-日志-2021年26月24日 12时10分43秒]
2021-10-24-12-26 [http-nio-8080-exec-6] [com.nhky.utils.LogUtil] [INFO] - -----INFO    去注册    [xjh-日志-2021年26月24日 12时10分55秒]
2021-10-24-12-57 [http-nio-8080-exec-9] [com.nhky.utils.LogUtil] [INFO] - -----INFO    去注册    [xjh-日志-2021年57月24日 12时10分38秒]
2021-10-24-12-58 [http-nio-8080-exec-1] [com.nhky.utils.LogUtil] [INFO] - -----INFO    去注册    [xjh-日志-2021年58月24日 12时10分23秒]
2021-10-24-12-58 [http-nio-8080-exec-5] [com.nhky.utils.LogUtil] [INFO] - -----INFO    去注册    [xjh-日志-2021年58月24日 12时10分56秒]
2021-10-24-12-58 [http-nio-8080-exec-6] [com.nhky.utils.LogUtil] [INFO] - -----INFO    去注册    [xjh-日志-2021年58月24日 12时10分59秒]
2021-10-24-12-59 [http-nio-8080-exec-7] [com.nhky.utils.LogUtil] [INFO] - -----INFO    去注册    [xjh-日志-2021年59月24日 12时10分17秒]
2021-10-24-12-59 [http-nio-8080-exec-9] [com.nhky.utils.LogUtil] [INFO] - -----INFO    去注册    [xjh-日志-2021年59月24日 12时10分20秒]
2021-10-24-12-59 [http-nio-8080-exec-1] [com.nhky.utils.LogUtil] [INFO] - -----INFO    去注册    [xjh-日志-2021年59月24日 12时10分47秒]
2021-10-24-12-59 [http-nio-8080-exec-3] [com.nhky.utils.LogUtil] [INFO] - -----INFO    去注册    [xjh-日志-2021年59月24日 12时10分48秒]
2021-10-24-12-59 [http-nio-8080-exec-4] [com.nhky.utils.LogUtil] [INFO] - -----INFO    去注册    [xjh-日志-2021年59月24日 12时10分48秒]
2021-10-24-12-59 [http-nio-8080-exec-5] [com.nhky.utils.LogUtil] [INFO] - -----INFO    去注册    [xjh-日志-2021年59月24日 12时10分48秒]
2021-10-24-13-00 [http-nio-8080-exec-7] [com.nhky.utils.LogUtil] [INFO] - -----INFO    去注册    [xjh-日志-2021年00月24日 13时10分12秒]
2021-10-24-13-02 [http-nio-8080-exec-2] [com.nhky.utils.LogUtil] [INFO] - -----INFO    去注册    [xjh-日志-2021年02月24日 13时10分20秒]
2021-10-24-13-03 [http-nio-8080-exec-4] [com.nhky.utils.LogUtil] [INFO] - -----INFO    去注册    [xjh-日志-2021年03月24日 13时10分08秒]
2021-10-24-13-04 [http-nio-8080-exec-8] [com.nhky.utils.LogUtil] [INFO] - -----INFO    去注册    [xjh-日志-2021年04月24日 13时10分10秒]
2021-10-24-13-04 [http-nio-8080-exec-10] [com.nhky.utils.LogUtil] [INFO] - -----INFO    去注册    [xjh-日志-2021年04月24日 13时10分39秒]
2021-10-24-13-04 [http-nio-8080-exec-2] [com.nhky.utils.LogUtil] [INFO] - -----INFO    去注册    [xjh-日志-2021年04月24日 13时10分56秒]
2021-10-24-13-05 [http-nio-8080-exec-3] [com.nhky.utils.LogUtil] [INFO] - -----INFO    去注册    [xjh-日志-2021年05月24日 13时10分11秒]
2021-10-24-13-06 [http-nio-8080-exec-5] [com.nhky.utils.LogUtil] [INFO] - -----INFO    去注册    [xjh-日志-2021年06月24日 13时10分22秒]
2021-10-24-13-07 [http-nio-8080-exec-7] [com.nhky.utils.LogUtil] [INFO] - -----INFO    去注册    [xjh-日志-2021年07月24日 13时10分05秒]
2021-10-24-13-08 [http-nio-8080-exec-1] [com.nhky.utils.LogUtil] [INFO] - -----INFO    去注册    [xjh-日志-2021年08月24日 13时10分18秒]
2021-10-24-13-09 [http-nio-8080-exec-4] [com.nhky.utils.LogUtil] [INFO] - -----INFO    去注册    [xjh-日志-2021年09月24日 13时10分19秒]
2021-10-24-13-09 [http-nio-8080-exec-5] [com.nhky.utils.LogUtil] [INFO] - -----INFO    去注册    [xjh-日志-2021年09月24日 13时10分21秒]
2021-10-24-13-09 [http-nio-8080-exec-9] [com.nhky.utils.LogUtil] [INFO] - -----INFO    去注册    [xjh-日志-2021年09月24日 13时10分36秒]
2021-10-24-13-09 [http-nio-8080-exec-8] [com.nhky.utils.LogUtil] [INFO] - -----INFO    去注册    [xjh-日志-2021年09月24日 13时10分39秒]
2021-10-24-13-09 [http-nio-8080-exec-2] [com.nhky.utils.LogUtil] [INFO] - -----INFO    去注册    [xjh-日志-2021年09月24日 13时10分51秒]
2021-10-24-13-09 [http-nio-8080-exec-10] [com.nhky.utils.LogUtil] [INFO] - -----INFO    去注册    [xjh-日志-2021年09月24日 13时10分53秒]
2021-10-24-13-09 [http-nio-8080-exec-1] [com.nhky.utils.LogUtil] [INFO] - -----INFO    去注册    [xjh-日志-2021年09月24日 13时10分53秒]
2021-10-24-13-09 [http-nio-8080-exec-3] [com.nhky.utils.LogUtil] [INFO] - -----INFO    去注册    [xjh-日志-2021年09月24日 13时10分53秒]
2021-10-24-13-09 [http-nio-8080-exec-6] [com.nhky.utils.LogUtil] [INFO] - -----INFO    去注册    [xjh-日志-2021年09月24日 13时10分54秒]
2021-10-24-13-10 [http-nio-8080-exec-9] [com.nhky.utils.LogUtil] [INFO] - -----INFO    去注册    [xjh-日志-2021年10月24日 13时10分52秒]
2021-10-24-13-11 [http-nio-8080-exec-8] [com.nhky.utils.LogUtil] [INFO] - -----INFO    去注册    [xjh-日志-2021年11月24日 13时10分05秒]
2021-10-24-13-11 [http-nio-8080-exec-7] [com.nhky.utils.LogUtil] [INFO] - -----INFO    去注册    [xjh-日志-2021年11月24日 13时10分07秒]
2021-10-24-13-11 [http-nio-8080-exec-2] [com.nhky.utils.LogUtil] [INFO] - -----INFO    去注册    [xjh-日志-2021年11月24日 13时10分07秒]
2021-10-24-13-11 [http-nio-8080-exec-10] [com.nhky.utils.LogUtil] [INFO] - -----INFO    去注册    [xjh-日志-2021年11月24日 13时10分07秒]
2021-10-24-13-11 [http-nio-8080-exec-1] [com.nhky.utils.LogUtil] [INFO] - -----INFO    去注册    [xjh-日志-2021年11月24日 13时10分08秒]
2021-10-24-13-11 [http-nio-8080-exec-6] [com.nhky.utils.LogUtil] [INFO] - -----INFO    去注册    [xjh-日志-2021年11月24日 13时10分24秒]
2021-10-24-13-11 [http-nio-8080-exec-4] [com.nhky.utils.LogUtil] [INFO] - -----INFO    去注册    [xjh-日志-2021年11月24日 13时10分40秒]
2021-10-24-13-12 [http-nio-8080-exec-8] [com.nhky.utils.LogUtil] [INFO] - -----INFO    去注册    [xjh-日志-2021年12月24日 13时10分16秒]
2021-10-24-13-12 [http-nio-8080-exec-7] [com.nhky.utils.LogUtil] [INFO] - -----INFO    去注册    [xjh-日志-2021年12月24日 13时10分18秒]
2021-10-24-13-12 [http-nio-8080-exec-2] [com.nhky.utils.LogUtil] [INFO] - -----INFO    去注册    [xjh-日志-2021年12月24日 13时10分27秒]
2021-10-24-13-12 [http-nio-8080-exec-10] [com.nhky.utils.LogUtil] [INFO] - -----INFO    去注册    [xjh-日志-2021年12月24日 13时10分28秒]
2021-10-24-13-12 [http-nio-8080-exec-1] [com.nhky.utils.LogUtil] [INFO] - -----INFO    去注册    [xjh-日志-2021年12月24日 13时10分28秒]
2021-10-24-13-12 [http-nio-8080-exec-3] [com.nhky.utils.LogUtil] [INFO] - -----INFO    去注册    [xjh-日志-2021年12月24日 13时10分28秒]
2021-10-24-13-13 [http-nio-8080-exec-5] [com.nhky.utils.LogUtil] [INFO] - -----INFO    去注册    [xjh-日志-2021年13月24日 13时10分09秒]
2021-10-24-13-13 [http-nio-8080-exec-9] [com.nhky.utils.LogUtil] [INFO] - -----INFO    去注册    [xjh-日志-2021年13月24日 13时10分11秒]
2021-10-24-13-13 [http-nio-8080-exec-8] [com.nhky.utils.LogUtil] [INFO] - -----INFO    去注册    [xjh-日志-2021年13月24日 13时10分11秒]
2021-10-24-13-13 [http-nio-8080-exec-7] [com.nhky.utils.LogUtil] [INFO] - -----INFO    去注册    [xjh-日志-2021年13月24日 13时10分11秒]
2021-10-24-13-13 [http-nio-8080-exec-2] [com.nhky.utils.LogUtil] [INFO] - -----INFO    去注册    [xjh-日志-2021年13月24日 13时10分12秒]
2021-10-24-13-13 [http-nio-8080-exec-3] [com.nhky.utils.LogUtil] [INFO] - -----INFO    去注册    [xjh-日志-2021年13月24日 13时10分33秒]
2021-10-24-13-13 [http-nio-8080-exec-6] [com.nhky.utils.LogUtil] [INFO] - -----INFO    去注册    [xjh-日志-2021年13月24日 13时10分35秒]
2021-10-24-13-13 [http-nio-8080-exec-4] [com.nhky.utils.LogUtil] [INFO] - -----INFO    去注册    [xjh-日志-2021年13月24日 13时10分35秒]
2021-10-24-13-13 [http-nio-8080-exec-5] [com.nhky.utils.LogUtil] [INFO] - -----INFO    去注册    [xjh-日志-2021年13月24日 13时10分35秒]
2021-10-24-13-13 [http-nio-8080-exec-9] [com.nhky.utils.LogUtil] [INFO] - -----INFO    去注册    [xjh-日志-2021年13月24日 13时10分42秒]
2021-10-24-13-13 [http-nio-8080-exec-8] [com.nhky.utils.LogUtil] [INFO] - -----INFO    去注册    [xjh-日志-2021年13月24日 13时10分42秒]
2021-10-24-13-13 [http-nio-8080-exec-7] [com.nhky.utils.LogUtil] [INFO] - -----INFO    去注册    [xjh-日志-2021年13月24日 13时10分42秒]
2021-10-24-13-13 [http-nio-8080-exec-2] [com.nhky.utils.LogUtil] [INFO] - -----INFO    去注册    [xjh-日志-2021年13月24日 13时10分43秒]
2021-10-24-13-13 [http-nio-8080-exec-10] [com.nhky.utils.LogUtil] [INFO] - -----INFO    去注册    [xjh-日志-2021年13月24日 13时10分43秒]
2021-10-24-13-13 [http-nio-8080-exec-1] [com.nhky.utils.LogUtil] [INFO] - -----INFO    去注册    [xjh-日志-2021年13月24日 13时10分43秒]
2021-10-24-13-13 [http-nio-8080-exec-3] [com.nhky.utils.LogUtil] [INFO] - -----INFO    去注册    [xjh-日志-2021年13月24日 13时10分43秒]
2021-10-24-13-13 [http-nio-8080-exec-6] [com.nhky.utils.LogUtil] [INFO] - -----INFO    去注册    [xjh-日志-2021年13月24日 13时10分44秒]
2021-10-24-13-13 [http-nio-8080-exec-4] [com.nhky.utils.LogUtil] [INFO] - -----INFO    去注册    [xjh-日志-2021年13月24日 13时10分44秒]
2021-10-24-13-13 [http-nio-8080-exec-5] [com.nhky.utils.LogUtil] [INFO] - -----INFO    去注册    [xjh-日志-2021年13月24日 13时10分44秒]
2021-10-24-13-14 [http-nio-8080-exec-7] [com.nhky.utils.LogUtil] [INFO] - -----INFO    去注册    [xjh-日志-2021年14月24日 13时10分54秒]
2021-10-24-13-15 [http-nio-8080-exec-2] [com.nhky.utils.LogUtil] [INFO] - -----INFO    去注册    [xjh-日志-2021年15月24日 13时10分12秒]
2021-10-24-13-15 [http-nio-8080-exec-1] [com.nhky.utils.LogUtil] [INFO] - -----INFO    去注册    [xjh-日志-2021年15月24日 13时10分25秒]
2021-10-24-13-15 [http-nio-8080-exec-3] [com.nhky.utils.LogUtil] [INFO] - -----INFO    去注册    [xjh-日志-2021年15月24日 13时10分45秒]
2021-10-24-13-15 [http-nio-8080-exec-4] [com.nhky.utils.LogUtil] [INFO] - -----INFO    去注册    [xjh-日志-2021年15月24日 13时10分46秒]
2021-10-24-13-17 [http-nio-8080-exec-8] [com.nhky.utils.LogUtil] [INFO] - -----INFO    去注册    [xjh-日志-2021年17月24日 13时10分45秒]
2021-10-24-13-18 [http-nio-8080-exec-10] [com.nhky.utils.LogUtil] [INFO] - -----INFO    去注册    [xjh-日志-2021年18月24日 13时10分15秒]
2021-10-24-13-18 [http-nio-8080-exec-1] [com.nhky.utils.LogUtil] [INFO] - -----INFO    去注册    [xjh-日志-2021年18月24日 13时10分23秒]
2021-10-24-13-18 [http-nio-8080-exec-3] [com.nhky.utils.LogUtil] [INFO] - -----INFO    去注册    [xjh-日志-2021年18月24日 13时10分28秒]
2021-10-24-13-18 [http-nio-8080-exec-4] [com.nhky.utils.LogUtil] [INFO] - -----INFO    去注册    [xjh-日志-2021年18月24日 13时10分43秒]
2021-10-24-13-19 [http-nio-8080-exec-8] [com.nhky.utils.LogUtil] [INFO] - -----INFO    去注册    [xjh-日志-2021年19月24日 13时10分08秒]
2021-10-24-13-19 [http-nio-8080-exec-2] [com.nhky.utils.LogUtil] [INFO] - -----INFO    去注册    [xjh-日志-2021年19月24日 13时10分09秒]
2021-10-24-13-19 [http-nio-8080-exec-7] [com.nhky.utils.LogUtil] [INFO] - -----INFO    去注册    [xjh-日志-2021年19月24日 13时10分09秒]
2021-10-24-13-19 [http-nio-8080-exec-10] [com.nhky.utils.LogUtil] [INFO] - -----INFO    去注册    [xjh-日志-2021年19月24日 13时10分10秒]
2021-10-24-13-19 [http-nio-8080-exec-6] [com.nhky.utils.LogUtil] [INFO] - -----INFO    去注册    [xjh-日志-2021年19月24日 13时10分39秒]
2021-10-24-13-19 [http-nio-8080-exec-4] [com.nhky.utils.LogUtil] [INFO] - -----INFO    去注册    [xjh-日志-2021年19月24日 13时10分40秒]
2021-10-24-13-19 [http-nio-8080-exec-9] [com.nhky.utils.LogUtil] [INFO] - -----INFO    去注册    [xjh-日志-2021年19月24日 13时10分40秒]
2021-10-24-13-19 [http-nio-8080-exec-5] [com.nhky.utils.LogUtil] [INFO] - -----INFO    去注册    [xjh-日志-2021年19月24日 13时10分40秒]
2021-10-24-13-19 [http-nio-8080-exec-8] [com.nhky.utils.LogUtil] [INFO] - -----INFO    去注册    [xjh-日志-2021年19月24日 13时10分49秒]
2021-10-24-13-19 [http-nio-8080-exec-2] [com.nhky.utils.LogUtil] [INFO] - -----INFO    去注册    [xjh-日志-2021年19月24日 13时10分50秒]
2021-10-24-13-19 [http-nio-8080-exec-7] [com.nhky.utils.LogUtil] [INFO] - -----INFO    去注册    [xjh-日志-2021年19月24日 13时10分50秒]
2021-10-24-13-19 [http-nio-8080-exec-10] [com.nhky.utils.LogUtil] [INFO] - -----INFO    去注册    [xjh-日志-2021年19月24日 13时10分50秒]
2021-10-24-13-20 [http-nio-8080-exec-3] [com.nhky.utils.LogUtil] [INFO] - -----INFO    去注册    [xjh-日志-2021年20月24日 13时10分00秒]
2021-10-24-13-20 [http-nio-8080-exec-6] [com.nhky.utils.LogUtil] [INFO] - -----INFO    去注册    [xjh-日志-2021年20月24日 13时10分03秒]
2021-10-24-13-20 [http-nio-8080-exec-5] [com.nhky.utils.LogUtil] [INFO] - -----INFO    去注册    [xjh-日志-2021年20月24日 13时10分50秒]
2021-10-24-13-21 [http-nio-8080-exec-7] [com.nhky.utils.LogUtil] [INFO] - -----INFO    去注册    [xjh-日志-2021年21月24日 13时10分12秒]
2021-10-24-13-21 [http-nio-8080-exec-3] [com.nhky.utils.LogUtil] [INFO] - -----INFO    去注册    [xjh-日志-2021年21月24日 13时10分52秒]
2021-10-24-13-24 [http-nio-8080-exec-9] [com.nhky.utils.LogUtil] [INFO] - -----INFO    去注册    [xjh-日志-2021年24月24日 13时10分38秒]
2021-10-24-13-25 [http-nio-8080-exec-2] [com.nhky.utils.LogUtil] [INFO] - -----INFO    去注册    [xjh-日志-2021年25月24日 13时10分07秒]
2021-10-24-13-25 [http-nio-8080-exec-7] [com.nhky.utils.LogUtil] [INFO] - -----INFO    去注册    [xjh-日志-2021年25月24日 13时10分20秒]
2021-10-24-13-25 [http-nio-8080-exec-3] [com.nhky.utils.LogUtil] [INFO] - -----INFO    去注册    [xjh-日志-2021年25月24日 13时10分52秒]
2021-10-24-13-26 [http-nio-8080-exec-6] [com.nhky.utils.LogUtil] [INFO] - -----INFO    去注册    [xjh-日志-2021年26月24日 13时10分10秒]
2021-10-24-13-26 [http-nio-8080-exec-9] [com.nhky.utils.LogUtil] [INFO] - -----INFO    去注册    [xjh-日志-2021年26月24日 13时10分22秒]
2021-10-24-13-26 [http-nio-8080-exec-8] [com.nhky.utils.LogUtil] [INFO] - -----INFO    去注册    [xjh-日志-2021年26月24日 13时10分38秒]
2021-10-24-13-27 [http-nio-8080-exec-7] [com.nhky.utils.LogUtil] [INFO] - -----INFO    去注册    [xjh-日志-2021年27月24日 13时10分52秒]
2021-10-24-13-28 [http-nio-8080-exec-3] [com.nhky.utils.LogUtil] [INFO] - -----INFO    去注册    [xjh-日志-2021年28月24日 13时10分48秒]
2021-10-24-13-28 [http-nio-8080-exec-6] [com.nhky.utils.LogUtil] [INFO] - -----INFO    去注册    [xjh-日志-2021年28月24日 13时10分56秒]
2021-10-24-13-31 [http-nio-8080-exec-8] [com.nhky.utils.LogUtil] [INFO] - -----INFO    去注册    [xjh-日志-2021年31月24日 13时10分41秒]
2021-10-24-13-32 [http-nio-8080-exec-7] [com.nhky.utils.LogUtil] [INFO] - -----INFO    去注册    [xjh-日志-2021年32月24日 13时10分25秒]
2021-10-24-13-35 [http-nio-8080-exec-3] [com.nhky.utils.LogUtil] [INFO] - -----INFO    去注册    [xjh-日志-2021年35月24日 13时10分13秒]
2021-10-24-13-35 [http-nio-8080-exec-9] [com.nhky.utils.LogUtil] [INFO] - -----INFO    去注册    [xjh-日志-2021年35月24日 13时10分36秒]
2021-10-24-13-39 [http-nio-8080-exec-5] [com.nhky.utils.LogUtil] [INFO] - -----INFO    去注册    [xjh-日志-2021年39月24日 13时10分00秒]
2021-10-24-13-41 [http-nio-8080-exec-1] [com.nhky.utils.LogUtil] [INFO] - -----INFO    去注册    [xjh-日志-2021年41月24日 13时10分43秒]
2021-10-24-13-41 [http-nio-8080-exec-3] [com.nhky.utils.LogUtil] [INFO] - -----INFO    去注册    [xjh-日志-2021年41月24日 13时10分46秒]
2021-10-24-13-42 [http-nio-8080-exec-9] [com.nhky.utils.LogUtil] [INFO] - -----INFO    去注册    [xjh-日志-2021年42月24日 13时10分51秒]
2021-10-24-13-42 [http-nio-8080-exec-2] [com.nhky.utils.LogUtil] [INFO] - -----INFO    去注册    [xjh-日志-2021年42月24日 13时10分54秒]
2021-10-24-13-43 [http-nio-8080-exec-8] [com.nhky.utils.LogUtil] [INFO] - -----INFO    去注册    [xjh-日志-2021年43月24日 13时10分09秒]
2021-10-24-13-43 [http-nio-8080-exec-7] [com.nhky.utils.LogUtil] [INFO] - -----INFO    去注册    [xjh-日志-2021年43月24日 13时10分20秒]
2021-10-24-13-43 [http-nio-8080-exec-10] [com.nhky.utils.LogUtil] [INFO] - -----INFO    去注册    [xjh-日志-2021年43月24日 13时10分37秒]
2021-10-24-13-43 [http-nio-8080-exec-3] [com.nhky.utils.LogUtil] [INFO] - -----INFO    去注册    [xjh-日志-2021年43月24日 13时10分51秒]
2021-10-24-13-44 [http-nio-8080-exec-4] [com.nhky.utils.LogUtil] [INFO] - -----INFO    去注册    [xjh-日志-2021年44月24日 13时10分08秒]
2021-10-24-13-44 [http-nio-8080-exec-2] [com.nhky.utils.LogUtil] [INFO] - -----INFO    去注册    [xjh-日志-2021年44月24日 13时10分43秒]
2021-10-24-13-44 [http-nio-8080-exec-8] [com.nhky.utils.LogUtil] [INFO] - -----INFO    去注册    [xjh-日志-2021年44月24日 13时10分55秒]
2021-10-24-13-45 [http-nio-8080-exec-10] [com.nhky.utils.LogUtil] [INFO] - -----INFO    去注册    [xjh-日志-2021年45月24日 13时10分32秒]
2021-10-24-13-45 [http-nio-8080-exec-4] [com.nhky.utils.LogUtil] [INFO] - -----INFO    去注册    [xjh-日志-2021年45月24日 13时10分59秒]
2021-10-24-13-46 [http-nio-8080-exec-2] [com.nhky.utils.LogUtil] [INFO] - -----INFO    去注册    [xjh-日志-2021年46月24日 13时10分59秒]
2021-10-24-13-49 [http-nio-8080-exec-7] [com.nhky.utils.LogUtil] [INFO] - -----INFO    去注册    [xjh-日志-2021年49月24日 13时10分05秒]
2021-10-24-13-49 [http-nio-8080-exec-3] [com.nhky.utils.LogUtil] [INFO] - -----INFO    去注册    [xjh-日志-2021年49月24日 13时10分29秒]
2021-10-24-13-49 [http-nio-8080-exec-4] [com.nhky.utils.LogUtil] [INFO] - -----INFO    去注册    [xjh-日志-2021年49月24日 13时10分30秒]
2021-10-24-13-49 [http-nio-8080-exec-9] [com.nhky.utils.LogUtil] [INFO] - -----INFO    去注册    [xjh-日志-2021年49月24日 13时10分50秒]
2021-10-24-13-49 [http-nio-8080-exec-2] [com.nhky.utils.LogUtil] [INFO] - -----INFO    去注册    [xjh-日志-2021年49月24日 13时10分58秒]
2021-10-24-13-51 [http-nio-8080-exec-7] [com.nhky.utils.LogUtil] [INFO] - -----INFO    去注册    [xjh-日志-2021年51月24日 13时10分03秒]
2021-10-24-13-51 [http-nio-8080-exec-1] [com.nhky.utils.LogUtil] [INFO] - -----INFO    去注册    [xjh-日志-2021年51月24日 13时10分18秒]
2021-10-24-13-51 [http-nio-8080-exec-3] [com.nhky.utils.LogUtil] [INFO] - -----INFO    去注册    [xjh-日志-2021年51月24日 13时10分31秒]
2021-10-24-13-51 [http-nio-8080-exec-4] [com.nhky.utils.LogUtil] [INFO] - -----INFO    去注册    [xjh-日志-2021年51月24日 13时10分33秒]
2021-10-24-13-51 [http-nio-8080-exec-6] [com.nhky.utils.LogUtil] [INFO] - -----INFO    去注册    [xjh-日志-2021年51月24日 13时10分49秒]
2021-10-24-14-03 [http-nio-8080-exec-5] [com.nhky.utils.LogUtil] [INFO] - -----INFO    去注册    [xjh-日志-2021年03月24日 14时10分50秒]
2021-10-24-14-04 [http-nio-8080-exec-10] [com.nhky.utils.LogUtil] [INFO] - -----INFO    去注册    [xjh-日志-2021年04月24日 14时10分17秒]
2021-10-24-14-05 [http-nio-8080-exec-9] [com.nhky.utils.LogUtil] [INFO] - -----INFO    去注册    [xjh-日志-2021年05月24日 14时10分18秒]
2021-10-24-14-05 [http-nio-8080-exec-1] [com.nhky.utils.LogUtil] [INFO] - -----INFO    去注册    [xjh-日志-2021年05月24日 14时10分52秒]
2021-10-24-14-07 [http-nio-8080-exec-6] [com.nhky.utils.LogUtil] [INFO] - -----INFO    去注册    [xjh-日志-2021年07月24日 14时10分06秒]
2021-10-24-14-07 [http-nio-8080-exec-5] [com.nhky.utils.LogUtil] [INFO] - -----INFO    去注册    [xjh-日志-2021年07月24日 14时10分48秒]
2021-10-24-14-07 [http-nio-8080-exec-1] [com.nhky.utils.LogUtil] [INFO] - -----INFO    去注册    [xjh-日志-2021年07月24日 14时10分58秒]
2021-10-24-14-08 [http-nio-8080-exec-6] [com.nhky.utils.LogUtil] [INFO] - -----INFO    去注册    [xjh-日志-2021年08月24日 14时10分19秒]
2021-10-24-14-08 [http-nio-8080-exec-5] [com.nhky.utils.LogUtil] [INFO] - -----INFO    去注册    [xjh-日志-2021年08月24日 14时10分56秒]
2021-10-24-14-11 [http-nio-8080-exec-10] [com.nhky.utils.LogUtil] [INFO] - -----INFO    去注册    [xjh-日志-2021年11月24日 14时10分07秒]
2021-10-24-14-11 [http-nio-8080-exec-6] [com.nhky.utils.LogUtil] [INFO] - -----INFO    去注册    [xjh-日志-2021年11月24日 14时10分26秒]
2021-10-24-14-12 [http-nio-8080-exec-5] [com.nhky.utils.LogUtil] [INFO] - -----INFO    去注册    [xjh-日志-2021年12月24日 14时10分10秒]
2021-10-24-14-12 [http-nio-8080-exec-10] [com.nhky.utils.LogUtil] [INFO] - -----INFO    去注册    [xjh-日志-2021年12月24日 14时10分35秒]
2021-10-24-14-12 [http-nio-8080-exec-6] [com.nhky.utils.LogUtil] [INFO] - -----INFO    去注册    [xjh-日志-2021年12月24日 14时10分44秒]
2021-10-24-14-13 [http-nio-8080-exec-5] [com.nhky.utils.LogUtil] [INFO] - -----INFO    去注册    [xjh-日志-2021年13月24日 14时10分37秒]
2021-10-24-14-13 [http-nio-8080-exec-1] [com.nhky.utils.LogUtil] [INFO] - -----INFO    去注册    [xjh-日志-2021年13月24日 14时10分51秒]
2021-10-24-14-14 [http-nio-8080-exec-6] [com.nhky.utils.LogUtil] [INFO] - -----INFO    去注册    [xjh-日志-2021年14月24日 14时10分54秒]
2021-10-24-14-15 [http-nio-8080-exec-5] [com.nhky.utils.LogUtil] [INFO] - -----INFO    去注册    [xjh-日志-2021年15月24日 14时10分17秒]
2021-10-24-14-15 [http-nio-8080-exec-1] [com.nhky.utils.LogUtil] [INFO] - -----INFO    去注册    [xjh-日志-2021年15月24日 14时10分32秒]
2021-10-24-14-15 [http-nio-8080-exec-10] [com.nhky.utils.LogUtil] [INFO] - -----INFO    去注册    [xjh-日志-2021年15月24日 14时10分38秒]
2021-10-24-14-16 [http-nio-8080-exec-9] [com.nhky.utils.LogUtil] [INFO] - -----INFO    去注册    [xjh-日志-2021年16月24日 14时10分19秒]
2021-10-24-14-16 [http-nio-8080-exec-1] [com.nhky.utils.LogUtil] [INFO] - -----INFO    去注册    [xjh-日志-2021年16月24日 14时10分49秒]
2021-10-24-14-17 [http-nio-8080-exec-10] [com.nhky.utils.LogUtil] [INFO] - -----INFO    去注册    [xjh-日志-2021年17月24日 14时10分03秒]
2021-10-24-14-17 [http-nio-8080-exec-3] [com.nhky.utils.LogUtil] [INFO] - -----INFO    去注册    [xjh-日志-2021年17月24日 14时10分05秒]
2021-10-24-14-17 [http-nio-8080-exec-4] [com.nhky.utils.LogUtil] [INFO] - -----INFO    去注册    [xjh-日志-2021年17月24日 14时10分11秒]
2021-10-24-14-17 [http-nio-8080-exec-9] [com.nhky.utils.LogUtil] [INFO] - -----INFO    去注册    [xjh-日志-2021年17月24日 14时10分23秒]
2021-10-24-14-19 [http-nio-8080-exec-1] [com.nhky.utils.LogUtil] [INFO] - -----INFO    去注册    [xjh-日志-2021年19月24日 14时10分48秒]
2021-10-24-14-20 [http-nio-8080-exec-6] [com.nhky.utils.LogUtil] [INFO] - -----INFO    去注册    [xjh-日志-2021年20月24日 14时10分35秒]
2021-10-24-14-22 [http-nio-8080-exec-8] [com.nhky.utils.LogUtil] [INFO] - -----INFO    去注册    [xjh-日志-2021年22月24日 14时10分42秒]
2021-10-24-14-22 [http-nio-8080-exec-1] [com.nhky.utils.LogUtil] [INFO] - -----INFO    去注册    [xjh-日志-2021年22月24日 14时10分55秒]
2021-10-24-14-23 [http-nio-8080-exec-3] [com.nhky.utils.LogUtil] [INFO] - -----INFO    去注册    [xjh-日志-2021年23月24日 14时10分05秒]
2021-10-24-14-23 [http-nio-8080-exec-10] [com.nhky.utils.LogUtil] [INFO] - -----INFO    去注册    [xjh-日志-2021年23月24日 14时10分12秒]
2021-10-24-14-23 [http-nio-8080-exec-9] [com.nhky.utils.LogUtil] [INFO] - -----INFO    去注册    [xjh-日志-2021年23月24日 14时10分45秒]
2021-10-24-14-24 [http-nio-8080-exec-8] [com.nhky.utils.LogUtil] [INFO] - -----INFO    去注册    [xjh-日志-2021年24月24日 14时10分00秒]
2021-10-24-14-25 [http-nio-8080-exec-7] [com.nhky.utils.LogUtil] [INFO] - -----INFO    去注册    [xjh-日志-2021年25月24日 14时10分02秒]
2021-10-24-14-25 [http-nio-8080-exec-10] [com.nhky.utils.LogUtil] [INFO] - -----INFO    去注册    [xjh-日志-2021年25月24日 14时10分21秒]
2021-10-24-14-28 [http-nio-8080-exec-9] [com.nhky.utils.LogUtil] [INFO] - -----INFO    去注册    [xjh-日志-2021年28月24日 14时10分53秒]
2021-10-24-14-29 [http-nio-8080-exec-1] [com.nhky.utils.LogUtil] [INFO] - -----INFO    去注册    [xjh-日志-2021年29月24日 14时10分29秒]
2021-10-24-14-29 [http-nio-8080-exec-7] [com.nhky.utils.LogUtil] [INFO] - -----INFO    去注册    [xjh-日志-2021年29月24日 14时10分37秒]
2021-10-24-14-29 [http-nio-8080-exec-3] [com.nhky.utils.LogUtil] [INFO] - -----INFO    去注册    [xjh-日志-2021年29月24日 14时10分38秒]
2021-10-24-14-29 [http-nio-8080-exec-10] [com.nhky.utils.LogUtil] [INFO] - -----INFO    去注册    [xjh-日志-2021年29月24日 14时10分38秒]
2021-10-24-14-30 [http-nio-8080-exec-9] [com.nhky.utils.LogUtil] [INFO] - -----INFO    去注册    [xjh-日志-2021年30月24日 14时10分26秒]
2021-10-24-14-32 [http-nio-8080-exec-1] [com.nhky.utils.LogUtil] [INFO] - -----INFO    去注册    [xjh-日志-2021年32月24日 14时10分30秒]
2021-10-24-14-32 [http-nio-8080-exec-3] [com.nhky.utils.LogUtil] [INFO] - -----INFO    去注册    [xjh-日志-2021年32月24日 14时10分44秒]
2021-10-24-14-33 [http-nio-8080-exec-4] [com.nhky.utils.LogUtil] [INFO] - -----INFO    去注册    [xjh-日志-2021年33月24日 14时10分32秒]
2021-10-24-14-35 [http-nio-8080-exec-5] [com.nhky.utils.LogUtil] [INFO] - -----INFO    去注册    [xjh-日志-2021年35月24日 14时10分58秒]
2021-10-24-14-36 [http-nio-8080-exec-3] [com.nhky.utils.LogUtil] [INFO] - -----INFO    去注册    [xjh-日志-2021年36月24日 14时10分36秒]
2021-10-24-14-39 [http-nio-8080-exec-4] [com.nhky.utils.LogUtil] [INFO] - -----INFO    去注册    [xjh-日志-2021年39月24日 14时10分27秒]
2021-10-24-14-44 [http-nio-8080-exec-8] [com.nhky.utils.LogUtil] [INFO] - -----INFO    去注册    [xjh-日志-2021年44月24日 14时10分09秒]
2021-10-24-14-44 [http-nio-8080-exec-1] [com.nhky.utils.LogUtil] [INFO] - -----INFO    去注册    [xjh-日志-2021年44月24日 14时10分25秒]
2021-10-24-14-45 [http-nio-8080-exec-6] [com.nhky.utils.LogUtil] [INFO] - -----INFO    去注册    [xjh-日志-2021年45月24日 14时10分56秒]
2021-10-24-14-46 [http-nio-8080-exec-9] [com.nhky.utils.LogUtil] [INFO] - -----INFO    去注册    [xjh-日志-2021年46月24日 14时10分55秒]
2021-10-24-14-47 [http-nio-8080-exec-5] [com.nhky.utils.LogUtil] [INFO] - -----INFO    去注册    [xjh-日志-2021年47月24日 14时10分13秒]
2021-10-24-14-47 [http-nio-8080-exec-1] [com.nhky.utils.LogUtil] [INFO] - -----INFO    去注册    [xjh-日志-2021年47月24日 14时10分56秒]
2021-10-24-14-48 [http-nio-8080-exec-10] [com.nhky.utils.LogUtil] [INFO] - -----INFO    去注册    [xjh-日志-2021年48月24日 14时10分04秒]
2021-10-24-14-48 [http-nio-8080-exec-4] [com.nhky.utils.LogUtil] [INFO] - -----INFO    去注册    [xjh-日志-2021年48月24日 14时10分21秒]
2021-10-24-14-48 [http-nio-8080-exec-2] [com.nhky.utils.LogUtil] [INFO] - -----INFO    去注册    [xjh-日志-2021年48月24日 14时10分24秒]
2021-10-24-14-49 [http-nio-8080-exec-8] [com.nhky.utils.LogUtil] [INFO] - -----INFO    去注册    [xjh-日志-2021年49月24日 14时10分35秒]
2021-10-24-14-50 [http-nio-8080-exec-3] [com.nhky.utils.LogUtil] [INFO] - -----INFO    去注册    [xjh-日志-2021年50月24日 14时10分22秒]
2021-10-24-14-52 [http-nio-8080-exec-4] [com.nhky.utils.LogUtil] [INFO] - -----INFO    去注册    [xjh-日志-2021年52月24日 14时10分18秒]
2021-10-24-14-52 [http-nio-8080-exec-9] [com.nhky.utils.LogUtil] [INFO] - -----INFO    去注册    [xjh-日志-2021年52月24日 14时10分27秒]
2021-10-24-14-53 [http-nio-8080-exec-1] [com.nhky.utils.LogUtil] [INFO] - -----INFO    去注册    [xjh-日志-2021年53月24日 14时10分29秒]
2021-10-24-14-53 [http-nio-8080-exec-7] [com.nhky.utils.LogUtil] [INFO] - -----INFO    去注册    [xjh-日志-2021年53月24日 14时10分36秒]
2021-10-24-14-58 [http-nio-8080-exec-10] [com.nhky.utils.LogUtil] [INFO] - -----INFO    去注册    [xjh-日志-2021年58月24日 14时10分00秒]
2021-10-24-14-59 [http-nio-8080-exec-5] [com.nhky.utils.LogUtil] [INFO] - -----INFO    去注册    [xjh-日志-2021年59月24日 14时10分38秒]
2021-10-24-15-00 [http-nio-8080-exec-7] [com.nhky.utils.LogUtil] [INFO] - -----INFO    去注册    [xjh-日志-2021年00月24日 15时10分37秒]
2021-10-24-15-01 [http-nio-8080-exec-10] [com.nhky.utils.LogUtil] [INFO] - -----INFO    去注册    [xjh-日志-2021年01月24日 15时10分01秒]
2021-10-24-15-16 [http-nio-8080-exec-1] [com.nhky.utils.LogUtil] [INFO] - -----INFO    去注册    [xjh-日志-2021年16月24日 15时10分36秒]
2021-10-24-15-24 [http-nio-8080-exec-6] [com.nhky.utils.LogUtil] [INFO] - -----INFO    去注册    [xjh-日志-2021年24月24日 15时10分27秒]
2021-10-24-15-26 [http-nio-8080-exec-5] [com.nhky.utils.LogUtil] [INFO] - -----INFO    去注册    [xjh-日志-2021年26月24日 15时10分48秒]
2021-10-24-15-29 [http-nio-8080-exec-8] [com.nhky.utils.LogUtil] [INFO] - -----INFO    去注册    [xjh-日志-2021年29月24日 15时10分10秒]
2021-10-24-15-30 [http-nio-8080-exec-6] [com.nhky.utils.LogUtil] [INFO] - -----INFO    去注册    [xjh-日志-2021年30月24日 15时10分37秒]
2021-10-24-15-31 [http-nio-8080-exec-4] [com.nhky.utils.LogUtil] [INFO] - -----INFO    去注册    [xjh-日志-2021年31月24日 15时10分17秒]
2021-10-24-15-31 [http-nio-8080-exec-1] [com.nhky.utils.LogUtil] [INFO] - -----INFO    去注册    [xjh-日志-2021年31月24日 15时10分50秒]
2021-10-24-15-33 [http-nio-8080-exec-6] [com.nhky.utils.LogUtil] [INFO] - -----INFO    去注册    [xjh-日志-2021年33月24日 15时10分03秒]
2021-10-24-15-33 [http-nio-8080-exec-4] [com.nhky.utils.LogUtil] [INFO] - -----INFO    去注册    [xjh-日志-2021年33月24日 15时10分36秒]
2021-10-24-15-34 [http-nio-8080-exec-1] [com.nhky.utils.LogUtil] [INFO] - -----INFO    去注册    [xjh-日志-2021年34月24日 15时10分52秒]
2021-10-24-15-35 [http-nio-8080-exec-8] [com.nhky.utils.LogUtil] [INFO] - -----INFO    去注册    [xjh-日志-2021年35月24日 15时10分10秒]
2021-10-24-15-36 [http-nio-8080-exec-6] [com.nhky.utils.LogUtil] [INFO] - -----INFO    去注册    [xjh-日志-2021年36月24日 15时10分02秒]
2021-10-24-15-39 [http-nio-8080-exec-4] [com.nhky.utils.LogUtil] [INFO] - -----INFO    去注册    [xjh-日志-2021年39月24日 15时10分05秒]
2021-10-24-15-40 [http-nio-8080-exec-1] [com.nhky.utils.LogUtil] [INFO] - -----INFO    去注册    [xjh-日志-2021年40月24日 15时10分06秒]
2021-10-24-15-41 [http-nio-8080-exec-6] [com.nhky.utils.LogUtil] [INFO] - -----INFO    去注册    [xjh-日志-2021年41月24日 15时10分23秒]
2021-10-24-15-41 [http-nio-8080-exec-9] [com.nhky.utils.LogUtil] [INFO] - -----INFO    去注册    [xjh-日志-2021年41月24日 15时10分34秒]
2021-10-24-15-53 [http-nio-8080-exec-5] [com.nhky.utils.LogUtil] [INFO] - -----INFO    去注册    [xjh-日志-2021年53月24日 15时10分16秒]
2021-10-24-15-54 [http-nio-8080-exec-7] [com.nhky.utils.LogUtil] [INFO] - -----INFO    去注册    [xjh-日志-2021年54月24日 15时10分08秒]
2021-10-24-15-56 [http-nio-8080-exec-9] [com.nhky.utils.LogUtil] [INFO] - -----INFO    去注册    [xjh-日志-2021年56月24日 15时10分09秒]
2021-10-24-16-10 [http-nio-8080-exec-5] [com.nhky.utils.LogUtil] [INFO] - -----INFO    去注册    [xjh-日志-2021年10月24日 16时10分11秒]
2021-10-24-16-16 [http-nio-8080-exec-7] [com.nhky.utils.LogUtil] [INFO] - -----INFO    去注册    [xjh-日志-2021年16月24日 16时10分21秒]
2021-10-24-16-17 [http-nio-8080-exec-9] [com.nhky.utils.LogUtil] [INFO] - -----INFO    去注册    [xjh-日志-2021年17月24日 16时10分19秒]
2021-10-24-16-22 [http-nio-8080-exec-5] [com.nhky.utils.LogUtil] [INFO] - -----INFO    去注册    [xjh-日志-2021年22月24日 16时10分42秒]
2021-10-24-16-26 [http-nio-8080-exec-7] [com.nhky.utils.LogUtil] [INFO] - -----INFO    去注册    [xjh-日志-2021年26月24日 16时10分07秒]
2021-10-24-16-27 [http-nio-8080-exec-9] [com.nhky.utils.LogUtil] [INFO] - -----INFO    去注册    [xjh-日志-2021年27月24日 16时10分06秒]
2021-10-24-16-28 [http-nio-8080-exec-5] [com.nhky.utils.LogUtil] [INFO] - -----INFO    去注册    [xjh-日志-2021年28月24日 16时10分17秒]
2021-10-24-16-32 [http-nio-8080-exec-8] [com.nhky.utils.LogUtil] [INFO] - -----INFO    去注册    [xjh-日志-2021年32月24日 16时10分57秒]
2021-10-24-16-34 [http-nio-8080-exec-3] [com.nhky.utils.LogUtil] [INFO] - -----INFO    去注册    [xjh-日志-2021年34月24日 16时10分27秒]
2021-10-24-16-35 [http-nio-8080-exec-10] [com.nhky.utils.LogUtil] [INFO] - -----INFO    去注册    [xjh-日志-2021年35月24日 16时10分49秒]
2021-10-24-16-36 [http-nio-8080-exec-8] [com.nhky.utils.LogUtil] [INFO] - -----INFO    去注册    [xjh-日志-2021年36月24日 16时10分12秒]
2021-10-24-16-36 [http-nio-8080-exec-3] [com.nhky.utils.LogUtil] [INFO] - -----INFO    去注册    [xjh-日志-2021年36月24日 16时10分46秒]
2021-10-24-16-37 [http-nio-8080-exec-10] [com.nhky.utils.LogUtil] [INFO] - -----INFO    去注册    [xjh-日志-2021年37月24日 16时10分09秒]
2021-10-24-16-39 [http-nio-8080-exec-2] [com.nhky.utils.LogUtil] [INFO] - -----INFO    去注册    [xjh-日志-2021年39月24日 16时10分09秒]
2021-10-24-16-39 [http-nio-8080-exec-8] [com.nhky.utils.LogUtil] [INFO] - -----INFO    去注册    [xjh-日志-2021年39月24日 16时10分13秒]
2021-10-24-16-39 [http-nio-8080-exec-7] [com.nhky.utils.LogUtil] [INFO] - -----INFO    去注册    [xjh-日志-2021年39月24日 16时10分14秒]
2021-10-24-16-39 [http-nio-8080-exec-6] [com.nhky.utils.LogUtil] [INFO] - -----INFO    去注册    [xjh-日志-2021年39月24日 16时10分28秒]
2021-10-24-16-40 [http-nio-8080-exec-4] [com.nhky.utils.LogUtil] [INFO] - -----INFO    去注册    [xjh-日志-2021年40月24日 16时10分02秒]
2021-10-24-16-40 [http-nio-8080-exec-10] [com.nhky.utils.LogUtil] [INFO] - -----INFO    去注册    [xjh-日志-2021年40月24日 16时10分15秒]
2021-10-24-17-07 [http-nio-8080-exec-2] [com.nhky.utils.LogUtil] [INFO] - -----INFO    去注册    [xjh-日志-2021年07月24日 17时10分19秒]
2021-10-24-17-23 [http-nio-8080-exec-3] [com.nhky.utils.LogUtil] [INFO] - -----INFO    去注册    [xjh-日志-2021年23月24日 17时10分24秒]
2021-10-24-17-24 [main] [com.alibaba.druid.pool.DruidDataSource] [INFO] - {dataSource-1} closed
2021-10-24-17-25 [RMI TCP Connection(3)-127.0.0.1] [org.mybatis.spring.mapper.ClassPathMapperScanner] [DEBUG] - Ignored because not a concrete top-level class: file [D:\myFile\javaEE\nchkkjxy\out\artifacts\nchkkjxy_war_exploded\WEB-INF\classes\com\nhky\loginAndRegister\controller\LoginAndRegister.class]
2021-10-24-17-25 [RMI TCP Connection(3)-127.0.0.1] [org.mybatis.spring.mapper.ClassPathMapperScanner] [DEBUG] - Identified candidate component class: file [D:\myFile\javaEE\nchkkjxy\out\artifacts\nchkkjxy_war_exploded\WEB-INF\classes\com\nhky\loginAndRegister\dao\LoginAndRegisterDao.class]
2021-10-24-17-25 [RMI TCP Connection(3)-127.0.0.1] [org.mybatis.spring.mapper.ClassPathMapperScanner] [DEBUG] - Identified candidate component class: file [D:\myFile\javaEE\nchkkjxy\out\artifacts\nchkkjxy_war_exploded\WEB-INF\classes\com\nhky\loginAndRegister\service\LoginAndRegisterService.class]
2021-10-24-17-25 [RMI TCP Connection(3)-127.0.0.1] [org.mybatis.spring.mapper.ClassPathMapperScanner] [DEBUG] - Ignored because not a concrete top-level class: file [D:\myFile\javaEE\nchkkjxy\out\artifacts\nchkkjxy_war_exploded\WEB-INF\classes\com\nhky\loginAndRegister\service\serviceImpl\LoginAndRegisterImpl.class]
2021-10-24-17-25 [RMI TCP Connection(3)-127.0.0.1] [org.mybatis.spring.mapper.ClassPathMapperScanner] [DEBUG] - Ignored because not a concrete top-level class: file [D:\myFile\javaEE\nchkkjxy\out\artifacts\nchkkjxy_war_exploded\WEB-INF\classes\com\nhky\pojo\EasyUser.class]
2021-10-24-17-25 [RMI TCP Connection(3)-127.0.0.1] [org.mybatis.spring.mapper.ClassPathMapperScanner] [DEBUG] - Ignored because not a concrete top-level class: file [D:\myFile\javaEE\nchkkjxy\out\artifacts\nchkkjxy_war_exploded\WEB-INF\classes\com\nhky\utils\DateUtil.class]
2021-10-24-17-25 [RMI TCP Connection(3)-127.0.0.1] [org.mybatis.spring.mapper.ClassPathMapperScanner] [DEBUG] - Ignored because not a concrete top-level class: file [D:\myFile\javaEE\nchkkjxy\out\artifacts\nchkkjxy_war_exploded\WEB-INF\classes\com\nhky\utils\LogUtil.class]
2021-10-24-17-25 [RMI TCP Connection(3)-127.0.0.1] [org.mybatis.spring.mapper.ClassPathMapperScanner] [DEBUG] - Ignored because not a concrete top-level class: file [D:\myFile\javaEE\nchkkjxy\out\artifacts\nchkkjxy_war_exploded\WEB-INF\classes\com\nhky\utils\MD5.class]
2021-10-24-17-25 [RMI TCP Connection(3)-127.0.0.1] [org.mybatis.spring.mapper.ClassPathMapperScanner] [DEBUG] - Ignored because not a concrete top-level class: file [D:\myFile\javaEE\nchkkjxy\out\artifacts\nchkkjxy_war_exploded\WEB-INF\classes\com\nhky\utils\StringUtil.class]
2021-10-24-17-25 [RMI TCP Connection(3)-127.0.0.1] [org.mybatis.spring.mapper.ClassPathMapperScanner] [DEBUG] - Creating MapperFactoryBean with name 'loginAndRegisterDao' and 'com.nhky.loginAndRegister.dao.LoginAndRegisterDao' mapperInterface
2021-10-24-17-25 [RMI TCP Connection(3)-127.0.0.1] [org.mybatis.spring.mapper.ClassPathMapperScanner] [DEBUG] - Creating MapperFactoryBean with name 'loginAndRegisterService' and 'com.nhky.loginAndRegister.service.LoginAndRegisterService' mapperInterface
2021-10-24-17-25 [RMI TCP Connection(3)-127.0.0.1] [org.apache.ibatis.logging.LogFactory] [DEBUG] - Logging initialized using 'org.apache.ibatis.logging.slf4j.Slf4jImpl' adapter.
2021-10-24-17-25 [RMI TCP Connection(3)-127.0.0.1] [com.alibaba.druid.pool.DruidDataSource] [INFO] - {dataSource-1} inited
2021-10-24-17-25 [RMI TCP Connection(3)-127.0.0.1] [org.mybatis.spring.SqlSessionFactoryBean] [DEBUG] - Parsed configuration file: 'class path resource [mybatis.xml]'
2021-10-24-17-25 [RMI TCP Connection(3)-127.0.0.1] [org.mybatis.spring.SqlSessionFactoryBean] [DEBUG] - Property 'mapperLocations' was not specified or no matching resources found
2021-10-24-17-25 [http-nio-8080-exec-8] [com.nhky.utils.LogUtil] [INFO] - -----INFO    去注册    [xjh-日志-2021年25月24日 17时10分18秒]
2021-10-24-17-32 [http-nio-8080-exec-6] [com.nhky.utils.LogUtil] [INFO] - -----INFO    去注册    [xjh-日志-2021年32月24日 17时10分46秒]
2021-10-24-17-38 [http-nio-8080-exec-1] [com.nhky.utils.LogUtil] [INFO] - -----INFO    去注册    [xjh-日志-2021年38月24日 17时10分48秒]
2021-10-24-17-40 [http-nio-8080-exec-9] [com.nhky.utils.LogUtil] [INFO] - -----INFO    去注册    [xjh-日志-2021年40月24日 17时10分34秒]
2021-10-24-17-42 [http-nio-8080-exec-6] [com.nhky.utils.LogUtil] [INFO] - -----INFO    去注册    [xjh-日志-2021年42月24日 17时10分16秒]
2021-10-24-17-47 [http-nio-8080-exec-7] [com.nhky.utils.LogUtil] [INFO] - -----INFO    去注册    [xjh-日志-2021年47月24日 17时10分25秒]
2021-10-24-17-49 [http-nio-8080-exec-4] [com.nhky.utils.LogUtil] [INFO] - -----INFO    去注册    [xjh-日志-2021年49月24日 17时10分52秒]
2021-10-24-17-49 [http-nio-8080-exec-7] [com.nhky.utils.LogUtil] [INFO] - -----INFO    去注册    [xjh-日志-2021年49月24日 17时10分54秒]
2021-10-24-17-50 [http-nio-8080-exec-10] [com.nhky.utils.LogUtil] [INFO] - -----INFO    去注册    [xjh-日志-2021年50月24日 17时10分30秒]
2021-10-24-17-50 [http-nio-8080-exec-2] [com.nhky.utils.LogUtil] [INFO] - -----INFO    去注册    [xjh-日志-2021年50月24日 17时10分58秒]
2021-10-24-17-51 [http-nio-8080-exec-4] [com.nhky.utils.LogUtil] [INFO] - -----INFO    去注册    [xjh-日志-2021年51月24日 17时10分02秒]
2021-10-24-17-51 [http-nio-8080-exec-5] [com.nhky.utils.LogUtil] [INFO] - -----INFO    去注册    [xjh-日志-2021年51月24日 17时10分03秒]
2021-10-24-17-51 [http-nio-8080-exec-6] [com.nhky.utils.LogUtil] [INFO] - -----INFO    去注册    [xjh-日志-2021年51月24日 17时10分04秒]
2021-10-24-17-51 [http-nio-8080-exec-7] [com.nhky.utils.LogUtil] [INFO] - -----INFO    去注册    [xjh-日志-2021年51月24日 17时10分04秒]
2021-10-24-17-53 [http-nio-8080-exec-10] [com.nhky.utils.LogUtil] [INFO] - -----INFO    去注册    [xjh-日志-2021年53月24日 17时10分04秒]
2021-10-24-17-53 [http-nio-8080-exec-2] [com.nhky.utils.LogUtil] [INFO] - -----INFO    去注册    [xjh-日志-2021年53月24日 17时10分07秒]
2021-10-24-17-53 [http-nio-8080-exec-4] [com.nhky.utils.LogUtil] [INFO] - -----INFO    去注册    [xjh-日志-2021年53月24日 17时10分08秒]
2021-10-24-17-53 [http-nio-8080-exec-5] [com.nhky.utils.LogUtil] [INFO] - -----INFO    去注册    [xjh-日志-2021年53月24日 17时10分09秒]
2021-10-24-17-53 [http-nio-8080-exec-6] [com.nhky.utils.LogUtil] [INFO] - -----INFO    去注册    [xjh-日志-2021年53月24日 17时10分09秒]
2021-10-24-17-53 [http-nio-8080-exec-7] [com.nhky.utils.LogUtil] [INFO] - -----INFO    去注册    [xjh-日志-2021年53月24日 17时10分09秒]
2021-10-24-17-53 [http-nio-8080-exec-9] [com.nhky.utils.LogUtil] [INFO] - -----INFO    去注册    [xjh-日志-2021年53月24日 17时10分09秒]
2021-10-24-17-53 [http-nio-8080-exec-8] [com.nhky.utils.LogUtil] [INFO] - -----INFO    去注册    [xjh-日志-2021年53月24日 17时10分10秒]
2021-10-24-17-53 [http-nio-8080-exec-10] [com.nhky.utils.LogUtil] [INFO] - -----INFO    去注册    [xjh-日志-2021年53月24日 17时10分10秒]
2021-10-24-17-53 [http-nio-8080-exec-3] [com.nhky.utils.LogUtil] [INFO] - -----INFO    去注册    [xjh-日志-2021年53月24日 17时10分10秒]
2021-10-24-17-53 [http-nio-8080-exec-1] [com.nhky.utils.LogUtil] [INFO] - -----INFO    去注册    [xjh-日志-2021年53月24日 17时10分11秒]
2021-10-24-17-53 [http-nio-8080-exec-2] [com.nhky.utils.LogUtil] [INFO] - -----INFO    去注册    [xjh-日志-2021年53月24日 17时10分12秒]
2021-10-24-17-53 [http-nio-8080-exec-6] [com.nhky.utils.LogUtil] [INFO] - -----INFO    去注册    [xjh-日志-2021年53月24日 17时10分36秒]
2021-10-24-17-53 [http-nio-8080-exec-8] [com.nhky.utils.LogUtil] [INFO] - -----INFO    去注册    [xjh-日志-2021年53月24日 17时10分57秒]
2021-10-24-17-53 [http-nio-8080-exec-10] [com.nhky.utils.LogUtil] [INFO] - -----INFO    去注册    [xjh-日志-2021年53月24日 17时10分59秒]
2021-10-24-17-53 [http-nio-8080-exec-3] [com.nhky.utils.LogUtil] [INFO] - -----INFO    去注册    [xjh-日志-2021年53月24日 17时10分59秒]
2021-10-24-17-53 [http-nio-8080-exec-1] [com.nhky.utils.LogUtil] [INFO] - -----INFO    去注册    [xjh-日志-2021年53月24日 17时10分59秒]
2021-10-24-17-54 [http-nio-8080-exec-5] [com.nhky.utils.LogUtil] [INFO] - -----INFO    去注册    [xjh-日志-2021年54月24日 17时10分43秒]
2021-10-24-17-55 [http-nio-8080-exec-9] [com.nhky.utils.LogUtil] [INFO] - -----INFO    去注册    [xjh-日志-2021年55月24日 17时10分16秒]
2021-10-24-17-55 [http-nio-8080-exec-3] [com.nhky.utils.LogUtil] [INFO] - -----INFO    去注册    [xjh-日志-2021年55月24日 17时10分41秒]
2021-10-24-17-56 [http-nio-8080-exec-4] [com.nhky.utils.LogUtil] [INFO] - -----INFO    去注册    [xjh-日志-2021年56月24日 17时10分30秒]
2021-10-24-17-57 [http-nio-8080-exec-8] [com.nhky.utils.LogUtil] [INFO] - -----INFO    去注册    [xjh-日志-2021年57月24日 17时10分07秒]
2021-10-24-17-57 [http-nio-8080-exec-10] [com.nhky.utils.LogUtil] [INFO] - -----INFO    去注册    [xjh-日志-2021年57月24日 17时10分21秒]
2021-10-24-17-58 [http-nio-8080-exec-2] [com.nhky.utils.LogUtil] [INFO] - -----INFO    去注册    [xjh-日志-2021年58月24日 17时10分07秒]
2021-10-24-17-59 [http-nio-8080-exec-5] [com.nhky.utils.LogUtil] [INFO] - -----INFO    去注册    [xjh-日志-2021年59月24日 17时10分18秒]
2021-10-24-17-59 [http-nio-8080-exec-8] [com.nhky.utils.LogUtil] [INFO] - -----INFO    去注册    [xjh-日志-2021年59月24日 17时10分44秒]
2021-10-24-18-14 [http-nio-8080-exec-6] [com.nhky.utils.LogUtil] [INFO] - -----INFO    去注册    [xjh-日志-2021年14月24日 18时10分42秒]
2021-10-24-18-16 [http-nio-8080-exec-10] [com.nhky.utils.LogUtil] [INFO] - -----INFO    去注册    [xjh-日志-2021年16月24日 18时10分40秒]
2021-10-24-18-18 [http-nio-8080-exec-8] [com.nhky.utils.LogUtil] [INFO] - -----INFO    去注册    [xjh-日志-2021年18月24日 18时10分14秒]
2021-10-24-18-19 [http-nio-8080-exec-2] [com.nhky.utils.LogUtil] [INFO] - -----INFO    去注册    [xjh-日志-2021年19月24日 18时10分43秒]
2021-10-24-18-20 [main] [com.alibaba.druid.pool.DruidDataSource] [INFO] - {dataSource-1} closed
2021-10-24-18-20 [RMI TCP Connection(3)-127.0.0.1] [org.mybatis.spring.mapper.ClassPathMapperScanner] [DEBUG] - Ignored because not a concrete top-level class: file [D:\myFile\javaEE\nchkkjxy\out\artifacts\nchkkjxy_war_exploded\WEB-INF\classes\com\nhky\loginAndRegister\controller\LoginAndRegister.class]
2021-10-24-18-20 [RMI TCP Connection(3)-127.0.0.1] [org.mybatis.spring.mapper.ClassPathMapperScanner] [DEBUG] - Identified candidate component class: file [D:\myFile\javaEE\nchkkjxy\out\artifacts\nchkkjxy_war_exploded\WEB-INF\classes\com\nhky\loginAndRegister\dao\LoginAndRegisterDao.class]
2021-10-24-18-20 [RMI TCP Connection(3)-127.0.0.1] [org.mybatis.spring.mapper.ClassPathMapperScanner] [DEBUG] - Identified candidate component class: file [D:\myFile\javaEE\nchkkjxy\out\artifacts\nchkkjxy_war_exploded\WEB-INF\classes\com\nhky\loginAndRegister\service\LoginAndRegisterService.class]
2021-10-24-18-20 [RMI TCP Connection(3)-127.0.0.1] [org.mybatis.spring.mapper.ClassPathMapperScanner] [DEBUG] - Ignored because not a concrete top-level class: file [D:\myFile\javaEE\nchkkjxy\out\artifacts\nchkkjxy_war_exploded\WEB-INF\classes\com\nhky\loginAndRegister\service\serviceImpl\LoginAndRegisterImpl.class]
2021-10-24-18-20 [RMI TCP Connection(3)-127.0.0.1] [org.mybatis.spring.mapper.ClassPathMapperScanner] [DEBUG] - Ignored because not a concrete top-level class: file [D:\myFile\javaEE\nchkkjxy\out\artifacts\nchkkjxy_war_exploded\WEB-INF\classes\com\nhky\pojo\EasyUser.class]
2021-10-24-18-20 [RMI TCP Connection(3)-127.0.0.1] [org.mybatis.spring.mapper.ClassPathMapperScanner] [DEBUG] - Ignored because not a concrete top-level class: file [D:\myFile\javaEE\nchkkjxy\out\artifacts\nchkkjxy_war_exploded\WEB-INF\classes\com\nhky\utils\DateUtil.class]
2021-10-24-18-20 [RMI TCP Connection(3)-127.0.0.1] [org.mybatis.spring.mapper.ClassPathMapperScanner] [DEBUG] - Ignored because not a concrete top-level class: file [D:\myFile\javaEE\nchkkjxy\out\artifacts\nchkkjxy_war_exploded\WEB-INF\classes\com\nhky\utils\LogUtil.class]
2021-10-24-18-20 [RMI TCP Connection(3)-127.0.0.1] [org.mybatis.spring.mapper.ClassPathMapperScanner] [DEBUG] - Ignored because not a concrete top-level class: file [D:\myFile\javaEE\nchkkjxy\out\artifacts\nchkkjxy_war_exploded\WEB-INF\classes\com\nhky\utils\MD5.class]
2021-10-24-18-20 [RMI TCP Connection(3)-127.0.0.1] [org.mybatis.spring.mapper.ClassPathMapperScanner] [DEBUG] - Ignored because not a concrete top-level class: file [D:\myFile\javaEE\nchkkjxy\out\artifacts\nchkkjxy_war_exploded\WEB-INF\classes\com\nhky\utils\StringUtil.class]
2021-10-24-18-20 [RMI TCP Connection(3)-127.0.0.1] [org.mybatis.spring.mapper.ClassPathMapperScanner] [DEBUG] - Creating MapperFactoryBean with name 'loginAndRegisterDao' and 'com.nhky.loginAndRegister.dao.LoginAndRegisterDao' mapperInterface
2021-10-24-18-20 [RMI TCP Connection(3)-127.0.0.1] [org.mybatis.spring.mapper.ClassPathMapperScanner] [DEBUG] - Creating MapperFactoryBean with name 'loginAndRegisterService' and 'com.nhky.loginAndRegister.service.LoginAndRegisterService' mapperInterface
2021-10-24-18-20 [RMI TCP Connection(3)-127.0.0.1] [org.apache.ibatis.logging.LogFactory] [DEBUG] - Logging initialized using 'org.apache.ibatis.logging.slf4j.Slf4jImpl' adapter.
2021-10-24-18-20 [RMI TCP Connection(3)-127.0.0.1] [com.alibaba.druid.pool.DruidDataSource] [INFO] - {dataSource-1} inited
2021-10-24-18-21 [RMI TCP Connection(3)-127.0.0.1] [org.mybatis.spring.SqlSessionFactoryBean] [DEBUG] - Parsed configuration file: 'class path resource [mybatis.xml]'
2021-10-24-18-21 [RMI TCP Connection(3)-127.0.0.1] [org.mybatis.spring.SqlSessionFactoryBean] [DEBUG] - Property 'mapperLocations' was not specified or no matching resources found
2021-10-24-18-21 [http-nio-8080-exec-6] [com.nhky.utils.LogUtil] [INFO] - -----INFO    去注册    [xjh-日志-2021年21月24日 18时10分07秒]
2021-10-24-18-37 [http-nio-8080-exec-9] [com.nhky.utils.LogUtil] [INFO] - -----INFO    去注册    [xjh-日志-2021年37月24日 18时10分48秒]
2021-10-24-18-38 [http-nio-8080-exec-8] [com.nhky.utils.LogUtil] [INFO] - -----INFO    去注册    [xjh-日志-2021年38月24日 18时10分34秒]
2021-10-24-18-39 [http-nio-8080-exec-4] [com.nhky.utils.LogUtil] [INFO] - -----INFO    去注册    [xjh-日志-2021年39月24日 18时10分09秒]
2021-10-24-18-39 [http-nio-8080-exec-1] [com.nhky.utils.LogUtil] [INFO] - -----INFO    去注册    [xjh-日志-2021年39月24日 18时10分59秒]
2021-10-24-18-40 [http-nio-8080-exec-7] [com.nhky.utils.LogUtil] [INFO] - -----INFO    去注册    [xjh-日志-2021年40月24日 18时10分37秒]
2021-10-24-18-41 [http-nio-8080-exec-1] [com.nhky.utils.LogUtil] [INFO] - -----INFO    去注册    [xjh-日志-2021年41月24日 18时10分40秒]
2021-10-24-18-43 [http-nio-8080-exec-9] [com.nhky.utils.LogUtil] [INFO] - -----INFO    去注册    [xjh-日志-2021年43月24日 18时10分09秒]
2021-10-24-18-43 [http-nio-8080-exec-4] [com.nhky.utils.LogUtil] [INFO] - -----INFO    去注册    [xjh-日志-2021年43月24日 18时10分12秒]
2021-10-24-18-43 [http-nio-8080-exec-6] [com.nhky.utils.LogUtil] [INFO] - -----INFO    去注册    [xjh-日志-2021年43月24日 18时10分19秒]
2021-10-24-18-43 [http-nio-8080-exec-5] [com.nhky.utils.LogUtil] [INFO] - -----INFO    去注册    [xjh-日志-2021年43月24日 18时10分33秒]
2021-10-24-18-44 [http-nio-8080-exec-6] [com.nhky.utils.LogUtil] [INFO] - -----INFO    去注册    [xjh-日志-2021年44月24日 18时10分19秒]
2021-10-24-18-44 [http-nio-8080-exec-5] [com.nhky.utils.LogUtil] [INFO] - -----INFO    去注册    [xjh-日志-2021年44月24日 18时10分58秒]
2021-10-24-18-45 [http-nio-8080-exec-2] [com.nhky.utils.LogUtil] [INFO] - -----INFO    去注册    [xjh-日志-2021年45月24日 18时10分02秒]
2021-10-24-18-45 [http-nio-8080-exec-8] [com.nhky.utils.LogUtil] [INFO] - -----INFO    去注册    [xjh-日志-2021年45月24日 18时10分32秒]
2021-10-24-18-45 [http-nio-8080-exec-1] [com.nhky.utils.LogUtil] [INFO] - -----INFO    去注册    [xjh-日志-2021年45月24日 18时10分34秒]
2021-10-24-18-45 [http-nio-8080-exec-5] [com.nhky.utils.LogUtil] [INFO] - -----INFO    去注册    [xjh-日志-2021年45月24日 18时10分35秒]
2021-10-24-18-45 [http-nio-8080-exec-4] [com.nhky.utils.LogUtil] [INFO] - -----INFO    去注册    [xjh-日志-2021年45月24日 18时10分35秒]
2021-10-24-18-46 [http-nio-8080-exec-7] [com.nhky.utils.LogUtil] [INFO] - -----INFO    去注册    [xjh-日志-2021年46月24日 18时10分05秒]
2021-10-24-18-47 [http-nio-8080-exec-8] [com.nhky.utils.LogUtil] [INFO] - -----INFO    去注册    [xjh-日志-2021年47月24日 18时10分41秒]
2021-10-24-18-48 [http-nio-8080-exec-6] [com.nhky.utils.LogUtil] [INFO] - -----INFO    去注册    [xjh-日志-2021年48月24日 18时10分47秒]
2021-10-24-18-49 [http-nio-8080-exec-4] [com.nhky.utils.LogUtil] [INFO] - -----INFO    去注册    [xjh-日志-2021年49月24日 18时10分19秒]
2021-10-24-18-50 [http-nio-8080-exec-7] [com.nhky.utils.LogUtil] [INFO] - -----INFO    去注册    [xjh-日志-2021年50月24日 18时10分09秒]
2021-10-24-18-50 [main] [com.alibaba.druid.pool.DruidDataSource] [INFO] - {dataSource-1} closed
2021-10-24-19-18 [RMI TCP Connection(5)-127.0.0.1] [org.mybatis.spring.mapper.ClassPathMapperScanner] [DEBUG] - Ignored because not a concrete top-level class: file [D:\myFile\javaEE\nchkkjxy\out\artifacts\nchkkjxy_war_exploded\WEB-INF\classes\com\nhky\loginAndRegister\controller\LoginAndRegister.class]
2021-10-24-19-18 [RMI TCP Connection(5)-127.0.0.1] [org.mybatis.spring.mapper.ClassPathMapperScanner] [DEBUG] - Identified candidate component class: file [D:\myFile\javaEE\nchkkjxy\out\artifacts\nchkkjxy_war_exploded\WEB-INF\classes\com\nhky\loginAndRegister\dao\LoginAndRegisterDao.class]
2021-10-24-19-18 [RMI TCP Connection(5)-127.0.0.1] [org.mybatis.spring.mapper.ClassPathMapperScanner] [DEBUG] - Identified candidate component class: file [D:\myFile\javaEE\nchkkjxy\out\artifacts\nchkkjxy_war_exploded\WEB-INF\classes\com\nhky\loginAndRegister\service\LoginAndRegisterService.class]
2021-10-24-19-18 [RMI TCP Connection(5)-127.0.0.1] [org.mybatis.spring.mapper.ClassPathMapperScanner] [DEBUG] - Ignored because not a concrete top-level class: file [D:\myFile\javaEE\nchkkjxy\out\artifacts\nchkkjxy_war_exploded\WEB-INF\classes\com\nhky\loginAndRegister\service\serviceImpl\LoginAndRegisterImpl.class]
2021-10-24-19-18 [RMI TCP Connection(5)-127.0.0.1] [org.mybatis.spring.mapper.ClassPathMapperScanner] [DEBUG] - Ignored because not a concrete top-level class: file [D:\myFile\javaEE\nchkkjxy\out\artifacts\nchkkjxy_war_exploded\WEB-INF\classes\com\nhky\pojo\EasyUser.class]
2021-10-24-19-18 [RMI TCP Connection(5)-127.0.0.1] [org.mybatis.spring.mapper.ClassPathMapperScanner] [DEBUG] - Ignored because not a concrete top-level class: file [D:\myFile\javaEE\nchkkjxy\out\artifacts\nchkkjxy_war_exploded\WEB-INF\classes\com\nhky\utils\DateUtil.class]
2021-10-24-19-18 [RMI TCP Connection(5)-127.0.0.1] [org.mybatis.spring.mapper.ClassPathMapperScanner] [DEBUG] - Ignored because not a concrete top-level class: file [D:\myFile\javaEE\nchkkjxy\out\artifacts\nchkkjxy_war_exploded\WEB-INF\classes\com\nhky\utils\LogUtil.class]
2021-10-24-19-18 [RMI TCP Connection(5)-127.0.0.1] [org.mybatis.spring.mapper.ClassPathMapperScanner] [DEBUG] - Ignored because not a concrete top-level class: file [D:\myFile\javaEE\nchkkjxy\out\artifacts\nchkkjxy_war_exploded\WEB-INF\classes\com\nhky\utils\MD5.class]
2021-10-24-19-18 [RMI TCP Connection(5)-127.0.0.1] [org.mybatis.spring.mapper.ClassPathMapperScanner] [DEBUG] - Ignored because not a concrete top-level class: file [D:\myFile\javaEE\nchkkjxy\out\artifacts\nchkkjxy_war_exploded\WEB-INF\classes\com\nhky\utils\StringUtil.class]
2021-10-24-19-18 [RMI TCP Connection(5)-127.0.0.1] [org.mybatis.spring.mapper.ClassPathMapperScanner] [DEBUG] - Creating MapperFactoryBean with name 'loginAndRegisterDao' and 'com.nhky.loginAndRegister.dao.LoginAndRegisterDao' mapperInterface
2021-10-24-19-18 [RMI TCP Connection(5)-127.0.0.1] [org.mybatis.spring.mapper.ClassPathMapperScanner] [DEBUG] - Creating MapperFactoryBean with name 'loginAndRegisterService' and 'com.nhky.loginAndRegister.service.LoginAndRegisterService' mapperInterface
2021-10-24-19-18 [RMI TCP Connection(5)-127.0.0.1] [org.apache.ibatis.logging.LogFactory] [DEBUG] - Logging initialized using 'org.apache.ibatis.logging.slf4j.Slf4jImpl' adapter.
2021-10-24-19-18 [RMI TCP Connection(5)-127.0.0.1] [com.alibaba.druid.pool.DruidDataSource] [INFO] - {dataSource-1} inited
2021-10-24-19-18 [RMI TCP Connection(5)-127.0.0.1] [org.mybatis.spring.SqlSessionFactoryBean] [DEBUG] - Parsed configuration file: 'class path resource [mybatis.xml]'
2021-10-24-19-18 [RMI TCP Connection(5)-127.0.0.1] [org.mybatis.spring.SqlSessionFactoryBean] [DEBUG] - Property 'mapperLocations' was not specified or no matching resources found
2021-10-24-19-19 [http-nio-8080-exec-9] [com.nhky.utils.LogUtil] [INFO] - -----INFO    去注册    [xjh-日志-2021年19月24日 19时10分40秒]
2021-10-24-19-19 [http-nio-8080-exec-2] [com.nhky.utils.LogUtil] [INFO] - -----INFO    去注册    [xjh-日志-2021年19月24日 19时10分55秒]
2021-10-24-19-21 [http-nio-8080-exec-8] [com.nhky.utils.LogUtil] [INFO] - -----INFO    去注册    [xjh-日志-2021年21月24日 19时10分00秒]
2021-10-24-19-21 [http-nio-8080-exec-10] [com.nhky.utils.LogUtil] [INFO] - -----INFO    去注册    [xjh-日志-2021年21月24日 19时10分54秒]
2021-10-24-19-23 [http-nio-8080-exec-8] [com.nhky.utils.LogUtil] [INFO] - -----INFO    去注册    [xjh-日志-2021年23月24日 19时10分56秒]
2021-10-24-19-24 [http-nio-8080-exec-2] [com.nhky.utils.LogUtil] [INFO] - -----INFO    去注册    [xjh-日志-2021年24月24日 19时10分51秒]
2021-10-24-19-25 [http-nio-8080-exec-6] [com.nhky.utils.LogUtil] [INFO] - -----INFO    去注册    [xjh-日志-2021年25月24日 19时10分25秒]
2021-10-24-19-25 [http-nio-8080-exec-7] [com.nhky.utils.LogUtil] [INFO] - -----INFO    去注册    [xjh-日志-2021年25月24日 19时10分27秒]
2021-10-24-19-25 [http-nio-8080-exec-5] [com.nhky.utils.LogUtil] [INFO] - -----INFO    去注册    [xjh-日志-2021年25月24日 19时10分48秒]
2021-10-24-19-26 [http-nio-8080-exec-9] [com.nhky.utils.LogUtil] [INFO] - -----INFO    去注册    [xjh-日志-2021年26月24日 19时10分50秒]
2021-10-24-20-16 [http-nio-8080-exec-10] [com.nhky.utils.LogUtil] [INFO] - -----INFO    去注册    [xjh-日志-2021年16月24日 20时10分34秒]
2021-10-24-20-19 [http-nio-8080-exec-7] [com.nhky.utils.LogUtil] [INFO] - -----INFO    去注册    [xjh-日志-2021年19月24日 20时10分51秒]
2021-10-24-20-21 [http-nio-8080-exec-4] [com.nhky.utils.LogUtil] [INFO] - -----INFO    去注册    [xjh-日志-2021年21月24日 20时10分12秒]
2021-10-24-20-21 [http-nio-8080-exec-10] [com.nhky.utils.LogUtil] [INFO] - -----INFO    去注册    [xjh-日志-2021年21月24日 20时10分51秒]
2021-10-24-20-22 [http-nio-8080-exec-2] [com.nhky.utils.LogUtil] [INFO] - -----INFO    去注册    [xjh-日志-2021年22月24日 20时10分05秒]
2021-10-24-20-23 [http-nio-8080-exec-10] [com.nhky.utils.LogUtil] [INFO] - -----INFO    去注册    [xjh-日志-2021年23月24日 20时10分06秒]
2021-10-24-20-24 [http-nio-8080-exec-6] [com.nhky.utils.LogUtil] [INFO] - -----INFO    去注册    [xjh-日志-2021年24月24日 20时10分04秒]
2021-10-24-20-25 [http-nio-8080-exec-9] [com.nhky.utils.LogUtil] [INFO] - -----INFO    去注册    [xjh-日志-2021年25月24日 20时10分06秒]
2021-10-24-20-25 [http-nio-8080-exec-6] [com.nhky.utils.LogUtil] [INFO] - -----INFO    去注册    [xjh-日志-2021年25月24日 20时10分27秒]
2021-10-24-20-25 [http-nio-8080-exec-10] [com.nhky.utils.LogUtil] [INFO] - -----INFO    去注册    [xjh-日志-2021年25月24日 20时10分34秒]
2021-10-24-20-26 [http-nio-8080-exec-7] [com.nhky.utils.LogUtil] [INFO] - -----INFO    去注册    [xjh-日志-2021年26月24日 20时10分27秒]
2021-10-24-20-27 [http-nio-8080-exec-8] [com.nhky.utils.LogUtil] [INFO] - -----INFO    去注册    [xjh-日志-2021年27月24日 20时10分05秒]
2021-10-24-20-28 [http-nio-8080-exec-6] [com.nhky.utils.LogUtil] [INFO] - -----INFO    去注册    [xjh-日志-2021年28月24日 20时10分30秒]
2021-10-24-20-30 [http-nio-8080-exec-5] [com.nhky.utils.LogUtil] [INFO] - -----INFO    去注册    [xjh-日志-2021年30月24日 20时10分32秒]
2021-10-24-20-31 [http-nio-8080-exec-3] [com.nhky.utils.LogUtil] [INFO] - -----INFO    去注册    [xjh-日志-2021年31月24日 20时10分54秒]
2021-10-24-20-32 [http-nio-8080-exec-8] [com.nhky.utils.LogUtil] [INFO] - -----INFO    去注册    [xjh-日志-2021年32月24日 20时10分11秒]
2021-10-24-20-32 [http-nio-8080-exec-5] [com.nhky.utils.LogUtil] [INFO] - -----INFO    去注册    [xjh-日志-2021年32月24日 20时10分42秒]
2021-10-24-20-32 [http-nio-8080-exec-7] [com.nhky.utils.LogUtil] [INFO] - -----INFO    去注册    [xjh-日志-2021年32月24日 20时10分59秒]
2021-10-24-20-33 [http-nio-8080-exec-6] [com.nhky.utils.LogUtil] [INFO] - -----INFO    去注册    [xjh-日志-2021年33月24日 20时10分33秒]
2021-10-24-20-34 [http-nio-8080-exec-5] [com.nhky.utils.LogUtil] [INFO] - -----INFO    去注册    [xjh-日志-2021年34月24日 20时10分54秒]
2021-10-24-20-35 [http-nio-8080-exec-8] [com.nhky.utils.LogUtil] [INFO] - -----INFO    去注册    [xjh-日志-2021年35月24日 20时10分12秒]
2021-10-24-20-36 [http-nio-8080-exec-8] [com.nhky.utils.LogUtil] [INFO] - -----INFO    去注册    [xjh-日志-2021年36月24日 20时10分30秒]
2021-10-24-20-36 [http-nio-8080-exec-9] [com.nhky.utils.LogUtil] [INFO] - -----INFO    去注册    [xjh-日志-2021年36月24日 20时10分38秒]
2021-10-24-20-37 [http-nio-8080-exec-6] [com.nhky.utils.LogUtil] [INFO] - -----INFO    去注册    [xjh-日志-2021年37月24日 20时10分03秒]
2021-10-24-20-42 [http-nio-8080-exec-2] [com.nhky.utils.LogUtil] [INFO] - -----INFO    去注册    [xjh-日志-2021年42月24日 20时10分28秒]
2021-10-24-20-42 [http-nio-8080-exec-8] [com.nhky.utils.LogUtil] [INFO] - -----INFO    去注册    [xjh-日志-2021年42月24日 20时10分40秒]
2021-10-24-20-49 [http-nio-8080-exec-3] [com.nhky.utils.LogUtil] [INFO] - -----INFO    去注册    [xjh-日志-2021年49月24日 20时10分04秒]
2021-10-24-20-51 [http-nio-8080-exec-6] [com.nhky.utils.LogUtil] [INFO] - -----INFO    去注册    [xjh-日志-2021年51月24日 20时10分00秒]
2021-10-24-20-52 [http-nio-8080-exec-1] [com.nhky.utils.LogUtil] [INFO] - -----INFO    去注册    [xjh-日志-2021年52月24日 20时10分13秒]
2021-10-24-21-39 [http-nio-8080-exec-9] [com.nhky.utils.LogUtil] [INFO] - -----INFO    去注册    [xjh-日志-2021年39月24日 21时10分27秒]
2021-10-24-21-40 [http-nio-8080-exec-7] [com.nhky.utils.LogUtil] [INFO] - -----INFO    去注册    [xjh-日志-2021年40月24日 21时10分02秒]
2021-10-24-21-46 [http-nio-8080-exec-8] [com.nhky.utils.LogUtil] [INFO] - -----INFO    去注册    [xjh-日志-2021年46月24日 21时10分33秒]
2021-10-24-21-46 [main] [com.alibaba.druid.pool.DruidDataSource] [INFO] - {dataSource-1} closed
