2021-10-26-09-07 [RMI TCP Connection(2)-127.0.0.1] [org.mybatis.spring.mapper.ClassPathMapperScanner] [DEBUG] - Ignored because not a concrete top-level class: file [D:\myFile\javaEE\nchkkjxy\out\artifacts\nchkkjxy_war_exploded\WEB-INF\classes\com\nhky\loginAndRegister\controller\LoginAndRegister.class]
2021-10-26-09-07 [RMI TCP Connection(2)-127.0.0.1] [org.mybatis.spring.mapper.ClassPathMapperScanner] [DEBUG] - Identified candidate component class: file [D:\myFile\javaEE\nchkkjxy\out\artifacts\nchkkjxy_war_exploded\WEB-INF\classes\com\nhky\loginAndRegister\dao\LoginAndRegisterDao.class]
2021-10-26-09-07 [RMI TCP Connection(2)-127.0.0.1] [org.mybatis.spring.mapper.ClassPathMapperScanner] [DEBUG] - Identified candidate component class: file [D:\myFile\javaEE\nchkkjxy\out\artifacts\nchkkjxy_war_exploded\WEB-INF\classes\com\nhky\loginAndRegister\service\LoginAndRegisterService.class]
2021-10-26-09-07 [RMI TCP Connection(2)-127.0.0.1] [org.mybatis.spring.mapper.ClassPathMapperScanner] [DEBUG] - Ignored because not a concrete top-level class: file [D:\myFile\javaEE\nchkkjxy\out\artifacts\nchkkjxy_war_exploded\WEB-INF\classes\com\nhky\loginAndRegister\service\serviceImpl\LoginAndRegisterImpl.class]
2021-10-26-09-07 [RMI TCP Connection(2)-127.0.0.1] [org.mybatis.spring.mapper.ClassPathMapperScanner] [DEBUG] - Ignored because not a concrete top-level class: file [D:\myFile\javaEE\nchkkjxy\out\artifacts\nchkkjxy_war_exploded\WEB-INF\classes\com\nhky\pojo\EasyUser.class]
2021-10-26-09-07 [RMI TCP Connection(2)-127.0.0.1] [org.mybatis.spring.mapper.ClassPathMapperScanner] [DEBUG] - Ignored because not a concrete top-level class: file [D:\myFile\javaEE\nchkkjxy\out\artifacts\nchkkjxy_war_exploded\WEB-INF\classes\com\nhky\pojo\User.class]
2021-10-26-09-07 [RMI TCP Connection(2)-127.0.0.1] [org.mybatis.spring.mapper.ClassPathMapperScanner] [DEBUG] - Ignored because not a concrete top-level class: file [D:\myFile\javaEE\nchkkjxy\out\artifacts\nchkkjxy_war_exploded\WEB-INF\classes\com\nhky\utils\DateUtil.class]
2021-10-26-09-07 [RMI TCP Connection(2)-127.0.0.1] [org.mybatis.spring.mapper.ClassPathMapperScanner] [DEBUG] - Ignored because not a concrete top-level class: file [D:\myFile\javaEE\nchkkjxy\out\artifacts\nchkkjxy_war_exploded\WEB-INF\classes\com\nhky\utils\LogUtil.class]
2021-10-26-09-07 [RMI TCP Connection(2)-127.0.0.1] [org.mybatis.spring.mapper.ClassPathMapperScanner] [DEBUG] - Ignored because not a concrete top-level class: file [D:\myFile\javaEE\nchkkjxy\out\artifacts\nchkkjxy_war_exploded\WEB-INF\classes\com\nhky\utils\MapUtil.class]
2021-10-26-09-07 [RMI TCP Connection(2)-127.0.0.1] [org.mybatis.spring.mapper.ClassPathMapperScanner] [DEBUG] - Ignored because not a concrete top-level class: file [D:\myFile\javaEE\nchkkjxy\out\artifacts\nchkkjxy_war_exploded\WEB-INF\classes\com\nhky\utils\MD5.class]
2021-10-26-09-07 [RMI TCP Connection(2)-127.0.0.1] [org.mybatis.spring.mapper.ClassPathMapperScanner] [DEBUG] - Ignored because not a concrete top-level class: file [D:\myFile\javaEE\nchkkjxy\out\artifacts\nchkkjxy_war_exploded\WEB-INF\classes\com\nhky\utils\StringUtil.class]
2021-10-26-09-07 [RMI TCP Connection(2)-127.0.0.1] [org.mybatis.spring.mapper.ClassPathMapperScanner] [DEBUG] - Creating MapperFactoryBean with name 'loginAndRegisterDao' and 'com.nhky.loginAndRegister.dao.LoginAndRegisterDao' mapperInterface
2021-10-26-09-07 [RMI TCP Connection(2)-127.0.0.1] [org.mybatis.spring.mapper.ClassPathMapperScanner] [DEBUG] - Creating MapperFactoryBean with name 'loginAndRegisterService' and 'com.nhky.loginAndRegister.service.LoginAndRegisterService' mapperInterface
2021-10-26-09-07 [RMI TCP Connection(2)-127.0.0.1] [org.apache.ibatis.logging.LogFactory] [DEBUG] - Logging initialized using 'org.apache.ibatis.logging.slf4j.Slf4jImpl' adapter.
2021-10-26-09-07 [RMI TCP Connection(2)-127.0.0.1] [com.alibaba.druid.pool.DruidDataSource] [INFO] - {dataSource-1} inited
2021-10-26-09-07 [RMI TCP Connection(2)-127.0.0.1] [org.mybatis.spring.SqlSessionFactoryBean] [DEBUG] - Parsed configuration file: 'class path resource [mybatis.xml]'
2021-10-26-09-07 [RMI TCP Connection(2)-127.0.0.1] [org.mybatis.spring.SqlSessionFactoryBean] [DEBUG] - Property 'mapperLocations' was not specified or no matching resources found
2021-10-26-09-08 [http-nio-8080-exec-8] [com.nhky.utils.LogUtil] [INFO] - -----INFO    去注册    [xjh-日志-2021年08月26日 09时10分58秒]
2021-10-26-09-12 [http-nio-8080-exec-9] [com.nhky.utils.LogUtil] [INFO] - -----INFO    去注册    [xjh-日志-2021年12月26日 09时10分10秒]
2021-10-26-09-12 [http-nio-8080-exec-5] [com.nhky.utils.LogUtil] [INFO] - -----INFO    去注册    [xjh-日志-2021年12月26日 09时10分33秒]
2021-10-26-09-14 [http-nio-8080-exec-9] [com.nhky.utils.LogUtil] [INFO] - -----INFO    去注册    [xjh-日志-2021年14月26日 09时10分46秒]
2021-10-26-09-16 [http-nio-8080-exec-5] [com.nhky.utils.LogUtil] [INFO] - -----INFO    去注册    [xjh-日志-2021年16月26日 09时10分54秒]
2021-10-26-09-17 [http-nio-8080-exec-10] [com.nhky.utils.LogUtil] [INFO] - -----INFO    去注册    [xjh-日志-2021年17月26日 09时10分23秒]
2021-10-26-09-18 [http-nio-8080-exec-6] [com.nhky.utils.LogUtil] [INFO] - -----INFO    去注册    [xjh-日志-2021年18月26日 09时10分40秒]
2021-10-26-09-18 [http-nio-8080-exec-10] [com.nhky.utils.LogUtil] [INFO] - -----INFO    去注册    [xjh-日志-2021年18月26日 09时10分59秒]
2021-10-26-09-19 [http-nio-8080-exec-6] [com.nhky.utils.LogUtil] [INFO] - -----INFO    去注册    [xjh-日志-2021年19月26日 09时10分35秒]
2021-10-26-09-20 [http-nio-8080-exec-4] [com.nhky.utils.LogUtil] [INFO] - -----INFO    去注册    [xjh-日志-2021年20月26日 09时10分29秒]
2021-10-26-09-44 [main] [com.alibaba.druid.pool.DruidDataSource] [INFO] - {dataSource-1} closed
2021-10-26-10-39 [RMI TCP Connection(5)-127.0.0.1] [org.mybatis.spring.mapper.ClassPathMapperScanner] [DEBUG] - Ignored because not a concrete top-level class: file [D:\myFile\javaEE\nchkkjxy\out\artifacts\nchkkjxy_war_exploded\WEB-INF\classes\com\nhky\loginAndRegister\controller\LoginAndRegister.class]
2021-10-26-10-39 [RMI TCP Connection(5)-127.0.0.1] [org.mybatis.spring.mapper.ClassPathMapperScanner] [DEBUG] - Identified candidate component class: file [D:\myFile\javaEE\nchkkjxy\out\artifacts\nchkkjxy_war_exploded\WEB-INF\classes\com\nhky\loginAndRegister\dao\LoginAndRegisterDao.class]
2021-10-26-10-39 [RMI TCP Connection(5)-127.0.0.1] [org.mybatis.spring.mapper.ClassPathMapperScanner] [DEBUG] - Identified candidate component class: file [D:\myFile\javaEE\nchkkjxy\out\artifacts\nchkkjxy_war_exploded\WEB-INF\classes\com\nhky\loginAndRegister\service\LoginAndRegisterService.class]
2021-10-26-10-39 [RMI TCP Connection(5)-127.0.0.1] [org.mybatis.spring.mapper.ClassPathMapperScanner] [DEBUG] - Ignored because not a concrete top-level class: file [D:\myFile\javaEE\nchkkjxy\out\artifacts\nchkkjxy_war_exploded\WEB-INF\classes\com\nhky\loginAndRegister\service\serviceImpl\LoginAndRegisterImpl.class]
2021-10-26-10-39 [RMI TCP Connection(5)-127.0.0.1] [org.mybatis.spring.mapper.ClassPathMapperScanner] [DEBUG] - Ignored because not a concrete top-level class: file [D:\myFile\javaEE\nchkkjxy\out\artifacts\nchkkjxy_war_exploded\WEB-INF\classes\com\nhky\pojo\EasyUser.class]
2021-10-26-10-39 [RMI TCP Connection(5)-127.0.0.1] [org.mybatis.spring.mapper.ClassPathMapperScanner] [DEBUG] - Ignored because not a concrete top-level class: file [D:\myFile\javaEE\nchkkjxy\out\artifacts\nchkkjxy_war_exploded\WEB-INF\classes\com\nhky\pojo\User.class]
2021-10-26-10-39 [RMI TCP Connection(5)-127.0.0.1] [org.mybatis.spring.mapper.ClassPathMapperScanner] [DEBUG] - Ignored because not a concrete top-level class: file [D:\myFile\javaEE\nchkkjxy\out\artifacts\nchkkjxy_war_exploded\WEB-INF\classes\com\nhky\utils\DateUtil.class]
2021-10-26-10-39 [RMI TCP Connection(5)-127.0.0.1] [org.mybatis.spring.mapper.ClassPathMapperScanner] [DEBUG] - Ignored because not a concrete top-level class: file [D:\myFile\javaEE\nchkkjxy\out\artifacts\nchkkjxy_war_exploded\WEB-INF\classes\com\nhky\utils\LogUtil.class]
2021-10-26-10-39 [RMI TCP Connection(5)-127.0.0.1] [org.mybatis.spring.mapper.ClassPathMapperScanner] [DEBUG] - Ignored because not a concrete top-level class: file [D:\myFile\javaEE\nchkkjxy\out\artifacts\nchkkjxy_war_exploded\WEB-INF\classes\com\nhky\utils\MapUtil.class]
2021-10-26-10-39 [RMI TCP Connection(5)-127.0.0.1] [org.mybatis.spring.mapper.ClassPathMapperScanner] [DEBUG] - Ignored because not a concrete top-level class: file [D:\myFile\javaEE\nchkkjxy\out\artifacts\nchkkjxy_war_exploded\WEB-INF\classes\com\nhky\utils\MD5.class]
2021-10-26-10-39 [RMI TCP Connection(5)-127.0.0.1] [org.mybatis.spring.mapper.ClassPathMapperScanner] [DEBUG] - Ignored because not a concrete top-level class: file [D:\myFile\javaEE\nchkkjxy\out\artifacts\nchkkjxy_war_exploded\WEB-INF\classes\com\nhky\utils\StringUtil.class]
2021-10-26-10-39 [RMI TCP Connection(5)-127.0.0.1] [org.mybatis.spring.mapper.ClassPathMapperScanner] [DEBUG] - Creating MapperFactoryBean with name 'loginAndRegisterDao' and 'com.nhky.loginAndRegister.dao.LoginAndRegisterDao' mapperInterface
2021-10-26-10-39 [RMI TCP Connection(5)-127.0.0.1] [org.mybatis.spring.mapper.ClassPathMapperScanner] [DEBUG] - Creating MapperFactoryBean with name 'loginAndRegisterService' and 'com.nhky.loginAndRegister.service.LoginAndRegisterService' mapperInterface
2021-10-26-10-39 [RMI TCP Connection(5)-127.0.0.1] [org.apache.ibatis.logging.LogFactory] [DEBUG] - Logging initialized using 'org.apache.ibatis.logging.slf4j.Slf4jImpl' adapter.
2021-10-26-10-39 [RMI TCP Connection(5)-127.0.0.1] [com.alibaba.druid.pool.DruidDataSource] [INFO] - {dataSource-1} inited
2021-10-26-10-39 [RMI TCP Connection(5)-127.0.0.1] [org.mybatis.spring.SqlSessionFactoryBean] [DEBUG] - Parsed configuration file: 'class path resource [mybatis.xml]'
2021-10-26-10-39 [RMI TCP Connection(5)-127.0.0.1] [org.mybatis.spring.SqlSessionFactoryBean] [DEBUG] - Property 'mapperLocations' was not specified or no matching resources found
2021-10-26-10-40 [http-nio-8080-exec-3] [com.nhky.utils.LogUtil] [INFO] - -----INFO    去注册    [xjh-日志-2021年40月26日 10时10分47秒]
2021-10-26-10-41 [Druid-ConnectionPool-Create-109023547] [com.alibaba.druid.pool.DruidDataSource] [ERROR] - create connection error, url: jdbc:mysql://localhost:3306/java_iccard_db?serverTimezone=UTC&characterEncoding=utf-8
com.mysql.jdbc.exceptions.jdbc4.CommunicationsException: Communications link failure

Last packet sent to the server was 0 ms ago.
	at sun.reflect.NativeConstructorAccessorImpl.newInstance0(Native Method)
	at sun.reflect.NativeConstructorAccessorImpl.newInstance(NativeConstructorAccessorImpl.java:62)
	at sun.reflect.DelegatingConstructorAccessorImpl.newInstance(DelegatingConstructorAccessorImpl.java:45)
	at java.lang.reflect.Constructor.newInstance(Constructor.java:423)
	at com.mysql.jdbc.Util.handleNewInstance(Util.java:406)
	at com.mysql.jdbc.SQLError.createCommunicationsException(SQLError.java:1074)
	at com.mysql.jdbc.ConnectionImpl.createNewIO(ConnectionImpl.java:2103)
	at com.mysql.jdbc.ConnectionImpl.<init>(ConnectionImpl.java:718)
	at com.mysql.jdbc.JDBC4Connection.<init>(JDBC4Connection.java:46)
	at sun.reflect.NativeConstructorAccessorImpl.newInstance0(Native Method)
	at sun.reflect.NativeConstructorAccessorImpl.newInstance(NativeConstructorAccessorImpl.java:62)
	at sun.reflect.DelegatingConstructorAccessorImpl.newInstance(DelegatingConstructorAccessorImpl.java:45)
	at java.lang.reflect.Constructor.newInstance(Constructor.java:423)
	at com.mysql.jdbc.Util.handleNewInstance(Util.java:406)
	at com.mysql.jdbc.ConnectionImpl.getInstance(ConnectionImpl.java:302)
	at com.mysql.jdbc.NonRegisteringDriver.connect(NonRegisteringDriver.java:282)
	at com.alibaba.druid.pool.DruidAbstractDataSource.createPhysicalConnection(DruidAbstractDataSource.java:1375)
	at com.alibaba.druid.pool.DruidAbstractDataSource.createPhysicalConnection(DruidAbstractDataSource.java:1431)
	at com.alibaba.druid.pool.DruidDataSource$CreateConnectionThread.run(DruidDataSource.java:1888)
Caused by: java.net.ConnectException: Connection refused: connect
	at java.net.DualStackPlainSocketImpl.connect0(Native Method)
	at java.net.DualStackPlainSocketImpl.socketConnect(DualStackPlainSocketImpl.java:75)
	at java.net.AbstractPlainSocketImpl.doConnect(AbstractPlainSocketImpl.java:476)
	at java.net.AbstractPlainSocketImpl.connectToAddress(AbstractPlainSocketImpl.java:218)
	at java.net.AbstractPlainSocketImpl.connect(AbstractPlainSocketImpl.java:200)
	at java.net.PlainSocketImpl.connect(PlainSocketImpl.java:162)
	at java.net.SocksSocketImpl.connect(SocksSocketImpl.java:394)
	at java.net.Socket.connect(Socket.java:606)
	at java.net.Socket.connect(Socket.java:555)
	at java.net.Socket.<init>(Socket.java:451)
	at java.net.Socket.<init>(Socket.java:261)
	at com.mysql.jdbc.StandardSocketFactory.connect(StandardSocketFactory.java:253)
	at com.mysql.jdbc.MysqlIO.<init>(MysqlIO.java:280)
	at com.mysql.jdbc.ConnectionImpl.createNewIO(ConnectionImpl.java:2026)
	... 12 more
2021-10-26-10-42 [Druid-ConnectionPool-Create-109023547] [com.alibaba.druid.pool.DruidDataSource] [ERROR] - create connection error, url: jdbc:mysql://localhost:3306/java_iccard_db?serverTimezone=UTC&characterEncoding=utf-8
com.mysql.jdbc.exceptions.jdbc4.CommunicationsException: Communications link failure

Last packet sent to the server was 0 ms ago.
	at sun.reflect.NativeConstructorAccessorImpl.newInstance0(Native Method)
	at sun.reflect.NativeConstructorAccessorImpl.newInstance(NativeConstructorAccessorImpl.java:62)
	at sun.reflect.DelegatingConstructorAccessorImpl.newInstance(DelegatingConstructorAccessorImpl.java:45)
	at java.lang.reflect.Constructor.newInstance(Constructor.java:423)
	at com.mysql.jdbc.Util.handleNewInstance(Util.java:406)
	at com.mysql.jdbc.SQLError.createCommunicationsException(SQLError.java:1074)
	at com.mysql.jdbc.ConnectionImpl.createNewIO(ConnectionImpl.java:2103)
	at com.mysql.jdbc.ConnectionImpl.<init>(ConnectionImpl.java:718)
	at com.mysql.jdbc.JDBC4Connection.<init>(JDBC4Connection.java:46)
	at sun.reflect.NativeConstructorAccessorImpl.newInstance0(Native Method)
	at sun.reflect.NativeConstructorAccessorImpl.newInstance(NativeConstructorAccessorImpl.java:62)
	at sun.reflect.DelegatingConstructorAccessorImpl.newInstance(DelegatingConstructorAccessorImpl.java:45)
	at java.lang.reflect.Constructor.newInstance(Constructor.java:423)
	at com.mysql.jdbc.Util.handleNewInstance(Util.java:406)
	at com.mysql.jdbc.ConnectionImpl.getInstance(ConnectionImpl.java:302)
	at com.mysql.jdbc.NonRegisteringDriver.connect(NonRegisteringDriver.java:282)
	at com.alibaba.druid.pool.DruidAbstractDataSource.createPhysicalConnection(DruidAbstractDataSource.java:1375)
	at com.alibaba.druid.pool.DruidAbstractDataSource.createPhysicalConnection(DruidAbstractDataSource.java:1431)
	at com.alibaba.druid.pool.DruidDataSource$CreateConnectionThread.run(DruidDataSource.java:1888)
Caused by: java.net.ConnectException: Connection refused: connect
	at java.net.DualStackPlainSocketImpl.connect0(Native Method)
	at java.net.DualStackPlainSocketImpl.socketConnect(DualStackPlainSocketImpl.java:75)
	at java.net.AbstractPlainSocketImpl.doConnect(AbstractPlainSocketImpl.java:476)
	at java.net.AbstractPlainSocketImpl.connectToAddress(AbstractPlainSocketImpl.java:218)
	at java.net.AbstractPlainSocketImpl.connect(AbstractPlainSocketImpl.java:200)
	at java.net.PlainSocketImpl.connect(PlainSocketImpl.java:162)
	at java.net.SocksSocketImpl.connect(SocksSocketImpl.java:394)
	at java.net.Socket.connect(Socket.java:606)
	at java.net.Socket.connect(Socket.java:555)
	at java.net.Socket.<init>(Socket.java:451)
	at java.net.Socket.<init>(Socket.java:261)
	at com.mysql.jdbc.StandardSocketFactory.connect(StandardSocketFactory.java:253)
	at com.mysql.jdbc.MysqlIO.<init>(MysqlIO.java:280)
	at com.mysql.jdbc.ConnectionImpl.createNewIO(ConnectionImpl.java:2026)
	... 12 more
2021-10-26-10-42 [Druid-ConnectionPool-Create-109023547] [com.alibaba.druid.pool.DruidDataSource] [ERROR] - create connection error, url: jdbc:mysql://localhost:3306/java_iccard_db?serverTimezone=UTC&characterEncoding=utf-8
com.mysql.jdbc.exceptions.jdbc4.CommunicationsException: Communications link failure

Last packet sent to the server was 0 ms ago.
	at sun.reflect.NativeConstructorAccessorImpl.newInstance0(Native Method)
	at sun.reflect.NativeConstructorAccessorImpl.newInstance(NativeConstructorAccessorImpl.java:62)
	at sun.reflect.DelegatingConstructorAccessorImpl.newInstance(DelegatingConstructorAccessorImpl.java:45)
	at java.lang.reflect.Constructor.newInstance(Constructor.java:423)
	at com.mysql.jdbc.Util.handleNewInstance(Util.java:406)
	at com.mysql.jdbc.SQLError.createCommunicationsException(SQLError.java:1074)
	at com.mysql.jdbc.ConnectionImpl.createNewIO(ConnectionImpl.java:2103)
	at com.mysql.jdbc.ConnectionImpl.<init>(ConnectionImpl.java:718)
	at com.mysql.jdbc.JDBC4Connection.<init>(JDBC4Connection.java:46)
	at sun.reflect.NativeConstructorAccessorImpl.newInstance0(Native Method)
	at sun.reflect.NativeConstructorAccessorImpl.newInstance(NativeConstructorAccessorImpl.java:62)
	at sun.reflect.DelegatingConstructorAccessorImpl.newInstance(DelegatingConstructorAccessorImpl.java:45)
	at java.lang.reflect.Constructor.newInstance(Constructor.java:423)
	at com.mysql.jdbc.Util.handleNewInstance(Util.java:406)
	at com.mysql.jdbc.ConnectionImpl.getInstance(ConnectionImpl.java:302)
	at com.mysql.jdbc.NonRegisteringDriver.connect(NonRegisteringDriver.java:282)
	at com.alibaba.druid.pool.DruidAbstractDataSource.createPhysicalConnection(DruidAbstractDataSource.java:1375)
	at com.alibaba.druid.pool.DruidAbstractDataSource.createPhysicalConnection(DruidAbstractDataSource.java:1431)
	at com.alibaba.druid.pool.DruidDataSource$CreateConnectionThread.run(DruidDataSource.java:1888)
Caused by: java.net.ConnectException: Connection refused: connect
	at java.net.DualStackPlainSocketImpl.connect0(Native Method)
	at java.net.DualStackPlainSocketImpl.socketConnect(DualStackPlainSocketImpl.java:75)
	at java.net.AbstractPlainSocketImpl.doConnect(AbstractPlainSocketImpl.java:476)
	at java.net.AbstractPlainSocketImpl.connectToAddress(AbstractPlainSocketImpl.java:218)
	at java.net.AbstractPlainSocketImpl.connect(AbstractPlainSocketImpl.java:200)
	at java.net.PlainSocketImpl.connect(PlainSocketImpl.java:162)
	at java.net.SocksSocketImpl.connect(SocksSocketImpl.java:394)
	at java.net.Socket.connect(Socket.java:606)
	at java.net.Socket.connect(Socket.java:555)
	at java.net.Socket.<init>(Socket.java:451)
	at java.net.Socket.<init>(Socket.java:261)
	at com.mysql.jdbc.StandardSocketFactory.connect(StandardSocketFactory.java:253)
	at com.mysql.jdbc.MysqlIO.<init>(MysqlIO.java:280)
	at com.mysql.jdbc.ConnectionImpl.createNewIO(ConnectionImpl.java:2026)
	... 12 more
2021-10-26-10-42 [Druid-ConnectionPool-Create-109023547] [com.alibaba.druid.pool.DruidDataSource] [ERROR] - create connection error, url: jdbc:mysql://localhost:3306/java_iccard_db?serverTimezone=UTC&characterEncoding=utf-8
com.mysql.jdbc.exceptions.jdbc4.CommunicationsException: Communications link failure

Last packet sent to the server was 0 ms ago.
	at sun.reflect.NativeConstructorAccessorImpl.newInstance0(Native Method)
	at sun.reflect.NativeConstructorAccessorImpl.newInstance(NativeConstructorAccessorImpl.java:62)
	at sun.reflect.DelegatingConstructorAccessorImpl.newInstance(DelegatingConstructorAccessorImpl.java:45)
	at java.lang.reflect.Constructor.newInstance(Constructor.java:423)
	at com.mysql.jdbc.Util.handleNewInstance(Util.java:406)
	at com.mysql.jdbc.SQLError.createCommunicationsException(SQLError.java:1074)
	at com.mysql.jdbc.ConnectionImpl.createNewIO(ConnectionImpl.java:2103)
	at com.mysql.jdbc.ConnectionImpl.<init>(ConnectionImpl.java:718)
	at com.mysql.jdbc.JDBC4Connection.<init>(JDBC4Connection.java:46)
	at sun.reflect.NativeConstructorAccessorImpl.newInstance0(Native Method)
	at sun.reflect.NativeConstructorAccessorImpl.newInstance(NativeConstructorAccessorImpl.java:62)
	at sun.reflect.DelegatingConstructorAccessorImpl.newInstance(DelegatingConstructorAccessorImpl.java:45)
	at java.lang.reflect.Constructor.newInstance(Constructor.java:423)
	at com.mysql.jdbc.Util.handleNewInstance(Util.java:406)
	at com.mysql.jdbc.ConnectionImpl.getInstance(ConnectionImpl.java:302)
	at com.mysql.jdbc.NonRegisteringDriver.connect(NonRegisteringDriver.java:282)
	at com.alibaba.druid.pool.DruidAbstractDataSource.createPhysicalConnection(DruidAbstractDataSource.java:1375)
	at com.alibaba.druid.pool.DruidAbstractDataSource.createPhysicalConnection(DruidAbstractDataSource.java:1431)
	at com.alibaba.druid.pool.DruidDataSource$CreateConnectionThread.run(DruidDataSource.java:1888)
Caused by: java.net.ConnectException: Connection refused: connect
	at java.net.DualStackPlainSocketImpl.connect0(Native Method)
	at java.net.DualStackPlainSocketImpl.socketConnect(DualStackPlainSocketImpl.java:75)
	at java.net.AbstractPlainSocketImpl.doConnect(AbstractPlainSocketImpl.java:476)
	at java.net.AbstractPlainSocketImpl.connectToAddress(AbstractPlainSocketImpl.java:218)
	at java.net.AbstractPlainSocketImpl.connect(AbstractPlainSocketImpl.java:200)
	at java.net.PlainSocketImpl.connect(PlainSocketImpl.java:162)
	at java.net.SocksSocketImpl.connect(SocksSocketImpl.java:394)
	at java.net.Socket.connect(Socket.java:606)
	at java.net.Socket.connect(Socket.java:555)
	at java.net.Socket.<init>(Socket.java:451)
	at java.net.Socket.<init>(Socket.java:261)
	at com.mysql.jdbc.StandardSocketFactory.connect(StandardSocketFactory.java:253)
	at com.mysql.jdbc.MysqlIO.<init>(MysqlIO.java:280)
	at com.mysql.jdbc.ConnectionImpl.createNewIO(ConnectionImpl.java:2026)
	... 12 more
2021-10-26-10-42 [Druid-ConnectionPool-Create-109023547] [com.alibaba.druid.pool.DruidDataSource] [ERROR] - create connection error, url: jdbc:mysql://localhost:3306/java_iccard_db?serverTimezone=UTC&characterEncoding=utf-8
com.mysql.jdbc.exceptions.jdbc4.CommunicationsException: Communications link failure

Last packet sent to the server was 0 ms ago.
	at sun.reflect.NativeConstructorAccessorImpl.newInstance0(Native Method)
	at sun.reflect.NativeConstructorAccessorImpl.newInstance(NativeConstructorAccessorImpl.java:62)
	at sun.reflect.DelegatingConstructorAccessorImpl.newInstance(DelegatingConstructorAccessorImpl.java:45)
	at java.lang.reflect.Constructor.newInstance(Constructor.java:423)
	at com.mysql.jdbc.Util.handleNewInstance(Util.java:406)
	at com.mysql.jdbc.SQLError.createCommunicationsException(SQLError.java:1074)
	at com.mysql.jdbc.ConnectionImpl.createNewIO(ConnectionImpl.java:2103)
	at com.mysql.jdbc.ConnectionImpl.<init>(ConnectionImpl.java:718)
	at com.mysql.jdbc.JDBC4Connection.<init>(JDBC4Connection.java:46)
	at sun.reflect.NativeConstructorAccessorImpl.newInstance0(Native Method)
	at sun.reflect.NativeConstructorAccessorImpl.newInstance(NativeConstructorAccessorImpl.java:62)
	at sun.reflect.DelegatingConstructorAccessorImpl.newInstance(DelegatingConstructorAccessorImpl.java:45)
	at java.lang.reflect.Constructor.newInstance(Constructor.java:423)
	at com.mysql.jdbc.Util.handleNewInstance(Util.java:406)
	at com.mysql.jdbc.ConnectionImpl.getInstance(ConnectionImpl.java:302)
	at com.mysql.jdbc.NonRegisteringDriver.connect(NonRegisteringDriver.java:282)
	at com.alibaba.druid.pool.DruidAbstractDataSource.createPhysicalConnection(DruidAbstractDataSource.java:1375)
	at com.alibaba.druid.pool.DruidAbstractDataSource.createPhysicalConnection(DruidAbstractDataSource.java:1431)
	at com.alibaba.druid.pool.DruidDataSource$CreateConnectionThread.run(DruidDataSource.java:1888)
Caused by: java.net.ConnectException: Connection refused: connect
	at java.net.DualStackPlainSocketImpl.connect0(Native Method)
	at java.net.DualStackPlainSocketImpl.socketConnect(DualStackPlainSocketImpl.java:75)
	at java.net.AbstractPlainSocketImpl.doConnect(AbstractPlainSocketImpl.java:476)
	at java.net.AbstractPlainSocketImpl.connectToAddress(AbstractPlainSocketImpl.java:218)
	at java.net.AbstractPlainSocketImpl.connect(AbstractPlainSocketImpl.java:200)
	at java.net.PlainSocketImpl.connect(PlainSocketImpl.java:162)
	at java.net.SocksSocketImpl.connect(SocksSocketImpl.java:394)
	at java.net.Socket.connect(Socket.java:606)
	at java.net.Socket.connect(Socket.java:555)
	at java.net.Socket.<init>(Socket.java:451)
	at java.net.Socket.<init>(Socket.java:261)
	at com.mysql.jdbc.StandardSocketFactory.connect(StandardSocketFactory.java:253)
	at com.mysql.jdbc.MysqlIO.<init>(MysqlIO.java:280)
	at com.mysql.jdbc.ConnectionImpl.createNewIO(ConnectionImpl.java:2026)
	... 12 more
2021-10-26-10-42 [Druid-ConnectionPool-Create-109023547] [com.alibaba.druid.pool.DruidDataSource] [ERROR] - create connection error, url: jdbc:mysql://localhost:3306/java_iccard_db?serverTimezone=UTC&characterEncoding=utf-8
com.mysql.jdbc.exceptions.jdbc4.CommunicationsException: Communications link failure

Last packet sent to the server was 0 ms ago.
	at sun.reflect.NativeConstructorAccessorImpl.newInstance0(Native Method)
	at sun.reflect.NativeConstructorAccessorImpl.newInstance(NativeConstructorAccessorImpl.java:62)
	at sun.reflect.DelegatingConstructorAccessorImpl.newInstance(DelegatingConstructorAccessorImpl.java:45)
	at java.lang.reflect.Constructor.newInstance(Constructor.java:423)
	at com.mysql.jdbc.Util.handleNewInstance(Util.java:406)
	at com.mysql.jdbc.SQLError.createCommunicationsException(SQLError.java:1074)
	at com.mysql.jdbc.ConnectionImpl.createNewIO(ConnectionImpl.java:2103)
	at com.mysql.jdbc.ConnectionImpl.<init>(ConnectionImpl.java:718)
	at com.mysql.jdbc.JDBC4Connection.<init>(JDBC4Connection.java:46)
	at sun.reflect.NativeConstructorAccessorImpl.newInstance0(Native Method)
	at sun.reflect.NativeConstructorAccessorImpl.newInstance(NativeConstructorAccessorImpl.java:62)
	at sun.reflect.DelegatingConstructorAccessorImpl.newInstance(DelegatingConstructorAccessorImpl.java:45)
	at java.lang.reflect.Constructor.newInstance(Constructor.java:423)
	at com.mysql.jdbc.Util.handleNewInstance(Util.java:406)
	at com.mysql.jdbc.ConnectionImpl.getInstance(ConnectionImpl.java:302)
	at com.mysql.jdbc.NonRegisteringDriver.connect(NonRegisteringDriver.java:282)
	at com.alibaba.druid.pool.DruidAbstractDataSource.createPhysicalConnection(DruidAbstractDataSource.java:1375)
	at com.alibaba.druid.pool.DruidAbstractDataSource.createPhysicalConnection(DruidAbstractDataSource.java:1431)
	at com.alibaba.druid.pool.DruidDataSource$CreateConnectionThread.run(DruidDataSource.java:1888)
Caused by: java.net.ConnectException: Connection refused: connect
	at java.net.DualStackPlainSocketImpl.connect0(Native Method)
	at java.net.DualStackPlainSocketImpl.socketConnect(DualStackPlainSocketImpl.java:75)
	at java.net.AbstractPlainSocketImpl.doConnect(AbstractPlainSocketImpl.java:476)
	at java.net.AbstractPlainSocketImpl.connectToAddress(AbstractPlainSocketImpl.java:218)
	at java.net.AbstractPlainSocketImpl.connect(AbstractPlainSocketImpl.java:200)
	at java.net.PlainSocketImpl.connect(PlainSocketImpl.java:162)
	at java.net.SocksSocketImpl.connect(SocksSocketImpl.java:394)
	at java.net.Socket.connect(Socket.java:606)
	at java.net.Socket.connect(Socket.java:555)
	at java.net.Socket.<init>(Socket.java:451)
	at java.net.Socket.<init>(Socket.java:261)
	at com.mysql.jdbc.StandardSocketFactory.connect(StandardSocketFactory.java:253)
	at com.mysql.jdbc.MysqlIO.<init>(MysqlIO.java:280)
	at com.mysql.jdbc.ConnectionImpl.createNewIO(ConnectionImpl.java:2026)
	... 12 more
2021-10-26-10-42 [Druid-ConnectionPool-Create-109023547] [com.alibaba.druid.pool.DruidDataSource] [ERROR] - create connection error, url: jdbc:mysql://localhost:3306/java_iccard_db?serverTimezone=UTC&characterEncoding=utf-8
com.mysql.jdbc.exceptions.jdbc4.CommunicationsException: Communications link failure

Last packet sent to the server was 0 ms ago.
	at sun.reflect.NativeConstructorAccessorImpl.newInstance0(Native Method)
	at sun.reflect.NativeConstructorAccessorImpl.newInstance(NativeConstructorAccessorImpl.java:62)
	at sun.reflect.DelegatingConstructorAccessorImpl.newInstance(DelegatingConstructorAccessorImpl.java:45)
	at java.lang.reflect.Constructor.newInstance(Constructor.java:423)
	at com.mysql.jdbc.Util.handleNewInstance(Util.java:406)
	at com.mysql.jdbc.SQLError.createCommunicationsException(SQLError.java:1074)
	at com.mysql.jdbc.ConnectionImpl.createNewIO(ConnectionImpl.java:2103)
	at com.mysql.jdbc.ConnectionImpl.<init>(ConnectionImpl.java:718)
	at com.mysql.jdbc.JDBC4Connection.<init>(JDBC4Connection.java:46)
	at sun.reflect.NativeConstructorAccessorImpl.newInstance0(Native Method)
	at sun.reflect.NativeConstructorAccessorImpl.newInstance(NativeConstructorAccessorImpl.java:62)
	at sun.reflect.DelegatingConstructorAccessorImpl.newInstance(DelegatingConstructorAccessorImpl.java:45)
	at java.lang.reflect.Constructor.newInstance(Constructor.java:423)
	at com.mysql.jdbc.Util.handleNewInstance(Util.java:406)
	at com.mysql.jdbc.ConnectionImpl.getInstance(ConnectionImpl.java:302)
	at com.mysql.jdbc.NonRegisteringDriver.connect(NonRegisteringDriver.java:282)
	at com.alibaba.druid.pool.DruidAbstractDataSource.createPhysicalConnection(DruidAbstractDataSource.java:1375)
	at com.alibaba.druid.pool.DruidAbstractDataSource.createPhysicalConnection(DruidAbstractDataSource.java:1431)
	at com.alibaba.druid.pool.DruidDataSource$CreateConnectionThread.run(DruidDataSource.java:1888)
Caused by: java.net.ConnectException: Connection refused: connect
	at java.net.DualStackPlainSocketImpl.connect0(Native Method)
	at java.net.DualStackPlainSocketImpl.socketConnect(DualStackPlainSocketImpl.java:75)
	at java.net.AbstractPlainSocketImpl.doConnect(AbstractPlainSocketImpl.java:476)
	at java.net.AbstractPlainSocketImpl.connectToAddress(AbstractPlainSocketImpl.java:218)
	at java.net.AbstractPlainSocketImpl.connect(AbstractPlainSocketImpl.java:200)
	at java.net.PlainSocketImpl.connect(PlainSocketImpl.java:162)
	at java.net.SocksSocketImpl.connect(SocksSocketImpl.java:394)
	at java.net.Socket.connect(Socket.java:606)
	at java.net.Socket.connect(Socket.java:555)
	at java.net.Socket.<init>(Socket.java:451)
	at java.net.Socket.<init>(Socket.java:261)
	at com.mysql.jdbc.StandardSocketFactory.connect(StandardSocketFactory.java:253)
	at com.mysql.jdbc.MysqlIO.<init>(MysqlIO.java:280)
	at com.mysql.jdbc.ConnectionImpl.createNewIO(ConnectionImpl.java:2026)
	... 12 more
2021-10-26-10-42 [Druid-ConnectionPool-Create-109023547] [com.alibaba.druid.pool.DruidDataSource] [ERROR] - create connection error, url: jdbc:mysql://localhost:3306/java_iccard_db?serverTimezone=UTC&characterEncoding=utf-8
com.mysql.jdbc.exceptions.jdbc4.CommunicationsException: Communications link failure

Last packet sent to the server was 0 ms ago.
	at sun.reflect.NativeConstructorAccessorImpl.newInstance0(Native Method)
	at sun.reflect.NativeConstructorAccessorImpl.newInstance(NativeConstructorAccessorImpl.java:62)
	at sun.reflect.DelegatingConstructorAccessorImpl.newInstance(DelegatingConstructorAccessorImpl.java:45)
	at java.lang.reflect.Constructor.newInstance(Constructor.java:423)
	at com.mysql.jdbc.Util.handleNewInstance(Util.java:406)
	at com.mysql.jdbc.SQLError.createCommunicationsException(SQLError.java:1074)
	at com.mysql.jdbc.ConnectionImpl.createNewIO(ConnectionImpl.java:2103)
	at com.mysql.jdbc.ConnectionImpl.<init>(ConnectionImpl.java:718)
	at com.mysql.jdbc.JDBC4Connection.<init>(JDBC4Connection.java:46)
	at sun.reflect.NativeConstructorAccessorImpl.newInstance0(Native Method)
	at sun.reflect.NativeConstructorAccessorImpl.newInstance(NativeConstructorAccessorImpl.java:62)
	at sun.reflect.DelegatingConstructorAccessorImpl.newInstance(DelegatingConstructorAccessorImpl.java:45)
	at java.lang.reflect.Constructor.newInstance(Constructor.java:423)
	at com.mysql.jdbc.Util.handleNewInstance(Util.java:406)
	at com.mysql.jdbc.ConnectionImpl.getInstance(ConnectionImpl.java:302)
	at com.mysql.jdbc.NonRegisteringDriver.connect(NonRegisteringDriver.java:282)
	at com.alibaba.druid.pool.DruidAbstractDataSource.createPhysicalConnection(DruidAbstractDataSource.java:1375)
	at com.alibaba.druid.pool.DruidAbstractDataSource.createPhysicalConnection(DruidAbstractDataSource.java:1431)
	at com.alibaba.druid.pool.DruidDataSource$CreateConnectionThread.run(DruidDataSource.java:1888)
Caused by: java.net.ConnectException: Connection refused: connect
	at java.net.DualStackPlainSocketImpl.connect0(Native Method)
	at java.net.DualStackPlainSocketImpl.socketConnect(DualStackPlainSocketImpl.java:75)
	at java.net.AbstractPlainSocketImpl.doConnect(AbstractPlainSocketImpl.java:476)
	at java.net.AbstractPlainSocketImpl.connectToAddress(AbstractPlainSocketImpl.java:218)
	at java.net.AbstractPlainSocketImpl.connect(AbstractPlainSocketImpl.java:200)
	at java.net.PlainSocketImpl.connect(PlainSocketImpl.java:162)
	at java.net.SocksSocketImpl.connect(SocksSocketImpl.java:394)
	at java.net.Socket.connect(Socket.java:606)
	at java.net.Socket.connect(Socket.java:555)
	at java.net.Socket.<init>(Socket.java:451)
	at java.net.Socket.<init>(Socket.java:261)
	at com.mysql.jdbc.StandardSocketFactory.connect(StandardSocketFactory.java:253)
	at com.mysql.jdbc.MysqlIO.<init>(MysqlIO.java:280)
	at com.mysql.jdbc.ConnectionImpl.createNewIO(ConnectionImpl.java:2026)
	... 12 more
2021-10-26-10-42 [http-nio-8080-exec-9] [org.mybatis.spring.SqlSessionUtils] [DEBUG] - Creating a new SqlSession
2021-10-26-10-42 [http-nio-8080-exec-9] [org.mybatis.spring.SqlSessionUtils] [DEBUG] - Registering transaction synchronization for SqlSession [org.apache.ibatis.session.defaults.DefaultSqlSession@7cfe853c]
2021-10-26-10-42 [http-nio-8080-exec-9] [org.mybatis.spring.transaction.SpringManagedTransaction] [DEBUG] - JDBC Connection [com.mysql.jdbc.JDBC4Connection@61169e79] will be managed by Spring
2021-10-26-10-42 [http-nio-8080-exec-9] [com.nhky.loginAndRegister.dao.LoginAndRegisterDao.hasUser] [DEBUG] - ooo Using Connection [com.mysql.jdbc.JDBC4Connection@61169e79]
2021-10-26-10-42 [http-nio-8080-exec-9] [com.nhky.loginAndRegister.dao.LoginAndRegisterDao.hasUser] [DEBUG] - ==>  Preparing: select count(id) from ic_main_user where phone = ? or identify_card = ? 
2021-10-26-10-42 [http-nio-8080-exec-9] [com.nhky.loginAndRegister.dao.LoginAndRegisterDao.hasUser] [DEBUG] - ==> Parameters: 19970246857(String), 362430188802152451(String)
2021-10-26-10-42 [http-nio-8080-exec-9] [org.mybatis.spring.SqlSessionUtils] [DEBUG] - Releasing transactional SqlSession [org.apache.ibatis.session.defaults.DefaultSqlSession@7cfe853c]
2021-10-26-10-42 [http-nio-8080-exec-9] [org.mybatis.spring.SqlSessionUtils] [DEBUG] - Fetched SqlSession [org.apache.ibatis.session.defaults.DefaultSqlSession@7cfe853c] from current transaction
2021-10-26-10-42 [http-nio-8080-exec-9] [com.nhky.loginAndRegister.dao.LoginAndRegisterDao.registerLoginUser] [DEBUG] - ooo Using Connection [com.mysql.jdbc.JDBC4Connection@61169e79]
2021-10-26-10-42 [http-nio-8080-exec-9] [com.nhky.loginAndRegister.dao.LoginAndRegisterDao.registerLoginUser] [DEBUG] - ==>  Preparing: insert into ic_main_easy_user (easy_id,`password`,`indentify`) values (?,?,'普通用户') 
2021-10-26-10-42 [http-nio-8080-exec-9] [com.nhky.loginAndRegister.dao.LoginAndRegisterDao.registerLoginUser] [DEBUG] - ==> Parameters: 19970246857(String), xxx123456(String)
2021-10-26-10-42 [http-nio-8080-exec-9] [org.mybatis.spring.SqlSessionUtils] [DEBUG] - Releasing transactional SqlSession [org.apache.ibatis.session.defaults.DefaultSqlSession@7cfe853c]
2021-10-26-10-42 [http-nio-8080-exec-9] [org.mybatis.spring.SqlSessionUtils] [DEBUG] - Fetched SqlSession [org.apache.ibatis.session.defaults.DefaultSqlSession@7cfe853c] from current transaction
2021-10-26-10-42 [http-nio-8080-exec-9] [com.nhky.loginAndRegister.dao.LoginAndRegisterDao.registerUser] [DEBUG] - ooo Using Connection [com.mysql.jdbc.JDBC4Connection@61169e79]
2021-10-26-10-42 [http-nio-8080-exec-9] [com.nhky.loginAndRegister.dao.LoginAndRegisterDao.registerUser] [DEBUG] - ==>  Preparing: insert into ic_main_user ( easy_id, `name`, identify_card, sex, head_url, register_identify, user_status, money_balance, node_status, phone ) values ( ?, ?, ?, ?, ?, ?, ?, ?, ?, ? ) 
2021-10-26-10-42 [http-nio-8080-exec-9] [com.nhky.loginAndRegister.dao.LoginAndRegisterDao.registerUser] [DEBUG] - ==> Parameters: 20(Long), zhang(String), 362430188802152451(String), 男(String), http://localhost:8080/nchkkjxy/pic/head_icon/defult_man.png(String), 普通用户(String), 1(String), 0.00(String), 1(String), 19970246857(String)
2021-10-26-10-42 [http-nio-8080-exec-9] [org.mybatis.spring.SqlSessionUtils] [DEBUG] - Releasing transactional SqlSession [org.apache.ibatis.session.defaults.DefaultSqlSession@7cfe853c]
2021-10-26-10-42 [http-nio-8080-exec-9] [org.mybatis.spring.SqlSessionUtils] [DEBUG] - Transaction synchronization committing SqlSession [org.apache.ibatis.session.defaults.DefaultSqlSession@7cfe853c]
2021-10-26-10-42 [http-nio-8080-exec-9] [org.mybatis.spring.SqlSessionUtils] [DEBUG] - Transaction synchronization deregistering SqlSession [org.apache.ibatis.session.defaults.DefaultSqlSession@7cfe853c]
2021-10-26-10-42 [http-nio-8080-exec-9] [org.mybatis.spring.SqlSessionUtils] [DEBUG] - Transaction synchronization closing SqlSession [org.apache.ibatis.session.defaults.DefaultSqlSession@7cfe853c]
2021-10-26-10-42 [http-nio-8080-exec-5] [org.mybatis.spring.SqlSessionUtils] [DEBUG] - Creating a new SqlSession
2021-10-26-10-42 [http-nio-8080-exec-5] [org.mybatis.spring.SqlSessionUtils] [DEBUG] - SqlSession [org.apache.ibatis.session.defaults.DefaultSqlSession@62a822df] was not registered for synchronization because synchronization is not active
2021-10-26-10-42 [http-nio-8080-exec-5] [org.mybatis.spring.transaction.SpringManagedTransaction] [DEBUG] - JDBC Connection [com.mysql.jdbc.JDBC4Connection@61169e79] will not be managed by Spring
2021-10-26-10-42 [http-nio-8080-exec-5] [com.nhky.loginAndRegister.dao.LoginAndRegisterDao.hasID] [DEBUG] - ooo Using Connection [com.mysql.jdbc.JDBC4Connection@61169e79]
2021-10-26-10-42 [http-nio-8080-exec-5] [com.nhky.loginAndRegister.dao.LoginAndRegisterDao.hasID] [DEBUG] - ==>  Preparing: select count(id) from ic_main_easy_user where easy_id = ? 
2021-10-26-10-42 [http-nio-8080-exec-5] [com.nhky.loginAndRegister.dao.LoginAndRegisterDao.hasID] [DEBUG] - ==> Parameters: xjh(String)
2021-10-26-10-42 [http-nio-8080-exec-5] [org.mybatis.spring.SqlSessionUtils] [DEBUG] - Closing non transactional SqlSession [org.apache.ibatis.session.defaults.DefaultSqlSession@62a822df]
2021-10-26-10-42 [http-nio-8080-exec-5] [org.mybatis.spring.SqlSessionUtils] [DEBUG] - Creating a new SqlSession
2021-10-26-10-42 [http-nio-8080-exec-5] [org.mybatis.spring.SqlSessionUtils] [DEBUG] - SqlSession [org.apache.ibatis.session.defaults.DefaultSqlSession@52666ac0] was not registered for synchronization because synchronization is not active
2021-10-26-10-42 [http-nio-8080-exec-5] [org.mybatis.spring.transaction.SpringManagedTransaction] [DEBUG] - JDBC Connection [com.mysql.jdbc.JDBC4Connection@61169e79] will not be managed by Spring
2021-10-26-10-42 [http-nio-8080-exec-5] [com.nhky.loginAndRegister.dao.LoginAndRegisterDao.getLoginUserById] [DEBUG] - ooo Using Connection [com.mysql.jdbc.JDBC4Connection@61169e79]
2021-10-26-10-42 [http-nio-8080-exec-5] [com.nhky.loginAndRegister.dao.LoginAndRegisterDao.getLoginUserById] [DEBUG] - ==>  Preparing: select id,easy_id,`password`,`indentify` from ic_main_easy_user where easy_id = ? 
2021-10-26-10-42 [http-nio-8080-exec-5] [com.nhky.loginAndRegister.dao.LoginAndRegisterDao.getLoginUserById] [DEBUG] - ==> Parameters: xjh(String)
2021-10-26-10-42 [http-nio-8080-exec-5] [org.mybatis.spring.SqlSessionUtils] [DEBUG] - Closing non transactional SqlSession [org.apache.ibatis.session.defaults.DefaultSqlSession@52666ac0]
2021-10-26-10-43 [http-nio-8080-exec-6] [com.nhky.utils.LogUtil] [INFO] - -----INFO    去注册    [xjh-日志-2021年43月26日 10时10分32秒]
2021-10-26-10-44 [http-nio-8080-exec-10] [org.mybatis.spring.SqlSessionUtils] [DEBUG] - Creating a new SqlSession
2021-10-26-10-44 [http-nio-8080-exec-10] [org.mybatis.spring.SqlSessionUtils] [DEBUG] - Registering transaction synchronization for SqlSession [org.apache.ibatis.session.defaults.DefaultSqlSession@14c3f4bb]
2021-10-26-10-44 [http-nio-8080-exec-10] [org.mybatis.spring.transaction.SpringManagedTransaction] [DEBUG] - JDBC Connection [com.mysql.jdbc.JDBC4Connection@61169e79] will be managed by Spring
2021-10-26-10-44 [http-nio-8080-exec-10] [com.nhky.loginAndRegister.dao.LoginAndRegisterDao.hasUser] [DEBUG] - ooo Using Connection [com.mysql.jdbc.JDBC4Connection@61169e79]
2021-10-26-10-44 [http-nio-8080-exec-10] [com.nhky.loginAndRegister.dao.LoginAndRegisterDao.hasUser] [DEBUG] - ==>  Preparing: select count(id) from ic_main_user where phone = ? or identify_card = ? 
2021-10-26-10-44 [http-nio-8080-exec-10] [com.nhky.loginAndRegister.dao.LoginAndRegisterDao.hasUser] [DEBUG] - ==> Parameters: 19970246857(String), 362430199914521452(String)
2021-10-26-10-44 [http-nio-8080-exec-10] [org.mybatis.spring.SqlSessionUtils] [DEBUG] - Releasing transactional SqlSession [org.apache.ibatis.session.defaults.DefaultSqlSession@14c3f4bb]
2021-10-26-10-44 [http-nio-8080-exec-10] [org.mybatis.spring.SqlSessionUtils] [DEBUG] - Transaction synchronization committing SqlSession [org.apache.ibatis.session.defaults.DefaultSqlSession@14c3f4bb]
2021-10-26-10-44 [http-nio-8080-exec-10] [org.mybatis.spring.SqlSessionUtils] [DEBUG] - Transaction synchronization deregistering SqlSession [org.apache.ibatis.session.defaults.DefaultSqlSession@14c3f4bb]
2021-10-26-10-44 [http-nio-8080-exec-10] [org.mybatis.spring.SqlSessionUtils] [DEBUG] - Transaction synchronization closing SqlSession [org.apache.ibatis.session.defaults.DefaultSqlSession@14c3f4bb]
2021-10-26-10-44 [http-nio-8080-exec-4] [org.mybatis.spring.SqlSessionUtils] [DEBUG] - Creating a new SqlSession
2021-10-26-10-44 [http-nio-8080-exec-4] [org.mybatis.spring.SqlSessionUtils] [DEBUG] - Registering transaction synchronization for SqlSession [org.apache.ibatis.session.defaults.DefaultSqlSession@69436c0d]
2021-10-26-10-44 [http-nio-8080-exec-4] [org.mybatis.spring.transaction.SpringManagedTransaction] [DEBUG] - JDBC Connection [com.mysql.jdbc.JDBC4Connection@61169e79] will be managed by Spring
2021-10-26-10-44 [http-nio-8080-exec-4] [com.nhky.loginAndRegister.dao.LoginAndRegisterDao.hasUser] [DEBUG] - ooo Using Connection [com.mysql.jdbc.JDBC4Connection@61169e79]
2021-10-26-10-44 [http-nio-8080-exec-4] [com.nhky.loginAndRegister.dao.LoginAndRegisterDao.hasUser] [DEBUG] - ==>  Preparing: select count(id) from ic_main_user where phone = ? or identify_card = ? 
2021-10-26-10-44 [http-nio-8080-exec-4] [com.nhky.loginAndRegister.dao.LoginAndRegisterDao.hasUser] [DEBUG] - ==> Parameters: 15770665421(String), 362430199914521452(String)
2021-10-26-10-44 [http-nio-8080-exec-4] [org.mybatis.spring.SqlSessionUtils] [DEBUG] - Releasing transactional SqlSession [org.apache.ibatis.session.defaults.DefaultSqlSession@69436c0d]
2021-10-26-10-44 [http-nio-8080-exec-4] [org.mybatis.spring.SqlSessionUtils] [DEBUG] - Fetched SqlSession [org.apache.ibatis.session.defaults.DefaultSqlSession@69436c0d] from current transaction
2021-10-26-10-44 [http-nio-8080-exec-4] [com.nhky.loginAndRegister.dao.LoginAndRegisterDao.registerLoginUser] [DEBUG] - ooo Using Connection [com.mysql.jdbc.JDBC4Connection@61169e79]
2021-10-26-10-44 [http-nio-8080-exec-4] [com.nhky.loginAndRegister.dao.LoginAndRegisterDao.registerLoginUser] [DEBUG] - ==>  Preparing: insert into ic_main_easy_user (easy_id,`password`,`indentify`) values (?,?,'普通用户') 
2021-10-26-10-44 [http-nio-8080-exec-4] [com.nhky.loginAndRegister.dao.LoginAndRegisterDao.registerLoginUser] [DEBUG] - ==> Parameters: 15770665421(String), xxx123(String)
2021-10-26-10-44 [http-nio-8080-exec-4] [org.mybatis.spring.SqlSessionUtils] [DEBUG] - Releasing transactional SqlSession [org.apache.ibatis.session.defaults.DefaultSqlSession@69436c0d]
2021-10-26-10-44 [http-nio-8080-exec-4] [org.mybatis.spring.SqlSessionUtils] [DEBUG] - Fetched SqlSession [org.apache.ibatis.session.defaults.DefaultSqlSession@69436c0d] from current transaction
2021-10-26-10-44 [http-nio-8080-exec-4] [com.nhky.loginAndRegister.dao.LoginAndRegisterDao.registerUser] [DEBUG] - ooo Using Connection [com.mysql.jdbc.JDBC4Connection@61169e79]
2021-10-26-10-44 [http-nio-8080-exec-4] [com.nhky.loginAndRegister.dao.LoginAndRegisterDao.registerUser] [DEBUG] - ==>  Preparing: insert into ic_main_user ( easy_id, `name`, identify_card, sex, head_url, register_identify, user_status, money_balance, node_status, phone ) values ( ?, ?, ?, ?, ?, ?, ?, ?, ?, ? ) 
2021-10-26-10-44 [http-nio-8080-exec-4] [com.nhky.loginAndRegister.dao.LoginAndRegisterDao.registerUser] [DEBUG] - ==> Parameters: 21(Long), zhang(String), 362430199914521452(String), 男(String), http://localhost:8080/nchkkjxy/pic/head_icon/defult_man.png(String), 普通用户(String), 1(String), 0.00(String), 1(String), 15770665421(String)
2021-10-26-10-44 [http-nio-8080-exec-4] [org.mybatis.spring.SqlSessionUtils] [DEBUG] - Releasing transactional SqlSession [org.apache.ibatis.session.defaults.DefaultSqlSession@69436c0d]
2021-10-26-10-44 [http-nio-8080-exec-4] [org.mybatis.spring.SqlSessionUtils] [DEBUG] - Transaction synchronization committing SqlSession [org.apache.ibatis.session.defaults.DefaultSqlSession@69436c0d]
2021-10-26-10-44 [http-nio-8080-exec-4] [org.mybatis.spring.SqlSessionUtils] [DEBUG] - Transaction synchronization deregistering SqlSession [org.apache.ibatis.session.defaults.DefaultSqlSession@69436c0d]
2021-10-26-10-44 [http-nio-8080-exec-4] [org.mybatis.spring.SqlSessionUtils] [DEBUG] - Transaction synchronization closing SqlSession [org.apache.ibatis.session.defaults.DefaultSqlSession@69436c0d]
2021-10-26-11-15 [main] [com.alibaba.druid.pool.DruidDataSource] [INFO] - {dataSource-1} closed
