2021-10-30-13-11 [RMI TCP Connection(2)-127.0.0.1] [org.mybatis.spring.mapper.ClassPathMapperScanner] [DEBUG] - Ignored because not a concrete top-level class: file [D:\myFile\javaEE\nchkkjxy\out\artifacts\nchkkjxy_war_exploded\WEB-INF\classes\com\nhky\loginAndRegister\controller\LoginAndRegister.class]
2021-10-30-13-11 [RMI TCP Connection(2)-127.0.0.1] [org.mybatis.spring.mapper.ClassPathMapperScanner] [DEBUG] - Identified candidate component class: file [D:\myFile\javaEE\nchkkjxy\out\artifacts\nchkkjxy_war_exploded\WEB-INF\classes\com\nhky\loginAndRegister\dao\LoginAndRegisterDao.class]
2021-10-30-13-11 [RMI TCP Connection(2)-127.0.0.1] [org.mybatis.spring.mapper.ClassPathMapperScanner] [DEBUG] - Identified candidate component class: file [D:\myFile\javaEE\nchkkjxy\out\artifacts\nchkkjxy_war_exploded\WEB-INF\classes\com\nhky\loginAndRegister\service\LoginAndRegisterService.class]
2021-10-30-13-11 [RMI TCP Connection(2)-127.0.0.1] [org.mybatis.spring.mapper.ClassPathMapperScanner] [DEBUG] - Ignored because not a concrete top-level class: file [D:\myFile\javaEE\nchkkjxy\out\artifacts\nchkkjxy_war_exploded\WEB-INF\classes\com\nhky\loginAndRegister\service\serviceImpl\LoginAndRegisterImpl.class]
2021-10-30-13-11 [RMI TCP Connection(2)-127.0.0.1] [org.mybatis.spring.mapper.ClassPathMapperScanner] [DEBUG] - Ignored because not a concrete top-level class: file [D:\myFile\javaEE\nchkkjxy\out\artifacts\nchkkjxy_war_exploded\WEB-INF\classes\com\nhky\pojo\EasyUser.class]
2021-10-30-13-11 [RMI TCP Connection(2)-127.0.0.1] [org.mybatis.spring.mapper.ClassPathMapperScanner] [DEBUG] - Ignored because not a concrete top-level class: file [D:\myFile\javaEE\nchkkjxy\out\artifacts\nchkkjxy_war_exploded\WEB-INF\classes\com\nhky\pojo\User.class]
2021-10-30-13-11 [RMI TCP Connection(2)-127.0.0.1] [org.mybatis.spring.mapper.ClassPathMapperScanner] [DEBUG] - Ignored because not a concrete top-level class: file [D:\myFile\javaEE\nchkkjxy\out\artifacts\nchkkjxy_war_exploded\WEB-INF\classes\com\nhky\utils\DateUtil.class]
2021-10-30-13-11 [RMI TCP Connection(2)-127.0.0.1] [org.mybatis.spring.mapper.ClassPathMapperScanner] [DEBUG] - Ignored because not a concrete top-level class: file [D:\myFile\javaEE\nchkkjxy\out\artifacts\nchkkjxy_war_exploded\WEB-INF\classes\com\nhky\utils\LogUtil.class]
2021-10-30-13-11 [RMI TCP Connection(2)-127.0.0.1] [org.mybatis.spring.mapper.ClassPathMapperScanner] [DEBUG] - Ignored because not a concrete top-level class: file [D:\myFile\javaEE\nchkkjxy\out\artifacts\nchkkjxy_war_exploded\WEB-INF\classes\com\nhky\utils\MapUtil.class]
2021-10-30-13-11 [RMI TCP Connection(2)-127.0.0.1] [org.mybatis.spring.mapper.ClassPathMapperScanner] [DEBUG] - Ignored because not a concrete top-level class: file [D:\myFile\javaEE\nchkkjxy\out\artifacts\nchkkjxy_war_exploded\WEB-INF\classes\com\nhky\utils\MD5.class]
2021-10-30-13-11 [RMI TCP Connection(2)-127.0.0.1] [org.mybatis.spring.mapper.ClassPathMapperScanner] [DEBUG] - Ignored because not a concrete top-level class: file [D:\myFile\javaEE\nchkkjxy\out\artifacts\nchkkjxy_war_exploded\WEB-INF\classes\com\nhky\utils\StringUtil.class]
2021-10-30-13-11 [RMI TCP Connection(2)-127.0.0.1] [org.mybatis.spring.mapper.ClassPathMapperScanner] [DEBUG] - Creating MapperFactoryBean with name 'loginAndRegisterDao' and 'com.nhky.loginAndRegister.dao.LoginAndRegisterDao' mapperInterface
2021-10-30-13-11 [RMI TCP Connection(2)-127.0.0.1] [org.mybatis.spring.mapper.ClassPathMapperScanner] [DEBUG] - Creating MapperFactoryBean with name 'loginAndRegisterService' and 'com.nhky.loginAndRegister.service.LoginAndRegisterService' mapperInterface
2021-10-30-13-11 [RMI TCP Connection(2)-127.0.0.1] [org.apache.ibatis.logging.LogFactory] [DEBUG] - Logging initialized using 'org.apache.ibatis.logging.slf4j.Slf4jImpl' adapter.
2021-10-30-13-11 [RMI TCP Connection(2)-127.0.0.1] [com.alibaba.druid.pool.DruidDataSource] [INFO] - {dataSource-1} inited
2021-10-30-13-11 [RMI TCP Connection(2)-127.0.0.1] [org.mybatis.spring.SqlSessionFactoryBean] [DEBUG] - Parsed configuration file: 'class path resource [mybatis.xml]'
2021-10-30-13-11 [RMI TCP Connection(2)-127.0.0.1] [org.mybatis.spring.SqlSessionFactoryBean] [DEBUG] - Property 'mapperLocations' was not specified or no matching resources found
2021-10-30-13-12 [http-nio-8080-exec-5] [com.nhky.utils.LogUtil] [INFO] - -----INFO    --获取到验证码：OL0EC4    [xjh-日志-2021年12月30日 13时10分11秒]
2021-10-30-13-12 [http-nio-8080-exec-6] [com.nhky.utils.LogUtil] [INFO] - -----INFO    --登录    [xjh-日志-2021年12月30日 13时10分25秒]
2021-10-30-13-12 [http-nio-8080-exec-9] [com.nhky.utils.LogUtil] [INFO] - -----INFO    --获取到验证码：VKB6ZJ    [xjh-日志-2021年12月30日 13时10分29秒]
2021-10-30-13-12 [http-nio-8080-exec-2] [com.nhky.utils.LogUtil] [INFO] - -----INFO    --登录    [xjh-日志-2021年12月30日 13时10分43秒]
2021-10-30-13-12 [http-nio-8080-exec-2] [org.mybatis.spring.SqlSessionUtils] [DEBUG] - Creating a new SqlSession
2021-10-30-13-12 [http-nio-8080-exec-2] [org.mybatis.spring.SqlSessionUtils] [DEBUG] - SqlSession [org.apache.ibatis.session.defaults.DefaultSqlSession@64f6dfe9] was not registered for synchronization because synchronization is not active
2021-10-30-13-12 [http-nio-8080-exec-2] [org.mybatis.spring.transaction.SpringManagedTransaction] [DEBUG] - JDBC Connection [com.mysql.jdbc.JDBC4Connection@5c1f8c3b] will not be managed by Spring
2021-10-30-13-12 [http-nio-8080-exec-2] [com.nhky.loginAndRegister.dao.LoginAndRegisterDao.hasID] [DEBUG] - ooo Using Connection [com.mysql.jdbc.JDBC4Connection@5c1f8c3b]
2021-10-30-13-12 [http-nio-8080-exec-2] [com.nhky.loginAndRegister.dao.LoginAndRegisterDao.hasID] [DEBUG] - ==>  Preparing: select count(id) from ic_main_easy_user where easy_id = ? 
2021-10-30-13-12 [http-nio-8080-exec-2] [com.nhky.loginAndRegister.dao.LoginAndRegisterDao.hasID] [DEBUG] - ==> Parameters: xjh(String)
2021-10-30-13-12 [http-nio-8080-exec-2] [org.mybatis.spring.SqlSessionUtils] [DEBUG] - Closing non transactional SqlSession [org.apache.ibatis.session.defaults.DefaultSqlSession@64f6dfe9]
2021-10-30-13-12 [http-nio-8080-exec-2] [org.mybatis.spring.SqlSessionUtils] [DEBUG] - Creating a new SqlSession
2021-10-30-13-12 [http-nio-8080-exec-2] [org.mybatis.spring.SqlSessionUtils] [DEBUG] - SqlSession [org.apache.ibatis.session.defaults.DefaultSqlSession@5744a333] was not registered for synchronization because synchronization is not active
2021-10-30-13-12 [http-nio-8080-exec-2] [org.mybatis.spring.transaction.SpringManagedTransaction] [DEBUG] - JDBC Connection [com.mysql.jdbc.JDBC4Connection@5c1f8c3b] will not be managed by Spring
2021-10-30-13-12 [http-nio-8080-exec-2] [com.nhky.loginAndRegister.dao.LoginAndRegisterDao.getLoginUserById] [DEBUG] - ooo Using Connection [com.mysql.jdbc.JDBC4Connection@5c1f8c3b]
2021-10-30-13-12 [http-nio-8080-exec-2] [com.nhky.loginAndRegister.dao.LoginAndRegisterDao.getLoginUserById] [DEBUG] - ==>  Preparing: select id,easy_id,`password`,`indentify` from ic_main_easy_user where easy_id = ? 
2021-10-30-13-12 [http-nio-8080-exec-2] [com.nhky.loginAndRegister.dao.LoginAndRegisterDao.getLoginUserById] [DEBUG] - ==> Parameters: xjh(String)
2021-10-30-13-12 [http-nio-8080-exec-2] [org.mybatis.spring.SqlSessionUtils] [DEBUG] - Closing non transactional SqlSession [org.apache.ibatis.session.defaults.DefaultSqlSession@5744a333]
2021-10-30-13-12 [http-nio-8080-exec-2] [com.nhky.utils.LogUtil] [INFO] - -----INFO    --用户：xjh已登录    [xjh-日志-2021年12月30日 13时10分44秒]
2021-10-30-13-13 [http-nio-8080-exec-7] [com.nhky.utils.LogUtil] [INFO] - -----INFO    --登录    [xjh-日志-2021年13月30日 13时10分02秒]
2021-10-30-13-13 [http-nio-8080-exec-7] [org.mybatis.spring.SqlSessionUtils] [DEBUG] - Creating a new SqlSession
2021-10-30-13-13 [http-nio-8080-exec-7] [org.mybatis.spring.SqlSessionUtils] [DEBUG] - SqlSession [org.apache.ibatis.session.defaults.DefaultSqlSession@13667312] was not registered for synchronization because synchronization is not active
2021-10-30-13-13 [http-nio-8080-exec-7] [org.mybatis.spring.transaction.SpringManagedTransaction] [DEBUG] - JDBC Connection [com.mysql.jdbc.JDBC4Connection@5c1f8c3b] will not be managed by Spring
2021-10-30-13-13 [http-nio-8080-exec-7] [com.nhky.loginAndRegister.dao.LoginAndRegisterDao.hasID] [DEBUG] - ooo Using Connection [com.mysql.jdbc.JDBC4Connection@5c1f8c3b]
2021-10-30-13-13 [http-nio-8080-exec-7] [com.nhky.loginAndRegister.dao.LoginAndRegisterDao.hasID] [DEBUG] - ==>  Preparing: select count(id) from ic_main_easy_user where easy_id = ? 
2021-10-30-13-13 [http-nio-8080-exec-7] [com.nhky.loginAndRegister.dao.LoginAndRegisterDao.hasID] [DEBUG] - ==> Parameters: xjh(String)
2021-10-30-13-13 [http-nio-8080-exec-7] [org.mybatis.spring.SqlSessionUtils] [DEBUG] - Closing non transactional SqlSession [org.apache.ibatis.session.defaults.DefaultSqlSession@13667312]
2021-10-30-13-13 [http-nio-8080-exec-7] [org.mybatis.spring.SqlSessionUtils] [DEBUG] - Creating a new SqlSession
2021-10-30-13-13 [http-nio-8080-exec-7] [org.mybatis.spring.SqlSessionUtils] [DEBUG] - SqlSession [org.apache.ibatis.session.defaults.DefaultSqlSession@4c87bf51] was not registered for synchronization because synchronization is not active
2021-10-30-13-13 [http-nio-8080-exec-7] [org.mybatis.spring.transaction.SpringManagedTransaction] [DEBUG] - JDBC Connection [com.mysql.jdbc.JDBC4Connection@5c1f8c3b] will not be managed by Spring
2021-10-30-13-13 [http-nio-8080-exec-7] [com.nhky.loginAndRegister.dao.LoginAndRegisterDao.getLoginUserById] [DEBUG] - ooo Using Connection [com.mysql.jdbc.JDBC4Connection@5c1f8c3b]
2021-10-30-13-13 [http-nio-8080-exec-7] [com.nhky.loginAndRegister.dao.LoginAndRegisterDao.getLoginUserById] [DEBUG] - ==>  Preparing: select id,easy_id,`password`,`indentify` from ic_main_easy_user where easy_id = ? 
2021-10-30-13-13 [http-nio-8080-exec-7] [com.nhky.loginAndRegister.dao.LoginAndRegisterDao.getLoginUserById] [DEBUG] - ==> Parameters: xjh(String)
2021-10-30-13-13 [http-nio-8080-exec-7] [org.mybatis.spring.SqlSessionUtils] [DEBUG] - Closing non transactional SqlSession [org.apache.ibatis.session.defaults.DefaultSqlSession@4c87bf51]
2021-10-30-13-13 [http-nio-8080-exec-7] [com.nhky.utils.LogUtil] [INFO] - -----INFO    --用户：xjh已登录    [xjh-日志-2021年13月30日 13时10分02秒]
2021-10-30-13-14 [http-nio-8080-exec-5] [com.nhky.utils.LogUtil] [INFO] - -----INFO    --登录    [xjh-日志-2021年14月30日 13时10分30秒]
2021-10-30-13-14 [http-nio-8080-exec-5] [org.mybatis.spring.SqlSessionUtils] [DEBUG] - Creating a new SqlSession
2021-10-30-13-14 [http-nio-8080-exec-5] [org.mybatis.spring.SqlSessionUtils] [DEBUG] - SqlSession [org.apache.ibatis.session.defaults.DefaultSqlSession@65ec74b7] was not registered for synchronization because synchronization is not active
2021-10-30-13-14 [http-nio-8080-exec-5] [org.mybatis.spring.transaction.SpringManagedTransaction] [DEBUG] - JDBC Connection [com.mysql.jdbc.JDBC4Connection@5c1f8c3b] will not be managed by Spring
2021-10-30-13-14 [http-nio-8080-exec-5] [com.nhky.loginAndRegister.dao.LoginAndRegisterDao.hasID] [DEBUG] - ooo Using Connection [com.mysql.jdbc.JDBC4Connection@5c1f8c3b]
2021-10-30-13-14 [http-nio-8080-exec-5] [com.nhky.loginAndRegister.dao.LoginAndRegisterDao.hasID] [DEBUG] - ==>  Preparing: select count(id) from ic_main_easy_user where easy_id = ? 
2021-10-30-13-14 [http-nio-8080-exec-5] [com.nhky.loginAndRegister.dao.LoginAndRegisterDao.hasID] [DEBUG] - ==> Parameters: xjh(String)
2021-10-30-13-14 [http-nio-8080-exec-5] [org.mybatis.spring.SqlSessionUtils] [DEBUG] - Closing non transactional SqlSession [org.apache.ibatis.session.defaults.DefaultSqlSession@65ec74b7]
2021-10-30-13-14 [http-nio-8080-exec-5] [org.mybatis.spring.SqlSessionUtils] [DEBUG] - Creating a new SqlSession
2021-10-30-13-14 [http-nio-8080-exec-5] [org.mybatis.spring.SqlSessionUtils] [DEBUG] - SqlSession [org.apache.ibatis.session.defaults.DefaultSqlSession@67489b90] was not registered for synchronization because synchronization is not active
2021-10-30-13-14 [http-nio-8080-exec-5] [org.mybatis.spring.transaction.SpringManagedTransaction] [DEBUG] - JDBC Connection [com.mysql.jdbc.JDBC4Connection@5c1f8c3b] will not be managed by Spring
2021-10-30-13-14 [http-nio-8080-exec-5] [com.nhky.loginAndRegister.dao.LoginAndRegisterDao.getLoginUserById] [DEBUG] - ooo Using Connection [com.mysql.jdbc.JDBC4Connection@5c1f8c3b]
2021-10-30-13-14 [http-nio-8080-exec-5] [com.nhky.loginAndRegister.dao.LoginAndRegisterDao.getLoginUserById] [DEBUG] - ==>  Preparing: select id,easy_id,`password`,`indentify` from ic_main_easy_user where easy_id = ? 
2021-10-30-13-14 [http-nio-8080-exec-5] [com.nhky.loginAndRegister.dao.LoginAndRegisterDao.getLoginUserById] [DEBUG] - ==> Parameters: xjh(String)
2021-10-30-13-14 [http-nio-8080-exec-5] [org.mybatis.spring.SqlSessionUtils] [DEBUG] - Closing non transactional SqlSession [org.apache.ibatis.session.defaults.DefaultSqlSession@67489b90]
2021-10-30-13-14 [http-nio-8080-exec-5] [com.nhky.utils.LogUtil] [INFO] - -----INFO    --用户：xjh已登录    [xjh-日志-2021年14月30日 13时10分30秒]
2021-10-30-13-15 [http-nio-8080-exec-1] [com.nhky.utils.LogUtil] [INFO] - -----INFO    --登录    [xjh-日志-2021年15月30日 13时10分30秒]
2021-10-30-13-15 [http-nio-8080-exec-1] [org.mybatis.spring.SqlSessionUtils] [DEBUG] - Creating a new SqlSession
2021-10-30-13-15 [http-nio-8080-exec-1] [org.mybatis.spring.SqlSessionUtils] [DEBUG] - SqlSession [org.apache.ibatis.session.defaults.DefaultSqlSession@1ae76b0d] was not registered for synchronization because synchronization is not active
2021-10-30-13-15 [http-nio-8080-exec-1] [org.mybatis.spring.transaction.SpringManagedTransaction] [DEBUG] - JDBC Connection [com.mysql.jdbc.JDBC4Connection@5c1f8c3b] will not be managed by Spring
2021-10-30-13-15 [http-nio-8080-exec-1] [com.nhky.loginAndRegister.dao.LoginAndRegisterDao.hasID] [DEBUG] - ooo Using Connection [com.mysql.jdbc.JDBC4Connection@5c1f8c3b]
2021-10-30-13-15 [http-nio-8080-exec-1] [com.nhky.loginAndRegister.dao.LoginAndRegisterDao.hasID] [DEBUG] - ==>  Preparing: select count(id) from ic_main_easy_user where easy_id = ? 
2021-10-30-13-15 [http-nio-8080-exec-1] [com.nhky.loginAndRegister.dao.LoginAndRegisterDao.hasID] [DEBUG] - ==> Parameters: xjh(String)
2021-10-30-13-15 [http-nio-8080-exec-1] [org.mybatis.spring.SqlSessionUtils] [DEBUG] - Closing non transactional SqlSession [org.apache.ibatis.session.defaults.DefaultSqlSession@1ae76b0d]
2021-10-30-13-15 [http-nio-8080-exec-1] [org.mybatis.spring.SqlSessionUtils] [DEBUG] - Creating a new SqlSession
2021-10-30-13-15 [http-nio-8080-exec-1] [org.mybatis.spring.SqlSessionUtils] [DEBUG] - SqlSession [org.apache.ibatis.session.defaults.DefaultSqlSession@592aefef] was not registered for synchronization because synchronization is not active
2021-10-30-13-15 [http-nio-8080-exec-1] [org.mybatis.spring.transaction.SpringManagedTransaction] [DEBUG] - JDBC Connection [com.mysql.jdbc.JDBC4Connection@5c1f8c3b] will not be managed by Spring
2021-10-30-13-15 [http-nio-8080-exec-1] [com.nhky.loginAndRegister.dao.LoginAndRegisterDao.getLoginUserById] [DEBUG] - ooo Using Connection [com.mysql.jdbc.JDBC4Connection@5c1f8c3b]
2021-10-30-13-15 [http-nio-8080-exec-1] [com.nhky.loginAndRegister.dao.LoginAndRegisterDao.getLoginUserById] [DEBUG] - ==>  Preparing: select id,easy_id,`password`,`indentify` from ic_main_easy_user where easy_id = ? 
2021-10-30-13-15 [http-nio-8080-exec-1] [com.nhky.loginAndRegister.dao.LoginAndRegisterDao.getLoginUserById] [DEBUG] - ==> Parameters: xjh(String)
2021-10-30-13-15 [http-nio-8080-exec-1] [org.mybatis.spring.SqlSessionUtils] [DEBUG] - Closing non transactional SqlSession [org.apache.ibatis.session.defaults.DefaultSqlSession@592aefef]
2021-10-30-13-15 [http-nio-8080-exec-1] [com.nhky.utils.LogUtil] [INFO] - -----INFO    --用户：xjh已登录    [xjh-日志-2021年15月30日 13时10分30秒]
2021-10-30-13-16 [http-nio-8080-exec-8] [com.nhky.utils.LogUtil] [INFO] - -----INFO    --登录    [xjh-日志-2021年16月30日 13时10分23秒]
2021-10-30-13-16 [http-nio-8080-exec-8] [org.mybatis.spring.SqlSessionUtils] [DEBUG] - Creating a new SqlSession
2021-10-30-13-16 [http-nio-8080-exec-8] [org.mybatis.spring.SqlSessionUtils] [DEBUG] - SqlSession [org.apache.ibatis.session.defaults.DefaultSqlSession@5d972acb] was not registered for synchronization because synchronization is not active
2021-10-30-13-16 [http-nio-8080-exec-8] [org.mybatis.spring.transaction.SpringManagedTransaction] [DEBUG] - JDBC Connection [com.mysql.jdbc.JDBC4Connection@5c1f8c3b] will not be managed by Spring
2021-10-30-13-16 [http-nio-8080-exec-8] [com.nhky.loginAndRegister.dao.LoginAndRegisterDao.hasID] [DEBUG] - ooo Using Connection [com.mysql.jdbc.JDBC4Connection@5c1f8c3b]
2021-10-30-13-16 [http-nio-8080-exec-8] [com.nhky.loginAndRegister.dao.LoginAndRegisterDao.hasID] [DEBUG] - ==>  Preparing: select count(id) from ic_main_easy_user where easy_id = ? 
2021-10-30-13-16 [http-nio-8080-exec-8] [com.nhky.loginAndRegister.dao.LoginAndRegisterDao.hasID] [DEBUG] - ==> Parameters: xjh(String)
2021-10-30-13-16 [http-nio-8080-exec-8] [org.mybatis.spring.SqlSessionUtils] [DEBUG] - Closing non transactional SqlSession [org.apache.ibatis.session.defaults.DefaultSqlSession@5d972acb]
2021-10-30-13-16 [http-nio-8080-exec-8] [org.mybatis.spring.SqlSessionUtils] [DEBUG] - Creating a new SqlSession
2021-10-30-13-16 [http-nio-8080-exec-8] [org.mybatis.spring.SqlSessionUtils] [DEBUG] - SqlSession [org.apache.ibatis.session.defaults.DefaultSqlSession@7cf45c49] was not registered for synchronization because synchronization is not active
2021-10-30-13-16 [http-nio-8080-exec-8] [org.mybatis.spring.transaction.SpringManagedTransaction] [DEBUG] - JDBC Connection [com.mysql.jdbc.JDBC4Connection@5c1f8c3b] will not be managed by Spring
2021-10-30-13-16 [http-nio-8080-exec-8] [com.nhky.loginAndRegister.dao.LoginAndRegisterDao.getLoginUserById] [DEBUG] - ooo Using Connection [com.mysql.jdbc.JDBC4Connection@5c1f8c3b]
2021-10-30-13-16 [http-nio-8080-exec-8] [com.nhky.loginAndRegister.dao.LoginAndRegisterDao.getLoginUserById] [DEBUG] - ==>  Preparing: select id,easy_id,`password`,`indentify` from ic_main_easy_user where easy_id = ? 
2021-10-30-13-16 [http-nio-8080-exec-8] [com.nhky.loginAndRegister.dao.LoginAndRegisterDao.getLoginUserById] [DEBUG] - ==> Parameters: xjh(String)
2021-10-30-13-16 [http-nio-8080-exec-8] [org.mybatis.spring.SqlSessionUtils] [DEBUG] - Closing non transactional SqlSession [org.apache.ibatis.session.defaults.DefaultSqlSession@7cf45c49]
2021-10-30-13-16 [http-nio-8080-exec-8] [com.nhky.utils.LogUtil] [INFO] - -----INFO    --用户：xjh已登录    [xjh-日志-2021年16月30日 13时10分23秒]
2021-10-30-13-17 [http-nio-8080-exec-3] [com.nhky.utils.LogUtil] [INFO] - -----INFO    --登录    [xjh-日志-2021年17月30日 13时10分18秒]
2021-10-30-13-17 [http-nio-8080-exec-3] [org.mybatis.spring.SqlSessionUtils] [DEBUG] - Creating a new SqlSession
2021-10-30-13-17 [http-nio-8080-exec-3] [org.mybatis.spring.SqlSessionUtils] [DEBUG] - SqlSession [org.apache.ibatis.session.defaults.DefaultSqlSession@730c216a] was not registered for synchronization because synchronization is not active
2021-10-30-13-17 [http-nio-8080-exec-3] [org.mybatis.spring.transaction.SpringManagedTransaction] [DEBUG] - JDBC Connection [com.mysql.jdbc.JDBC4Connection@5c1f8c3b] will not be managed by Spring
2021-10-30-13-17 [http-nio-8080-exec-3] [com.nhky.loginAndRegister.dao.LoginAndRegisterDao.hasID] [DEBUG] - ooo Using Connection [com.mysql.jdbc.JDBC4Connection@5c1f8c3b]
2021-10-30-13-17 [http-nio-8080-exec-3] [com.nhky.loginAndRegister.dao.LoginAndRegisterDao.hasID] [DEBUG] - ==>  Preparing: select count(id) from ic_main_easy_user where easy_id = ? 
2021-10-30-13-17 [http-nio-8080-exec-3] [com.nhky.loginAndRegister.dao.LoginAndRegisterDao.hasID] [DEBUG] - ==> Parameters: xjh(String)
2021-10-30-13-17 [http-nio-8080-exec-3] [org.mybatis.spring.SqlSessionUtils] [DEBUG] - Closing non transactional SqlSession [org.apache.ibatis.session.defaults.DefaultSqlSession@730c216a]
2021-10-30-13-17 [http-nio-8080-exec-3] [org.mybatis.spring.SqlSessionUtils] [DEBUG] - Creating a new SqlSession
2021-10-30-13-17 [http-nio-8080-exec-3] [org.mybatis.spring.SqlSessionUtils] [DEBUG] - SqlSession [org.apache.ibatis.session.defaults.DefaultSqlSession@7c5e1e06] was not registered for synchronization because synchronization is not active
2021-10-30-13-17 [http-nio-8080-exec-3] [org.mybatis.spring.transaction.SpringManagedTransaction] [DEBUG] - JDBC Connection [com.mysql.jdbc.JDBC4Connection@5c1f8c3b] will not be managed by Spring
2021-10-30-13-17 [http-nio-8080-exec-3] [com.nhky.loginAndRegister.dao.LoginAndRegisterDao.getLoginUserById] [DEBUG] - ooo Using Connection [com.mysql.jdbc.JDBC4Connection@5c1f8c3b]
2021-10-30-13-17 [http-nio-8080-exec-3] [com.nhky.loginAndRegister.dao.LoginAndRegisterDao.getLoginUserById] [DEBUG] - ==>  Preparing: select id,easy_id,`password`,`indentify` from ic_main_easy_user where easy_id = ? 
2021-10-30-13-17 [http-nio-8080-exec-3] [com.nhky.loginAndRegister.dao.LoginAndRegisterDao.getLoginUserById] [DEBUG] - ==> Parameters: xjh(String)
2021-10-30-13-17 [http-nio-8080-exec-3] [org.mybatis.spring.SqlSessionUtils] [DEBUG] - Closing non transactional SqlSession [org.apache.ibatis.session.defaults.DefaultSqlSession@7c5e1e06]
2021-10-30-13-17 [http-nio-8080-exec-3] [com.nhky.utils.LogUtil] [INFO] - -----INFO    --用户：xjh已登录    [xjh-日志-2021年17月30日 13时10分18秒]
2021-10-30-13-17 [http-nio-8080-exec-9] [com.nhky.utils.LogUtil] [INFO] - -----INFO    --登录    [xjh-日志-2021年17月30日 13时10分39秒]
2021-10-30-13-17 [http-nio-8080-exec-9] [org.mybatis.spring.SqlSessionUtils] [DEBUG] - Creating a new SqlSession
2021-10-30-13-17 [http-nio-8080-exec-9] [org.mybatis.spring.SqlSessionUtils] [DEBUG] - SqlSession [org.apache.ibatis.session.defaults.DefaultSqlSession@794865f4] was not registered for synchronization because synchronization is not active
2021-10-30-13-17 [http-nio-8080-exec-9] [org.mybatis.spring.transaction.SpringManagedTransaction] [DEBUG] - JDBC Connection [com.mysql.jdbc.JDBC4Connection@5c1f8c3b] will not be managed by Spring
2021-10-30-13-17 [http-nio-8080-exec-9] [com.nhky.loginAndRegister.dao.LoginAndRegisterDao.hasID] [DEBUG] - ooo Using Connection [com.mysql.jdbc.JDBC4Connection@5c1f8c3b]
2021-10-30-13-17 [http-nio-8080-exec-9] [com.nhky.loginAndRegister.dao.LoginAndRegisterDao.hasID] [DEBUG] - ==>  Preparing: select count(id) from ic_main_easy_user where easy_id = ? 
2021-10-30-13-17 [http-nio-8080-exec-9] [com.nhky.loginAndRegister.dao.LoginAndRegisterDao.hasID] [DEBUG] - ==> Parameters: xjh(String)
2021-10-30-13-17 [http-nio-8080-exec-9] [org.mybatis.spring.SqlSessionUtils] [DEBUG] - Closing non transactional SqlSession [org.apache.ibatis.session.defaults.DefaultSqlSession@794865f4]
2021-10-30-13-17 [http-nio-8080-exec-9] [org.mybatis.spring.SqlSessionUtils] [DEBUG] - Creating a new SqlSession
2021-10-30-13-17 [http-nio-8080-exec-9] [org.mybatis.spring.SqlSessionUtils] [DEBUG] - SqlSession [org.apache.ibatis.session.defaults.DefaultSqlSession@66342c81] was not registered for synchronization because synchronization is not active
2021-10-30-13-17 [http-nio-8080-exec-9] [org.mybatis.spring.transaction.SpringManagedTransaction] [DEBUG] - JDBC Connection [com.mysql.jdbc.JDBC4Connection@5c1f8c3b] will not be managed by Spring
2021-10-30-13-17 [http-nio-8080-exec-9] [com.nhky.loginAndRegister.dao.LoginAndRegisterDao.getLoginUserById] [DEBUG] - ooo Using Connection [com.mysql.jdbc.JDBC4Connection@5c1f8c3b]
2021-10-30-13-17 [http-nio-8080-exec-9] [com.nhky.loginAndRegister.dao.LoginAndRegisterDao.getLoginUserById] [DEBUG] - ==>  Preparing: select id,easy_id,`password`,`indentify` from ic_main_easy_user where easy_id = ? 
2021-10-30-13-17 [http-nio-8080-exec-9] [com.nhky.loginAndRegister.dao.LoginAndRegisterDao.getLoginUserById] [DEBUG] - ==> Parameters: xjh(String)
2021-10-30-13-17 [http-nio-8080-exec-9] [org.mybatis.spring.SqlSessionUtils] [DEBUG] - Closing non transactional SqlSession [org.apache.ibatis.session.defaults.DefaultSqlSession@66342c81]
2021-10-30-13-17 [http-nio-8080-exec-9] [com.nhky.utils.LogUtil] [INFO] - -----INFO    --用户：xjh已登录    [xjh-日志-2021年17月30日 13时10分39秒]
2021-10-30-13-17 [http-nio-8080-exec-5] [com.nhky.utils.LogUtil] [INFO] - -----INFO    --登录    [xjh-日志-2021年17月30日 13时10分57秒]
2021-10-30-13-17 [http-nio-8080-exec-5] [org.mybatis.spring.SqlSessionUtils] [DEBUG] - Creating a new SqlSession
2021-10-30-13-17 [http-nio-8080-exec-5] [org.mybatis.spring.SqlSessionUtils] [DEBUG] - SqlSession [org.apache.ibatis.session.defaults.DefaultSqlSession@66488a1e] was not registered for synchronization because synchronization is not active
2021-10-30-13-17 [http-nio-8080-exec-5] [org.mybatis.spring.transaction.SpringManagedTransaction] [DEBUG] - JDBC Connection [com.mysql.jdbc.JDBC4Connection@5c1f8c3b] will not be managed by Spring
2021-10-30-13-17 [http-nio-8080-exec-5] [com.nhky.loginAndRegister.dao.LoginAndRegisterDao.hasID] [DEBUG] - ooo Using Connection [com.mysql.jdbc.JDBC4Connection@5c1f8c3b]
2021-10-30-13-17 [http-nio-8080-exec-5] [com.nhky.loginAndRegister.dao.LoginAndRegisterDao.hasID] [DEBUG] - ==>  Preparing: select count(id) from ic_main_easy_user where easy_id = ? 
2021-10-30-13-17 [http-nio-8080-exec-5] [com.nhky.loginAndRegister.dao.LoginAndRegisterDao.hasID] [DEBUG] - ==> Parameters: xjh(String)
2021-10-30-13-17 [http-nio-8080-exec-5] [org.mybatis.spring.SqlSessionUtils] [DEBUG] - Closing non transactional SqlSession [org.apache.ibatis.session.defaults.DefaultSqlSession@66488a1e]
2021-10-30-13-17 [http-nio-8080-exec-5] [org.mybatis.spring.SqlSessionUtils] [DEBUG] - Creating a new SqlSession
2021-10-30-13-17 [http-nio-8080-exec-5] [org.mybatis.spring.SqlSessionUtils] [DEBUG] - SqlSession [org.apache.ibatis.session.defaults.DefaultSqlSession@2b5c4051] was not registered for synchronization because synchronization is not active
2021-10-30-13-17 [http-nio-8080-exec-5] [org.mybatis.spring.transaction.SpringManagedTransaction] [DEBUG] - JDBC Connection [com.mysql.jdbc.JDBC4Connection@5c1f8c3b] will not be managed by Spring
2021-10-30-13-17 [http-nio-8080-exec-5] [com.nhky.loginAndRegister.dao.LoginAndRegisterDao.getLoginUserById] [DEBUG] - ooo Using Connection [com.mysql.jdbc.JDBC4Connection@5c1f8c3b]
2021-10-30-13-17 [http-nio-8080-exec-5] [com.nhky.loginAndRegister.dao.LoginAndRegisterDao.getLoginUserById] [DEBUG] - ==>  Preparing: select id,easy_id,`password`,`indentify` from ic_main_easy_user where easy_id = ? 
2021-10-30-13-17 [http-nio-8080-exec-5] [com.nhky.loginAndRegister.dao.LoginAndRegisterDao.getLoginUserById] [DEBUG] - ==> Parameters: xjh(String)
2021-10-30-13-17 [http-nio-8080-exec-5] [org.mybatis.spring.SqlSessionUtils] [DEBUG] - Closing non transactional SqlSession [org.apache.ibatis.session.defaults.DefaultSqlSession@2b5c4051]
2021-10-30-13-17 [http-nio-8080-exec-5] [com.nhky.utils.LogUtil] [INFO] - -----INFO    --用户：xjh已登录    [xjh-日志-2021年17月30日 13时10分57秒]
2021-10-30-13-18 [http-nio-8080-exec-7] [com.nhky.utils.LogUtil] [INFO] - -----INFO    --登录    [xjh-日志-2021年18月30日 13时10分12秒]
2021-10-30-13-18 [http-nio-8080-exec-7] [org.mybatis.spring.SqlSessionUtils] [DEBUG] - Creating a new SqlSession
2021-10-30-13-18 [http-nio-8080-exec-7] [org.mybatis.spring.SqlSessionUtils] [DEBUG] - SqlSession [org.apache.ibatis.session.defaults.DefaultSqlSession@36859f46] was not registered for synchronization because synchronization is not active
2021-10-30-13-18 [http-nio-8080-exec-7] [org.mybatis.spring.transaction.SpringManagedTransaction] [DEBUG] - JDBC Connection [com.mysql.jdbc.JDBC4Connection@5c1f8c3b] will not be managed by Spring
2021-10-30-13-18 [http-nio-8080-exec-7] [com.nhky.loginAndRegister.dao.LoginAndRegisterDao.hasID] [DEBUG] - ooo Using Connection [com.mysql.jdbc.JDBC4Connection@5c1f8c3b]
2021-10-30-13-18 [http-nio-8080-exec-7] [com.nhky.loginAndRegister.dao.LoginAndRegisterDao.hasID] [DEBUG] - ==>  Preparing: select count(id) from ic_main_easy_user where easy_id = ? 
2021-10-30-13-18 [http-nio-8080-exec-7] [com.nhky.loginAndRegister.dao.LoginAndRegisterDao.hasID] [DEBUG] - ==> Parameters: xjh(String)
2021-10-30-13-18 [http-nio-8080-exec-7] [org.mybatis.spring.SqlSessionUtils] [DEBUG] - Closing non transactional SqlSession [org.apache.ibatis.session.defaults.DefaultSqlSession@36859f46]
2021-10-30-13-18 [http-nio-8080-exec-7] [org.mybatis.spring.SqlSessionUtils] [DEBUG] - Creating a new SqlSession
2021-10-30-13-18 [http-nio-8080-exec-7] [org.mybatis.spring.SqlSessionUtils] [DEBUG] - SqlSession [org.apache.ibatis.session.defaults.DefaultSqlSession@73c141e3] was not registered for synchronization because synchronization is not active
2021-10-30-13-18 [http-nio-8080-exec-7] [org.mybatis.spring.transaction.SpringManagedTransaction] [DEBUG] - JDBC Connection [com.mysql.jdbc.JDBC4Connection@5c1f8c3b] will not be managed by Spring
2021-10-30-13-18 [http-nio-8080-exec-7] [com.nhky.loginAndRegister.dao.LoginAndRegisterDao.getLoginUserById] [DEBUG] - ooo Using Connection [com.mysql.jdbc.JDBC4Connection@5c1f8c3b]
2021-10-30-13-18 [http-nio-8080-exec-7] [com.nhky.loginAndRegister.dao.LoginAndRegisterDao.getLoginUserById] [DEBUG] - ==>  Preparing: select id,easy_id,`password`,`indentify` from ic_main_easy_user where easy_id = ? 
2021-10-30-13-18 [http-nio-8080-exec-7] [com.nhky.loginAndRegister.dao.LoginAndRegisterDao.getLoginUserById] [DEBUG] - ==> Parameters: xjh(String)
2021-10-30-13-18 [http-nio-8080-exec-7] [org.mybatis.spring.SqlSessionUtils] [DEBUG] - Closing non transactional SqlSession [org.apache.ibatis.session.defaults.DefaultSqlSession@73c141e3]
2021-10-30-13-18 [http-nio-8080-exec-7] [com.nhky.utils.LogUtil] [INFO] - -----INFO    --用户：xjh已登录    [xjh-日志-2021年18月30日 13时10分12秒]
2021-10-30-13-20 [http-nio-8080-exec-3] [com.nhky.utils.LogUtil] [INFO] - -----INFO    --登录    [xjh-日志-2021年20月30日 13时10分01秒]
2021-10-30-13-20 [http-nio-8080-exec-3] [org.mybatis.spring.SqlSessionUtils] [DEBUG] - Creating a new SqlSession
2021-10-30-13-20 [http-nio-8080-exec-3] [org.mybatis.spring.SqlSessionUtils] [DEBUG] - SqlSession [org.apache.ibatis.session.defaults.DefaultSqlSession@27157b06] was not registered for synchronization because synchronization is not active
2021-10-30-13-20 [http-nio-8080-exec-3] [org.mybatis.spring.transaction.SpringManagedTransaction] [DEBUG] - JDBC Connection [com.mysql.jdbc.JDBC4Connection@5c1f8c3b] will not be managed by Spring
2021-10-30-13-20 [http-nio-8080-exec-3] [com.nhky.loginAndRegister.dao.LoginAndRegisterDao.hasID] [DEBUG] - ooo Using Connection [com.mysql.jdbc.JDBC4Connection@5c1f8c3b]
2021-10-30-13-20 [http-nio-8080-exec-3] [com.nhky.loginAndRegister.dao.LoginAndRegisterDao.hasID] [DEBUG] - ==>  Preparing: select count(id) from ic_main_easy_user where easy_id = ? 
2021-10-30-13-20 [http-nio-8080-exec-3] [com.nhky.loginAndRegister.dao.LoginAndRegisterDao.hasID] [DEBUG] - ==> Parameters: xjh(String)
2021-10-30-13-20 [http-nio-8080-exec-3] [org.mybatis.spring.SqlSessionUtils] [DEBUG] - Closing non transactional SqlSession [org.apache.ibatis.session.defaults.DefaultSqlSession@27157b06]
2021-10-30-13-20 [http-nio-8080-exec-3] [org.mybatis.spring.SqlSessionUtils] [DEBUG] - Creating a new SqlSession
2021-10-30-13-20 [http-nio-8080-exec-3] [org.mybatis.spring.SqlSessionUtils] [DEBUG] - SqlSession [org.apache.ibatis.session.defaults.DefaultSqlSession@d1647e5] was not registered for synchronization because synchronization is not active
2021-10-30-13-20 [http-nio-8080-exec-3] [org.mybatis.spring.transaction.SpringManagedTransaction] [DEBUG] - JDBC Connection [com.mysql.jdbc.JDBC4Connection@5c1f8c3b] will not be managed by Spring
2021-10-30-13-20 [http-nio-8080-exec-3] [com.nhky.loginAndRegister.dao.LoginAndRegisterDao.getLoginUserById] [DEBUG] - ooo Using Connection [com.mysql.jdbc.JDBC4Connection@5c1f8c3b]
2021-10-30-13-20 [http-nio-8080-exec-3] [com.nhky.loginAndRegister.dao.LoginAndRegisterDao.getLoginUserById] [DEBUG] - ==>  Preparing: select id,easy_id,`password`,`indentify` from ic_main_easy_user where easy_id = ? 
2021-10-30-13-20 [http-nio-8080-exec-3] [com.nhky.loginAndRegister.dao.LoginAndRegisterDao.getLoginUserById] [DEBUG] - ==> Parameters: xjh(String)
2021-10-30-13-20 [http-nio-8080-exec-3] [org.mybatis.spring.SqlSessionUtils] [DEBUG] - Closing non transactional SqlSession [org.apache.ibatis.session.defaults.DefaultSqlSession@d1647e5]
2021-10-30-13-20 [http-nio-8080-exec-3] [com.nhky.utils.LogUtil] [INFO] - -----INFO    --用户：xjh已登录    [xjh-日志-2021年20月30日 13时10分01秒]
2021-10-30-13-22 [http-nio-8080-exec-2] [com.nhky.utils.LogUtil] [INFO] - -----INFO    --登录    [xjh-日志-2021年22月30日 13时10分24秒]
2021-10-30-13-22 [http-nio-8080-exec-2] [org.mybatis.spring.SqlSessionUtils] [DEBUG] - Creating a new SqlSession
2021-10-30-13-22 [http-nio-8080-exec-2] [org.mybatis.spring.SqlSessionUtils] [DEBUG] - SqlSession [org.apache.ibatis.session.defaults.DefaultSqlSession@28389233] was not registered for synchronization because synchronization is not active
2021-10-30-13-22 [http-nio-8080-exec-2] [org.mybatis.spring.transaction.SpringManagedTransaction] [DEBUG] - JDBC Connection [com.mysql.jdbc.JDBC4Connection@5c1f8c3b] will not be managed by Spring
2021-10-30-13-22 [http-nio-8080-exec-2] [com.nhky.loginAndRegister.dao.LoginAndRegisterDao.hasID] [DEBUG] - ooo Using Connection [com.mysql.jdbc.JDBC4Connection@5c1f8c3b]
2021-10-30-13-22 [http-nio-8080-exec-2] [com.nhky.loginAndRegister.dao.LoginAndRegisterDao.hasID] [DEBUG] - ==>  Preparing: select count(id) from ic_main_easy_user where easy_id = ? 
2021-10-30-13-22 [http-nio-8080-exec-2] [com.nhky.loginAndRegister.dao.LoginAndRegisterDao.hasID] [DEBUG] - ==> Parameters: xjh(String)
2021-10-30-13-22 [http-nio-8080-exec-2] [org.mybatis.spring.SqlSessionUtils] [DEBUG] - Closing non transactional SqlSession [org.apache.ibatis.session.defaults.DefaultSqlSession@28389233]
2021-10-30-13-22 [http-nio-8080-exec-2] [org.mybatis.spring.SqlSessionUtils] [DEBUG] - Creating a new SqlSession
2021-10-30-13-22 [http-nio-8080-exec-2] [org.mybatis.spring.SqlSessionUtils] [DEBUG] - SqlSession [org.apache.ibatis.session.defaults.DefaultSqlSession@679e1583] was not registered for synchronization because synchronization is not active
2021-10-30-13-22 [http-nio-8080-exec-2] [org.mybatis.spring.transaction.SpringManagedTransaction] [DEBUG] - JDBC Connection [com.mysql.jdbc.JDBC4Connection@5c1f8c3b] will not be managed by Spring
2021-10-30-13-22 [http-nio-8080-exec-2] [com.nhky.loginAndRegister.dao.LoginAndRegisterDao.getLoginUserById] [DEBUG] - ooo Using Connection [com.mysql.jdbc.JDBC4Connection@5c1f8c3b]
2021-10-30-13-22 [http-nio-8080-exec-2] [com.nhky.loginAndRegister.dao.LoginAndRegisterDao.getLoginUserById] [DEBUG] - ==>  Preparing: select id,easy_id,`password`,`indentify` from ic_main_easy_user where easy_id = ? 
2021-10-30-13-22 [http-nio-8080-exec-2] [com.nhky.loginAndRegister.dao.LoginAndRegisterDao.getLoginUserById] [DEBUG] - ==> Parameters: xjh(String)
2021-10-30-13-22 [http-nio-8080-exec-2] [org.mybatis.spring.SqlSessionUtils] [DEBUG] - Closing non transactional SqlSession [org.apache.ibatis.session.defaults.DefaultSqlSession@679e1583]
2021-10-30-13-22 [http-nio-8080-exec-2] [com.nhky.utils.LogUtil] [INFO] - -----INFO    --用户：xjh已登录    [xjh-日志-2021年22月30日 13时10分24秒]
2021-10-30-13-24 [http-nio-8080-exec-4] [com.nhky.utils.LogUtil] [INFO] - -----INFO    --登录    [xjh-日志-2021年24月30日 13时10分16秒]
2021-10-30-13-24 [http-nio-8080-exec-4] [org.mybatis.spring.SqlSessionUtils] [DEBUG] - Creating a new SqlSession
2021-10-30-13-24 [http-nio-8080-exec-4] [org.mybatis.spring.SqlSessionUtils] [DEBUG] - SqlSession [org.apache.ibatis.session.defaults.DefaultSqlSession@5b04e486] was not registered for synchronization because synchronization is not active
2021-10-30-13-24 [http-nio-8080-exec-4] [org.mybatis.spring.transaction.SpringManagedTransaction] [DEBUG] - JDBC Connection [com.mysql.jdbc.JDBC4Connection@5c1f8c3b] will not be managed by Spring
2021-10-30-13-24 [http-nio-8080-exec-4] [com.nhky.loginAndRegister.dao.LoginAndRegisterDao.hasID] [DEBUG] - ooo Using Connection [com.mysql.jdbc.JDBC4Connection@5c1f8c3b]
2021-10-30-13-24 [http-nio-8080-exec-4] [com.nhky.loginAndRegister.dao.LoginAndRegisterDao.hasID] [DEBUG] - ==>  Preparing: select count(id) from ic_main_easy_user where easy_id = ? 
2021-10-30-13-24 [http-nio-8080-exec-4] [com.nhky.loginAndRegister.dao.LoginAndRegisterDao.hasID] [DEBUG] - ==> Parameters: xjh(String)
2021-10-30-13-24 [http-nio-8080-exec-4] [org.mybatis.spring.SqlSessionUtils] [DEBUG] - Closing non transactional SqlSession [org.apache.ibatis.session.defaults.DefaultSqlSession@5b04e486]
2021-10-30-13-24 [http-nio-8080-exec-4] [org.mybatis.spring.SqlSessionUtils] [DEBUG] - Creating a new SqlSession
2021-10-30-13-24 [http-nio-8080-exec-4] [org.mybatis.spring.SqlSessionUtils] [DEBUG] - SqlSession [org.apache.ibatis.session.defaults.DefaultSqlSession@6ca899f9] was not registered for synchronization because synchronization is not active
2021-10-30-13-24 [http-nio-8080-exec-4] [org.mybatis.spring.transaction.SpringManagedTransaction] [DEBUG] - JDBC Connection [com.mysql.jdbc.JDBC4Connection@5c1f8c3b] will not be managed by Spring
2021-10-30-13-24 [http-nio-8080-exec-4] [com.nhky.loginAndRegister.dao.LoginAndRegisterDao.getLoginUserById] [DEBUG] - ooo Using Connection [com.mysql.jdbc.JDBC4Connection@5c1f8c3b]
2021-10-30-13-24 [http-nio-8080-exec-4] [com.nhky.loginAndRegister.dao.LoginAndRegisterDao.getLoginUserById] [DEBUG] - ==>  Preparing: select id,easy_id,`password`,`indentify` from ic_main_easy_user where easy_id = ? 
2021-10-30-13-24 [http-nio-8080-exec-4] [com.nhky.loginAndRegister.dao.LoginAndRegisterDao.getLoginUserById] [DEBUG] - ==> Parameters: xjh(String)
2021-10-30-13-24 [http-nio-8080-exec-4] [org.mybatis.spring.SqlSessionUtils] [DEBUG] - Closing non transactional SqlSession [org.apache.ibatis.session.defaults.DefaultSqlSession@6ca899f9]
2021-10-30-13-24 [http-nio-8080-exec-4] [com.nhky.utils.LogUtil] [INFO] - -----INFO    --用户：xjh已登录    [xjh-日志-2021年24月30日 13时10分16秒]
2021-10-30-13-25 [http-nio-8080-exec-7] [com.nhky.utils.LogUtil] [INFO] - -----INFO    --登录    [xjh-日志-2021年25月30日 13时10分34秒]
2021-10-30-13-25 [http-nio-8080-exec-7] [org.mybatis.spring.SqlSessionUtils] [DEBUG] - Creating a new SqlSession
2021-10-30-13-25 [http-nio-8080-exec-7] [org.mybatis.spring.SqlSessionUtils] [DEBUG] - SqlSession [org.apache.ibatis.session.defaults.DefaultSqlSession@d22e7a7] was not registered for synchronization because synchronization is not active
2021-10-30-13-25 [http-nio-8080-exec-7] [org.mybatis.spring.transaction.SpringManagedTransaction] [DEBUG] - JDBC Connection [com.mysql.jdbc.JDBC4Connection@5c1f8c3b] will not be managed by Spring
2021-10-30-13-25 [http-nio-8080-exec-7] [com.nhky.loginAndRegister.dao.LoginAndRegisterDao.hasID] [DEBUG] - ooo Using Connection [com.mysql.jdbc.JDBC4Connection@5c1f8c3b]
2021-10-30-13-25 [http-nio-8080-exec-7] [com.nhky.loginAndRegister.dao.LoginAndRegisterDao.hasID] [DEBUG] - ==>  Preparing: select count(id) from ic_main_easy_user where easy_id = ? 
2021-10-30-13-25 [http-nio-8080-exec-7] [com.nhky.loginAndRegister.dao.LoginAndRegisterDao.hasID] [DEBUG] - ==> Parameters: xjh(String)
2021-10-30-13-25 [http-nio-8080-exec-7] [org.mybatis.spring.SqlSessionUtils] [DEBUG] - Closing non transactional SqlSession [org.apache.ibatis.session.defaults.DefaultSqlSession@d22e7a7]
2021-10-30-13-25 [http-nio-8080-exec-7] [org.mybatis.spring.SqlSessionUtils] [DEBUG] - Creating a new SqlSession
2021-10-30-13-25 [http-nio-8080-exec-7] [org.mybatis.spring.SqlSessionUtils] [DEBUG] - SqlSession [org.apache.ibatis.session.defaults.DefaultSqlSession@660002db] was not registered for synchronization because synchronization is not active
2021-10-30-13-25 [http-nio-8080-exec-7] [org.mybatis.spring.transaction.SpringManagedTransaction] [DEBUG] - JDBC Connection [com.mysql.jdbc.JDBC4Connection@5c1f8c3b] will not be managed by Spring
2021-10-30-13-25 [http-nio-8080-exec-7] [com.nhky.loginAndRegister.dao.LoginAndRegisterDao.getLoginUserById] [DEBUG] - ooo Using Connection [com.mysql.jdbc.JDBC4Connection@5c1f8c3b]
2021-10-30-13-25 [http-nio-8080-exec-7] [com.nhky.loginAndRegister.dao.LoginAndRegisterDao.getLoginUserById] [DEBUG] - ==>  Preparing: select id,easy_id,`password`,`indentify` from ic_main_easy_user where easy_id = ? 
2021-10-30-13-25 [http-nio-8080-exec-7] [com.nhky.loginAndRegister.dao.LoginAndRegisterDao.getLoginUserById] [DEBUG] - ==> Parameters: xjh(String)
2021-10-30-13-25 [http-nio-8080-exec-7] [org.mybatis.spring.SqlSessionUtils] [DEBUG] - Closing non transactional SqlSession [org.apache.ibatis.session.defaults.DefaultSqlSession@660002db]
2021-10-30-13-25 [http-nio-8080-exec-7] [com.nhky.utils.LogUtil] [INFO] - -----INFO    --用户：xjh已登录    [xjh-日志-2021年25月30日 13时10分34秒]
2021-10-30-13-26 [main] [com.alibaba.druid.pool.DruidDataSource] [INFO] - {dataSource-1} closed
2021-10-30-13-26 [RMI TCP Connection(3)-127.0.0.1] [org.mybatis.spring.mapper.ClassPathMapperScanner] [DEBUG] - Ignored because not a concrete top-level class: file [D:\myFile\javaEE\nchkkjxy\out\artifacts\nchkkjxy_war_exploded\WEB-INF\classes\com\nhky\loginAndRegister\controller\LoginAndRegister.class]
2021-10-30-13-26 [RMI TCP Connection(3)-127.0.0.1] [org.mybatis.spring.mapper.ClassPathMapperScanner] [DEBUG] - Identified candidate component class: file [D:\myFile\javaEE\nchkkjxy\out\artifacts\nchkkjxy_war_exploded\WEB-INF\classes\com\nhky\loginAndRegister\dao\LoginAndRegisterDao.class]
2021-10-30-13-26 [RMI TCP Connection(3)-127.0.0.1] [org.mybatis.spring.mapper.ClassPathMapperScanner] [DEBUG] - Identified candidate component class: file [D:\myFile\javaEE\nchkkjxy\out\artifacts\nchkkjxy_war_exploded\WEB-INF\classes\com\nhky\loginAndRegister\service\LoginAndRegisterService.class]
2021-10-30-13-26 [RMI TCP Connection(3)-127.0.0.1] [org.mybatis.spring.mapper.ClassPathMapperScanner] [DEBUG] - Ignored because not a concrete top-level class: file [D:\myFile\javaEE\nchkkjxy\out\artifacts\nchkkjxy_war_exploded\WEB-INF\classes\com\nhky\loginAndRegister\service\serviceImpl\LoginAndRegisterImpl.class]
2021-10-30-13-26 [RMI TCP Connection(3)-127.0.0.1] [org.mybatis.spring.mapper.ClassPathMapperScanner] [DEBUG] - Ignored because not a concrete top-level class: file [D:\myFile\javaEE\nchkkjxy\out\artifacts\nchkkjxy_war_exploded\WEB-INF\classes\com\nhky\pojo\EasyUser.class]
2021-10-30-13-26 [RMI TCP Connection(3)-127.0.0.1] [org.mybatis.spring.mapper.ClassPathMapperScanner] [DEBUG] - Ignored because not a concrete top-level class: file [D:\myFile\javaEE\nchkkjxy\out\artifacts\nchkkjxy_war_exploded\WEB-INF\classes\com\nhky\pojo\User.class]
2021-10-30-13-26 [RMI TCP Connection(3)-127.0.0.1] [org.mybatis.spring.mapper.ClassPathMapperScanner] [DEBUG] - Ignored because not a concrete top-level class: file [D:\myFile\javaEE\nchkkjxy\out\artifacts\nchkkjxy_war_exploded\WEB-INF\classes\com\nhky\utils\DateUtil.class]
2021-10-30-13-26 [RMI TCP Connection(3)-127.0.0.1] [org.mybatis.spring.mapper.ClassPathMapperScanner] [DEBUG] - Ignored because not a concrete top-level class: file [D:\myFile\javaEE\nchkkjxy\out\artifacts\nchkkjxy_war_exploded\WEB-INF\classes\com\nhky\utils\LogUtil.class]
2021-10-30-13-26 [RMI TCP Connection(3)-127.0.0.1] [org.mybatis.spring.mapper.ClassPathMapperScanner] [DEBUG] - Ignored because not a concrete top-level class: file [D:\myFile\javaEE\nchkkjxy\out\artifacts\nchkkjxy_war_exploded\WEB-INF\classes\com\nhky\utils\MapUtil.class]
2021-10-30-13-26 [RMI TCP Connection(3)-127.0.0.1] [org.mybatis.spring.mapper.ClassPathMapperScanner] [DEBUG] - Ignored because not a concrete top-level class: file [D:\myFile\javaEE\nchkkjxy\out\artifacts\nchkkjxy_war_exploded\WEB-INF\classes\com\nhky\utils\MD5.class]
2021-10-30-13-26 [RMI TCP Connection(3)-127.0.0.1] [org.mybatis.spring.mapper.ClassPathMapperScanner] [DEBUG] - Ignored because not a concrete top-level class: file [D:\myFile\javaEE\nchkkjxy\out\artifacts\nchkkjxy_war_exploded\WEB-INF\classes\com\nhky\utils\StringUtil.class]
2021-10-30-13-26 [RMI TCP Connection(3)-127.0.0.1] [org.mybatis.spring.mapper.ClassPathMapperScanner] [DEBUG] - Creating MapperFactoryBean with name 'loginAndRegisterDao' and 'com.nhky.loginAndRegister.dao.LoginAndRegisterDao' mapperInterface
2021-10-30-13-26 [RMI TCP Connection(3)-127.0.0.1] [org.mybatis.spring.mapper.ClassPathMapperScanner] [DEBUG] - Creating MapperFactoryBean with name 'loginAndRegisterService' and 'com.nhky.loginAndRegister.service.LoginAndRegisterService' mapperInterface
2021-10-30-13-26 [RMI TCP Connection(3)-127.0.0.1] [org.apache.ibatis.logging.LogFactory] [DEBUG] - Logging initialized using 'org.apache.ibatis.logging.slf4j.Slf4jImpl' adapter.
2021-10-30-13-26 [RMI TCP Connection(3)-127.0.0.1] [com.alibaba.druid.pool.DruidDataSource] [INFO] - {dataSource-1} inited
2021-10-30-13-26 [RMI TCP Connection(3)-127.0.0.1] [org.mybatis.spring.SqlSessionFactoryBean] [DEBUG] - Parsed configuration file: 'class path resource [mybatis.xml]'
2021-10-30-13-26 [RMI TCP Connection(3)-127.0.0.1] [org.mybatis.spring.SqlSessionFactoryBean] [DEBUG] - Property 'mapperLocations' was not specified or no matching resources found
2021-10-30-13-27 [http-nio-8080-exec-1] [com.nhky.utils.LogUtil] [INFO] - -----INFO    --获取到验证码：3DOPLY    [xjh-日志-2021年27月30日 13时10分47秒]
2021-10-30-13-27 [http-nio-8080-exec-2] [com.nhky.utils.LogUtil] [INFO] - -----INFO    --去注册    [xjh-日志-2021年27月30日 13时10分49秒]
2021-10-30-13-28 [http-nio-8080-exec-7] [com.nhky.utils.LogUtil] [INFO] - -----INFO    --获取到验证码：NJN0Y4    [xjh-日志-2021年28月30日 13时10分07秒]
2021-10-30-13-28 [http-nio-8080-exec-9] [com.nhky.utils.LogUtil] [INFO] - -----INFO    --登录    [xjh-日志-2021年28月30日 13时10分23秒]
2021-10-30-13-28 [http-nio-8080-exec-1] [com.nhky.utils.LogUtil] [INFO] - -----INFO    --获取到验证码：4Y7H46    [xjh-日志-2021年28月30日 13时10分26秒]
2021-10-30-13-28 [http-nio-8080-exec-2] [com.nhky.utils.LogUtil] [INFO] - -----INFO    --登录    [xjh-日志-2021年28月30日 13时10分40秒]
2021-10-30-13-28 [http-nio-8080-exec-2] [org.mybatis.spring.SqlSessionUtils] [DEBUG] - Creating a new SqlSession
2021-10-30-13-28 [http-nio-8080-exec-2] [org.mybatis.spring.SqlSessionUtils] [DEBUG] - SqlSession [org.apache.ibatis.session.defaults.DefaultSqlSession@22f00eb6] was not registered for synchronization because synchronization is not active
2021-10-30-13-28 [http-nio-8080-exec-2] [org.mybatis.spring.transaction.SpringManagedTransaction] [DEBUG] - JDBC Connection [com.mysql.jdbc.JDBC4Connection@6afc7b0c] will not be managed by Spring
2021-10-30-13-28 [http-nio-8080-exec-2] [com.nhky.loginAndRegister.dao.LoginAndRegisterDao.hasID] [DEBUG] - ooo Using Connection [com.mysql.jdbc.JDBC4Connection@6afc7b0c]
2021-10-30-13-28 [http-nio-8080-exec-2] [com.nhky.loginAndRegister.dao.LoginAndRegisterDao.hasID] [DEBUG] - ==>  Preparing: select count(id) from ic_main_easy_user where easy_id = ? 
2021-10-30-13-28 [http-nio-8080-exec-2] [com.nhky.loginAndRegister.dao.LoginAndRegisterDao.hasID] [DEBUG] - ==> Parameters: xjh(String)
2021-10-30-13-28 [http-nio-8080-exec-2] [org.mybatis.spring.SqlSessionUtils] [DEBUG] - Closing non transactional SqlSession [org.apache.ibatis.session.defaults.DefaultSqlSession@22f00eb6]
2021-10-30-13-28 [http-nio-8080-exec-2] [org.mybatis.spring.SqlSessionUtils] [DEBUG] - Creating a new SqlSession
2021-10-30-13-28 [http-nio-8080-exec-2] [org.mybatis.spring.SqlSessionUtils] [DEBUG] - SqlSession [org.apache.ibatis.session.defaults.DefaultSqlSession@5a1515ed] was not registered for synchronization because synchronization is not active
2021-10-30-13-28 [http-nio-8080-exec-2] [org.mybatis.spring.transaction.SpringManagedTransaction] [DEBUG] - JDBC Connection [com.mysql.jdbc.JDBC4Connection@6afc7b0c] will not be managed by Spring
2021-10-30-13-28 [http-nio-8080-exec-2] [com.nhky.loginAndRegister.dao.LoginAndRegisterDao.getLoginUserById] [DEBUG] - ooo Using Connection [com.mysql.jdbc.JDBC4Connection@6afc7b0c]
2021-10-30-13-28 [http-nio-8080-exec-2] [com.nhky.loginAndRegister.dao.LoginAndRegisterDao.getLoginUserById] [DEBUG] - ==>  Preparing: select id,easy_id,`password`,`indentify` from ic_main_easy_user where easy_id = ? 
2021-10-30-13-28 [http-nio-8080-exec-2] [com.nhky.loginAndRegister.dao.LoginAndRegisterDao.getLoginUserById] [DEBUG] - ==> Parameters: xjh(String)
2021-10-30-13-28 [http-nio-8080-exec-2] [org.mybatis.spring.SqlSessionUtils] [DEBUG] - Closing non transactional SqlSession [org.apache.ibatis.session.defaults.DefaultSqlSession@5a1515ed]
2021-10-30-13-28 [http-nio-8080-exec-2] [com.nhky.utils.LogUtil] [INFO] - -----INFO    --用户：xjh已登录    [xjh-日志-2021年28月30日 13时10分41秒]
2021-10-30-13-29 [main] [com.alibaba.druid.pool.DruidDataSource] [INFO] - {dataSource-1} closed
